Information,11/12/2024 17:54,Microsoft-Windows-Sysmon,1,Process Create (rule: ProcessCreate),"Process Create:
RuleName: -
UtcTime: 2024-11-13 01:54:42.290
ProcessGuid: {71bacef4-06e2-6734-3927-000000001400}
ProcessId: 16644
Image: C:\Program Files (x86)\Google\GoogleUpdater\131.0.6776.2\updater.exe
FileVersion: 131.0.6776.2
Description: Google Updater
Product: Google Updater
Company: Google LLC
OriginalFileName: updater.exe
CommandLine: ""C:\Program Files (x86)\Google\GoogleUpdater\131.0.6776.2\updater.exe"" --crash-handler --system ""--database=C:\Program Files (x86)\Google\GoogleUpdater\131.0.6776.2\Crashpad"" --url=https://clients2.google.com/cr/report --annotation=prod=Update4 --annotation=ver=131.0.6776.2 ""--attachment=C:\Program Files (x86)\Google\GoogleUpdater\updater.log"" --initial-client-data=0x2cc,0x2d0,0x2d4,0x2a4,0x2d8,0x816290,0x81629c,0x8162a8
CurrentDirectory: C:\Windows\system32\
User: NT AUTHORITY\SYSTEM
LogonGuid: {71bacef4-7319-6725-e703-000000000000}
LogonId: 0x3E7
TerminalSessionId: 0
IntegrityLevel: System
Hashes: SHA256=5E06808C0B4094A82440D8AE06D8CA559E86B659D27157B9176336321CF10798
ParentProcessGuid: {71bacef4-06e2-6734-3827-000000001400}
ParentProcessId: 13728
ParentImage: C:\Program Files (x86)\Google\GoogleUpdater\131.0.6776.2\updater.exe
ParentCommandLine: ""C:\Program Files (x86)\Google\GoogleUpdater\131.0.6776.2\updater.exe"" --wake --system
ParentUser: NT AUTHORITY\SYSTEM"
Information,11/12/2024 17:54,Microsoft-Windows-Sysmon,1,Process Create (rule: ProcessCreate),"Process Create:
RuleName: -
UtcTime: 2024-11-13 01:54:42.191
ProcessGuid: {71bacef4-06e2-6734-3827-000000001400}
ProcessId: 13728
Image: C:\Program Files (x86)\Google\GoogleUpdater\131.0.6776.2\updater.exe
FileVersion: 131.0.6776.2
Description: Google Updater
Product: Google Updater
Company: Google LLC
OriginalFileName: updater.exe
CommandLine: ""C:\Program Files (x86)\Google\GoogleUpdater\131.0.6776.2\updater.exe"" --wake --system
CurrentDirectory: C:\Windows\system32\
User: NT AUTHORITY\SYSTEM
LogonGuid: {71bacef4-7319-6725-e703-000000000000}
LogonId: 0x3E7
TerminalSessionId: 0
IntegrityLevel: System
Hashes: SHA256=5E06808C0B4094A82440D8AE06D8CA559E86B659D27157B9176336321CF10798
ParentProcessGuid: {71bacef4-7319-6725-3100-000000001400}
ParentProcessId: 2924
ParentImage: C:\Windows\System32\svchost.exe
ParentCommandLine: C:\Windows\system32\svchost.exe -k netsvcs -p -s Schedule
ParentUser: NT AUTHORITY\SYSTEM"
Information,11/12/2024 17:54,Microsoft-Windows-Sysmon,1,Process Create (rule: ProcessCreate),"Process Create:
RuleName: -
UtcTime: 2024-11-13 01:54:37.846
ProcessGuid: {71bacef4-06dd-6734-3727-000000001400}
ProcessId: 23540
Image: C:\Windows\System32\audiodg.exe
FileVersion: 10.0.22621.4391 (WinBuild.160101.0800)
Description: Windows Audio Device Graph Isolation 
Product: Microsoft® Windows® Operating System
Company: Microsoft Corporation
OriginalFileName: audioadg.exe
CommandLine: C:\Windows\system32\AUDIODG.EXE 0x0000000000000510 0x00000000000004F0
CurrentDirectory: C:\Windows\system32\
User: NT AUTHORITY\LOCAL SERVICE
LogonGuid: {71bacef4-7319-6725-e503-000000000000}
LogonId: 0x3E5
TerminalSessionId: 0
IntegrityLevel: System
Hashes: SHA256=37E1DF1BA98888B72E46B7A2B4C028E97278BC663B574C6F51A879A9A5080941
ParentProcessGuid: {71bacef4-731a-6725-4f00-000000001400}
ParentProcessId: 4448
ParentImage: C:\Windows\System32\svchost.exe
ParentCommandLine: C:\Windows\System32\svchost.exe -k LocalServiceNetworkRestricted -p
ParentUser: NT AUTHORITY\LOCAL SERVICE"
Information,11/12/2024 17:54,Microsoft-Windows-Sysmon,5,Process terminated (rule: ProcessTerminate),"Process terminated:
RuleName: -
UtcTime: 2024-11-13 01:54:37.578
ProcessGuid: {71bacef4-06dc-6734-3327-000000001400}
ProcessId: 4700
Image: C:\Windows\System32\backgroundTaskHost.exe
User: LAPTOP\sriva"
Information,11/12/2024 17:54,Microsoft-Windows-Sysmon,1,Process Create (rule: ProcessCreate),"Process Create:
RuleName: -
UtcTime: 2024-11-13 01:54:37.419
ProcessGuid: {71bacef4-06dd-6734-3627-000000001400}
ProcessId: 15380
Image: C:\Windows\System32\RuntimeBroker.exe
FileVersion: 10.0.22621.4391 (WinBuild.160101.0800)
Description: Runtime Broker
Product: Microsoft® Windows® Operating System
Company: Microsoft Corporation
OriginalFileName: RuntimeBroker.exe
CommandLine: C:\Windows\System32\RuntimeBroker.exe -Embedding
CurrentDirectory: C:\Windows\system32\
User: LAPTOP\sriva
LogonGuid: {71bacef4-c1b8-672f-0882-020600000000}
LogonId: 0x6028208
TerminalSessionId: 4
IntegrityLevel: Medium
Hashes: SHA256=DE2470F80F720A0C3D51E4B322EDD1511D9D730A01D8598B70C58B5DACC0E104
ParentProcessGuid: {71bacef4-7319-6725-0f00-000000001400}
ParentProcessId: 1524
ParentImage: C:\Windows\System32\svchost.exe
ParentCommandLine: C:\Windows\system32\svchost.exe -k DcomLaunch -p
ParentUser: NT AUTHORITY\SYSTEM"
Information,11/12/2024 17:54,Microsoft-Windows-Sysmon,5,Process terminated (rule: ProcessTerminate),"Process terminated:
RuleName: -
UtcTime: 2024-11-13 01:54:37.391
ProcessGuid: {71bacef4-06dd-6734-3427-000000001400}
ProcessId: 26524
Image: C:\Windows\System32\backgroundTaskHost.exe
User: LAPTOP\sriva"
Information,11/12/2024 17:54,Microsoft-Windows-Sysmon,1,Process Create (rule: ProcessCreate),"Process Create:
RuleName: -
UtcTime: 2024-11-13 01:54:37.295
ProcessGuid: {71bacef4-06dd-6734-3527-000000001400}
ProcessId: 21272
Image: C:\Windows\System32\RuntimeBroker.exe
FileVersion: 10.0.22621.4391 (WinBuild.160101.0800)
Description: Runtime Broker
Product: Microsoft® Windows® Operating System
Company: Microsoft Corporation
OriginalFileName: RuntimeBroker.exe
CommandLine: C:\Windows\System32\RuntimeBroker.exe -Embedding
CurrentDirectory: C:\Windows\system32\
User: LAPTOP\sriva
LogonGuid: {71bacef4-c1b8-672f-0882-020600000000}
LogonId: 0x6028208
TerminalSessionId: 4
IntegrityLevel: Medium
Hashes: SHA256=DE2470F80F720A0C3D51E4B322EDD1511D9D730A01D8598B70C58B5DACC0E104
ParentProcessGuid: {71bacef4-7319-6725-0f00-000000001400}
ParentProcessId: 1524
ParentImage: C:\Windows\System32\svchost.exe
ParentCommandLine: C:\Windows\system32\svchost.exe -k DcomLaunch -p
ParentUser: NT AUTHORITY\SYSTEM"
Information,11/12/2024 17:54,Microsoft-Windows-Sysmon,1,Process Create (rule: ProcessCreate),"Process Create:
RuleName: -
UtcTime: 2024-11-13 01:54:37.191
ProcessGuid: {71bacef4-06dd-6734-3427-000000001400}
ProcessId: 26524
Image: C:\Windows\System32\backgroundTaskHost.exe
FileVersion: 10.0.22621.1 (WinBuild.160101.0800)
Description: Background Task Host
Product: Microsoft® Windows® Operating System
Company: Microsoft Corporation
OriginalFileName: backgroundTaskHost.exe
CommandLine: ""C:\Windows\system32\BackgroundTaskHost.exe"" -ServerName:BackgroundTaskHost.WebAccountProvider
CurrentDirectory: C:\Windows\SystemApps\Microsoft.AAD.BrokerPlugin_cw5n1h2txyewy\
User: LAPTOP\sriva
LogonGuid: {71bacef4-c1b8-672f-0882-020600000000}
LogonId: 0x6028208
TerminalSessionId: 4
IntegrityLevel: AppContainer
Hashes: SHA256=4C8915E07BE1904A3BC02E4F8DB0A80BB932CE610D97EABB9151B4E51F449980
ParentProcessGuid: {71bacef4-7319-6725-0f00-000000001400}
ParentProcessId: 1524
ParentImage: C:\Windows\System32\svchost.exe
ParentCommandLine: C:\Windows\system32\svchost.exe -k DcomLaunch -p
ParentUser: NT AUTHORITY\SYSTEM"
Information,11/12/2024 17:54,Microsoft-Windows-Sysmon,1,Process Create (rule: ProcessCreate),"Process Create:
RuleName: -
UtcTime: 2024-11-13 01:54:36.925
ProcessGuid: {71bacef4-06dc-6734-3327-000000001400}
ProcessId: 4700
Image: C:\Windows\System32\backgroundTaskHost.exe
FileVersion: 10.0.22621.1 (WinBuild.160101.0800)
Description: Background Task Host
Product: Microsoft® Windows® Operating System
Company: Microsoft Corporation
OriginalFileName: backgroundTaskHost.exe
CommandLine: ""C:\Windows\system32\backgroundTaskHost.exe"" -ServerName:App.AppXmtcan0h2tfbfy7k9kn8hbxb6dmzz1zh0.mca
CurrentDirectory: C:\Windows\SystemApps\Microsoft.Windows.ContentDeliveryManager_cw5n1h2txyewy\
User: LAPTOP\sriva
LogonGuid: {71bacef4-c1b8-672f-0882-020600000000}
LogonId: 0x6028208
TerminalSessionId: 4
IntegrityLevel: AppContainer
Hashes: SHA256=4C8915E07BE1904A3BC02E4F8DB0A80BB932CE610D97EABB9151B4E51F449980
ParentProcessGuid: {71bacef4-7319-6725-0f00-000000001400}
ParentProcessId: 1524
ParentImage: C:\Windows\System32\svchost.exe
ParentCommandLine: C:\Windows\system32\svchost.exe -k DcomLaunch -p
ParentUser: NT AUTHORITY\SYSTEM"
Information,11/12/2024 17:54,Microsoft-Windows-Sysmon,5,Process terminated (rule: ProcessTerminate),"Process terminated:
RuleName: -
UtcTime: 2024-11-13 01:54:31.679
ProcessGuid: {71bacef4-06d7-6734-3127-000000001400}
ProcessId: 14972
Image: C:\Sysmon\Sysmon.exe
User: LAPTOP\sriva"
Information,11/12/2024 17:54,Microsoft-Windows-Sysmon,5,Process terminated (rule: ProcessTerminate),"Process terminated:
RuleName: -
UtcTime: 2024-11-13 01:54:31.673
ProcessGuid: {71bacef4-06d7-6734-3227-000000001400}
ProcessId: 1808
Image: C:\Users\sriva\AppData\Local\Temp\Sysmon.exe
User: LAPTOP\sriva"
Information,11/12/2024 17:54,Microsoft-Windows-Sysmon,1,Process Create (rule: ProcessCreate),"Process Create:
RuleName: -
UtcTime: 2024-11-13 01:54:31.572
ProcessGuid: {71bacef4-06d7-6734-3227-000000001400}
ProcessId: 1808
Image: C:\Users\sriva\AppData\Local\Temp\Sysmon.exe
FileVersion: 15.15
Description: System activity monitor
Product: Sysinternals Sysmon
Company: Sysinternals - www.sysinternals.com
OriginalFileName: -
CommandLine: sysmon.exe  -accepteula -i sysmonconfig-export.xml
CurrentDirectory: C:\Sysmon\
User: LAPTOP\sriva
LogonGuid: {71bacef4-c1b8-672f-be81-020600000000}
LogonId: 0x60281BE
TerminalSessionId: 4
IntegrityLevel: High
Hashes: SHA256=D9C8FDFDCE510FD9922DA3A1084B6AC4476C1407D1D8BBB67FC0A61988552771
ParentProcessGuid: {71bacef4-06d7-6734-3127-000000001400}
ParentProcessId: 14972
ParentImage: C:\Sysmon\Sysmon.exe
ParentCommandLine: sysmon.exe  -accepteula -i sysmonconfig-export.xml
ParentUser: LAPTOP\sriva"
Information,11/12/2024 17:54,Microsoft-Windows-Sysmon,1,Process Create (rule: ProcessCreate),"Process Create:
RuleName: -
UtcTime: 2024-11-13 01:54:31.210
ProcessGuid: {71bacef4-06d7-6734-3127-000000001400}
ProcessId: 14972
Image: C:\Sysmon\Sysmon.exe
FileVersion: 15.15
Description: System activity monitor
Product: Sysinternals Sysmon
Company: Sysinternals - www.sysinternals.com
OriginalFileName: -
CommandLine: sysmon.exe  -accepteula -i sysmonconfig-export.xml
CurrentDirectory: C:\Sysmon\
User: LAPTOP\sriva
LogonGuid: {71bacef4-c1b8-672f-be81-020600000000}
LogonId: 0x60281BE
TerminalSessionId: 4
IntegrityLevel: High
Hashes: SHA256=16E4ED3EA1D4C67213799905D61A2722CF08A0B74A885E58B743B91D3CDDFC87
ParentProcessGuid: {71bacef4-0e70-6733-7726-000000001400}
ParentProcessId: 27640
ParentImage: C:\Windows\System32\cmd.exe
ParentCommandLine: ""C:\Windows\system32\cmd.exe"" 
ParentUser: LAPTOP\sriva"
Information,11/12/2024 17:54,Microsoft-Windows-Sysmon,1,Process Create (rule: ProcessCreate),"Process Create:
RuleName: -
UtcTime: 2024-11-13 01:54:27.592
ProcessGuid: {71bacef4-06d3-6734-3027-000000001400}
ProcessId: 26756
Image: C:\Windows\System32\SearchProtocolHost.exe
FileVersion: 7.0.22621.4391 (WinBuild.160101.0800)
Description: Microsoft Windows Search Protocol Host
Product: Windows® Search
Company: Microsoft Corporation
OriginalFileName: SearchProtocolHost.exe
CommandLine: ""C:\Windows\System32\SearchProtocolHost.exe"" Global\UsGthrFltPipeMssGthrPipe_S-1-5-21-3388967182-3398865995-3079285575-100181_ Global\UsGthrCtrlFltPipeMssGthrPipe_S-1-5-21-3388967182-3398865995-3079285575-100181 1 -2147483646 ""Software\Microsoft\Windows Search"" ""Mozilla/4.0 (compatible; MSIE 6.0; Windows NT; MS Search 4.0 Robot)"" ""C:\ProgramData\Microsoft\Search\Data\Temp\usgthrsvc"" ""DownLevelDaemon""  ""1""
CurrentDirectory: C:\Windows\system32\
User: LAPTOP\sriva
LogonGuid: {71bacef4-c1b8-672f-0882-020600000000}
LogonId: 0x6028208
TerminalSessionId: 4
IntegrityLevel: Medium
Hashes: SHA256=E7729F6FC587E90EBDE353D6245AD72F92BC063B3833D1693BD034B2FFA59625
ParentProcessGuid: {71bacef4-7326-6725-8b01-000000001400}
ParentProcessId: 14076
ParentImage: C:\Windows\System32\SearchIndexer.exe
ParentCommandLine: C:\Windows\system32\SearchIndexer.exe /Embedding
ParentUser: NT AUTHORITY\SYSTEM"
Information,11/12/2024 17:54,Microsoft-Windows-Sysmon,5,Process terminated (rule: ProcessTerminate),"Process terminated:
RuleName: -
UtcTime: 2024-11-13 01:54:19.641
ProcessGuid: {71bacef4-65f2-6733-f826-000000001400}
ProcessId: 21668
Image: C:\Windows\System32\svchost.exe
User: NT AUTHORITY\SYSTEM"
Information,11/12/2024 17:54,Microsoft-Windows-Sysmon,5,Process terminated (rule: ProcessTerminate),"Process terminated:
RuleName: -
UtcTime: 2024-11-13 01:54:11.817
ProcessGuid: {71bacef4-65e0-6733-f526-000000001400}
ProcessId: 10800
Image: C:\Windows\System32\wbem\WmiPrvSE.exe
User: NT AUTHORITY\LOCAL SERVICE"
Information,11/12/2024 17:54,Microsoft-Windows-Sysmon,5,Process terminated (rule: ProcessTerminate),"Process terminated:
RuleName: -
UtcTime: 2024-11-13 01:54:09.233
ProcessGuid: {71bacef4-06b7-6734-2c27-000000001400}
ProcessId: 20312
Image: C:\Program Files (x86)\Microsoft\Edge\Application\msedge.exe
User: LAPTOP\sriva"
Information,11/12/2024 17:54,Microsoft-Windows-Sysmon,5,Process terminated (rule: ProcessTerminate),"Process terminated:
RuleName: -
UtcTime: 2024-11-13 01:54:06.108
ProcessGuid: {71bacef4-06a3-6734-2027-000000001400}
ProcessId: 18048
Image: C:\Program Files (x86)\Microsoft\EdgeUpdate\MicrosoftEdgeUpdate.exe
User: NT AUTHORITY\SYSTEM"
Information,11/12/2024 17:54,Microsoft-Windows-Sysmon,5,Process terminated (rule: ProcessTerminate),"Process terminated:
RuleName: -
UtcTime: 2024-11-13 01:54:06.092
ProcessGuid: {71bacef4-06b1-6734-2527-000000001400}
ProcessId: 21684
Image: C:\Program Files (x86)\Microsoft\EdgeUpdate\MicrosoftEdgeUpdate.exe
User: NT AUTHORITY\SYSTEM"
Information,11/12/2024 17:54,Microsoft-Windows-Sysmon,5,Process terminated (rule: ProcessTerminate),"Process terminated:
RuleName: -
UtcTime: 2024-11-13 01:54:04.838
ProcessGuid: {71bacef4-06b6-6734-2a27-000000001400}
ProcessId: 16556
Image: C:\Windows\System32\dllhost.exe
User: LAPTOP\sriva"
Information,11/12/2024 17:54,Microsoft-Windows-Sysmon,5,Process terminated (rule: ProcessTerminate),"Process terminated:
RuleName: -
UtcTime: 2024-11-13 01:54:04.242
ProcessGuid: {71bacef4-0680-6734-1627-000000001400}
ProcessId: 26812
Image: C:\Windows\System32\svchost.exe
User: NT AUTHORITY\SYSTEM"
Information,11/12/2024 17:53,Microsoft-Windows-Sysmon,1,Process Create (rule: ProcessCreate),"Process Create:
RuleName: -
UtcTime: 2024-11-13 01:53:59.300
ProcessGuid: {71bacef4-06b7-6734-2f27-000000001400}
ProcessId: 27040
Image: C:\Program Files\WindowsApps\Microsoft.YourPhone_1.24101.61.0_x64__8wekyb3d8bbwe\PhoneExperienceHost.exe
FileVersion: 1.24101.61.0
Description: Microsoft Phone Link
Product: Microsoft Phone Link
Company: Microsoft Corporation
OriginalFileName: PhoneExperienceHost.dll
CommandLine: ""C:\Program Files\WindowsApps\Microsoft.YourPhone_1.24101.61.0_x64__8wekyb3d8bbwe\PhoneExperienceHost.exe"" -ComServer:Background -Embedding
CurrentDirectory: C:\Windows\system32\
User: LAPTOP\sriva
LogonGuid: {71bacef4-c1b8-672f-0882-020600000000}
LogonId: 0x6028208
TerminalSessionId: 4
IntegrityLevel: Medium
Hashes: SHA256=03B6FFBD9FCECBD06C3377F0C92E2F2F5797C800A1D8C770D34F1458D0678471
ParentProcessGuid: {71bacef4-7319-6725-0f00-000000001400}
ParentProcessId: 1524
ParentImage: C:\Windows\System32\svchost.exe
ParentCommandLine: C:\Windows\system32\svchost.exe -k DcomLaunch -p
ParentUser: NT AUTHORITY\SYSTEM"
Information,11/12/2024 17:53,Microsoft-Windows-Sysmon,5,Process terminated (rule: ProcessTerminate),"Process terminated:
RuleName: -
UtcTime: 2024-11-13 01:53:59.293
ProcessGuid: {71bacef4-06b7-6734-2e27-000000001400}
ProcessId: 944
Image: C:\Windows\System32\conhost.exe
User: NT AUTHORITY\LOCAL SERVICE"
Information,11/12/2024 17:53,Microsoft-Windows-Sysmon,5,Process terminated (rule: ProcessTerminate),"Process terminated:
RuleName: -
UtcTime: 2024-11-13 01:53:59.278
ProcessGuid: {71bacef4-06b7-6734-2d27-000000001400}
ProcessId: 26400
Image: C:\Windows\System32\appidcertstorecheck.exe
User: NT AUTHORITY\LOCAL SERVICE"
Information,11/12/2024 17:53,Microsoft-Windows-Sysmon,1,Process Create (rule: ProcessCreate),"Process Create:
RuleName: -
UtcTime: 2024-11-13 01:53:59.242
ProcessGuid: {71bacef4-06b7-6734-2e27-000000001400}
ProcessId: 944
Image: C:\Windows\System32\conhost.exe
FileVersion: 10.0.22621.3672 (WinBuild.160101.0800)
Description: Console Window Host
Product: Microsoft® Windows® Operating System
Company: Microsoft Corporation
OriginalFileName: CONHOST.EXE
CommandLine: \??\C:\Windows\system32\conhost.exe 0xffffffff -ForceV1
CurrentDirectory: C:\Windows
User: NT AUTHORITY\LOCAL SERVICE
LogonGuid: {71bacef4-7319-6725-e503-000000000000}
LogonId: 0x3E5
TerminalSessionId: 0
IntegrityLevel: System
Hashes: SHA256=F801E65F937827635EB462CAF8CACBD473B9FC5CA428A9216A60C686F45802C1
ParentProcessGuid: {71bacef4-06b7-6734-2d27-000000001400}
ParentProcessId: 26400
ParentImage: C:\Windows\System32\appidcertstorecheck.exe
ParentCommandLine: ""C:\Windows\system32\appidcertstorecheck.exe""
ParentUser: NT AUTHORITY\LOCAL SERVICE"
Information,11/12/2024 17:53,Microsoft-Windows-Sysmon,1,Process Create (rule: ProcessCreate),"Process Create:
RuleName: -
UtcTime: 2024-11-13 01:53:59.225
ProcessGuid: {71bacef4-06b7-6734-2d27-000000001400}
ProcessId: 26400
Image: C:\Windows\System32\appidcertstorecheck.exe
FileVersion: 10.0.22621.4391 (WinBuild.160101.0800)
Description: AppID Certificate Store Verification Task
Product: Microsoft® Windows® Operating System
Company: Microsoft Corporation
OriginalFileName: AppIDCertstoreCheck.exe
CommandLine: ""C:\Windows\system32\appidcertstorecheck.exe""
CurrentDirectory: C:\Windows\system32\
User: NT AUTHORITY\LOCAL SERVICE
LogonGuid: {71bacef4-7319-6725-e503-000000000000}
LogonId: 0x3E5
TerminalSessionId: 0
IntegrityLevel: System
Hashes: SHA256=2947563F537DCB6705644CD40AEED58A0B64479438828EF07C6A0AC5CC38DBC3
ParentProcessGuid: {71bacef4-7319-6725-3100-000000001400}
ParentProcessId: 2924
ParentImage: C:\Windows\System32\svchost.exe
ParentCommandLine: C:\Windows\system32\svchost.exe -k netsvcs -p -s Schedule
ParentUser: NT AUTHORITY\SYSTEM"
Information,11/12/2024 17:53,Microsoft-Windows-Sysmon,1,Process Create (rule: ProcessCreate),"Process Create:
RuleName: -
UtcTime: 2024-11-13 01:53:59.103
ProcessGuid: {71bacef4-06b7-6734-2c27-000000001400}
ProcessId: 20312
Image: C:\Program Files (x86)\Microsoft\Edge\Application\msedge.exe
FileVersion: 130.0.2849.68
Description: Microsoft Edge
Product: Microsoft Edge
Company: Microsoft Corporation
OriginalFileName: msedge.exe
CommandLine: ""C:\Program Files (x86)\Microsoft\Edge\Application\msedge.exe"" --type=utility --utility-sub-type=data_decoder.mojom.DataDecoderService --lang=en-US --service-sandbox-type=service --video-capture-use-gpu-memory-buffer --string-annotations=is-enterprise-managed=no --field-trial-handle=10224,i,15025092077628641454,472859390721274277,262144 --variations-seed-version --mojo-platform-channel-handle=10200 /prefetch:14
CurrentDirectory: C:\Program Files (x86)\Microsoft\Edge\Application\130.0.2849.68\
User: LAPTOP\sriva
LogonGuid: {71bacef4-c1b8-672f-0882-020600000000}
LogonId: 0x6028208
TerminalSessionId: 4
IntegrityLevel: Low
Hashes: SHA256=B000DBCD60378DC5E39341995B080A20C3F1AD748BA47F5DC6D29F6C24B834A3
ParentProcessGuid: {71bacef4-9041-6731-0024-000000001400}
ParentProcessId: 21708
ParentImage: C:\Program Files (x86)\Microsoft\Edge\Application\msedge.exe
ParentCommandLine: ""C:\Program Files (x86)\Microsoft\Edge\Application\msedge.exe"" --no-startup-window
ParentUser: LAPTOP\sriva"
Information,11/12/2024 17:53,Microsoft-Windows-Sysmon,1,Process Create (rule: ProcessCreate),"Process Create:
RuleName: -
UtcTime: 2024-11-13 01:53:58.672
ProcessGuid: {71bacef4-06b6-6734-2b27-000000001400}
ProcessId: 4672
Image: C:\Windows\System32\RuntimeBroker.exe
FileVersion: 10.0.22621.4391 (WinBuild.160101.0800)
Description: Runtime Broker
Product: Microsoft® Windows® Operating System
Company: Microsoft Corporation
OriginalFileName: RuntimeBroker.exe
CommandLine: C:\Windows\System32\RuntimeBroker.exe -Embedding
CurrentDirectory: C:\Windows\system32\
User: LAPTOP\sriva
LogonGuid: {71bacef4-c1b8-672f-0882-020600000000}
LogonId: 0x6028208
TerminalSessionId: 4
IntegrityLevel: Medium
Hashes: SHA256=DE2470F80F720A0C3D51E4B322EDD1511D9D730A01D8598B70C58B5DACC0E104
ParentProcessGuid: {71bacef4-7319-6725-0f00-000000001400}
ParentProcessId: 1524
ParentImage: C:\Windows\System32\svchost.exe
ParentCommandLine: C:\Windows\system32\svchost.exe -k DcomLaunch -p
ParentUser: NT AUTHORITY\SYSTEM"
Information,11/12/2024 17:53,Microsoft-Windows-Sysmon,1,Process Create (rule: ProcessCreate),"Process Create:
RuleName: -
UtcTime: 2024-11-13 01:53:58.301
ProcessGuid: {71bacef4-06b6-6734-2a27-000000001400}
ProcessId: 16556
Image: C:\Windows\System32\dllhost.exe
FileVersion: 10.0.22621.1 (WinBuild.160101.0800)
Description: COM Surrogate
Product: Microsoft® Windows® Operating System
Company: Microsoft Corporation
OriginalFileName: dllhost.exe
CommandLine: C:\Windows\system32\DllHost.exe /Processid:{AB8902B4-09CA-4BB6-B78D-A8F59079A8D5}
CurrentDirectory: C:\Windows\system32\
User: LAPTOP\sriva
LogonGuid: {71bacef4-c1b8-672f-0882-020600000000}
LogonId: 0x6028208
TerminalSessionId: 4
IntegrityLevel: Medium
Hashes: SHA256=FDFAD08EADD54A431E431FEBE60E87B574CE90E5502ED0BE2F026A1828120FC6
ParentProcessGuid: {71bacef4-7319-6725-0f00-000000001400}
ParentProcessId: 1524
ParentImage: C:\Windows\System32\svchost.exe
ParentCommandLine: C:\Windows\system32\svchost.exe -k DcomLaunch -p
ParentUser: NT AUTHORITY\SYSTEM"
Information,11/12/2024 17:53,Microsoft-Windows-Sysmon,1,Process Create (rule: ProcessCreate),"Process Create:
RuleName: -
UtcTime: 2024-11-13 01:53:57.788
ProcessGuid: {71bacef4-06b5-6734-2927-000000001400}
ProcessId: 22188
Image: C:\Windows\System32\backgroundTaskHost.exe
FileVersion: 10.0.22621.1 (WinBuild.160101.0800)
Description: Background Task Host
Product: Microsoft® Windows® Operating System
Company: Microsoft Corporation
OriginalFileName: backgroundTaskHost.exe
CommandLine: ""C:\Windows\system32\backgroundTaskHost.exe"" -ServerName:App.AppXfkd8mejksk4ancwf4vtyhmkvtzn1jcbs.mca
CurrentDirectory: C:\Program Files\WindowsApps\Microsoft.YourPhone_1.24101.61.0_x64__8wekyb3d8bbwe\
User: LAPTOP\sriva
LogonGuid: {71bacef4-c1b8-672f-0882-020600000000}
LogonId: 0x6028208
TerminalSessionId: 4
IntegrityLevel: AppContainer
Hashes: SHA256=4C8915E07BE1904A3BC02E4F8DB0A80BB932CE610D97EABB9151B4E51F449980
ParentProcessGuid: {71bacef4-7319-6725-0f00-000000001400}
ParentProcessId: 1524
ParentImage: C:\Windows\System32\svchost.exe
ParentCommandLine: C:\Windows\system32\svchost.exe -k DcomLaunch -p
ParentUser: NT AUTHORITY\SYSTEM"
Information,11/12/2024 17:53,Microsoft-Windows-Sysmon,1,Process Create (rule: ProcessCreate),"Process Create:
RuleName: -
UtcTime: 2024-11-13 01:53:57.744
ProcessGuid: {71bacef4-06b5-6734-2827-000000001400}
ProcessId: 11044
Image: C:\Windows\System32\backgroundTaskHost.exe
FileVersion: 10.0.22621.1 (WinBuild.160101.0800)
Description: Background Task Host
Product: Microsoft® Windows® Operating System
Company: Microsoft Corporation
OriginalFileName: backgroundTaskHost.exe
CommandLine: ""C:\Windows\system32\backgroundTaskHost.exe"" -ServerName:Global.DesktopSpotlight.AppXz2j21w56bgxkgsjhtn7zkjsepq96erz2.mca
CurrentDirectory: C:\Windows\SystemApps\MicrosoftWindows.Client.CBS_cw5n1h2txyewy\
User: LAPTOP\sriva
LogonGuid: {71bacef4-c1b8-672f-0882-020600000000}
LogonId: 0x6028208
TerminalSessionId: 4
IntegrityLevel: AppContainer
Hashes: SHA256=4C8915E07BE1904A3BC02E4F8DB0A80BB932CE610D97EABB9151B4E51F449980
ParentProcessGuid: {71bacef4-7319-6725-0f00-000000001400}
ParentProcessId: 1524
ParentImage: C:\Windows\System32\svchost.exe
ParentCommandLine: C:\Windows\system32\svchost.exe -k DcomLaunch -p
ParentUser: NT AUTHORITY\SYSTEM"
Information,11/12/2024 17:53,Microsoft-Windows-Sysmon,1,Process Create (rule: ProcessCreate),"Process Create:
RuleName: -
UtcTime: 2024-11-13 01:53:57.701
ProcessGuid: {71bacef4-06b5-6734-2727-000000001400}
ProcessId: 18884
Image: C:\Windows\System32\backgroundTaskHost.exe
FileVersion: 10.0.22621.1 (WinBuild.160101.0800)
Description: Background Task Host
Product: Microsoft® Windows® Operating System
Company: Microsoft Corporation
OriginalFileName: backgroundTaskHost.exe
CommandLine: ""C:\Windows\system32\backgroundTaskHost.exe"" -ServerName:App.AppX3yypww7qrft4zqhh57xaatcrnp803bj7.mca
CurrentDirectory: C:\Program Files\WindowsApps\B9ECED6F.ASUSPCAssistant_4.0.24.0_x64__qmba6cd70vzyy\
User: LAPTOP\sriva
LogonGuid: {71bacef4-c1b8-672f-0882-020600000000}
LogonId: 0x6028208
TerminalSessionId: 4
IntegrityLevel: AppContainer
Hashes: SHA256=4C8915E07BE1904A3BC02E4F8DB0A80BB932CE610D97EABB9151B4E51F449980
ParentProcessGuid: {71bacef4-7319-6725-0f00-000000001400}
ParentProcessId: 1524
ParentImage: C:\Windows\System32\svchost.exe
ParentCommandLine: C:\Windows\system32\svchost.exe -k DcomLaunch -p
ParentUser: NT AUTHORITY\SYSTEM"
Information,11/12/2024 17:53,Microsoft-Windows-Sysmon,1,Process Create (rule: ProcessCreate),"Process Create:
RuleName: -
UtcTime: 2024-11-13 01:53:57.693
ProcessGuid: {71bacef4-06b5-6734-2627-000000001400}
ProcessId: 9400
Image: C:\Windows\System32\backgroundTaskHost.exe
FileVersion: 10.0.22621.1 (WinBuild.160101.0800)
Description: Background Task Host
Product: Microsoft® Windows® Operating System
Company: Microsoft Corporation
OriginalFileName: backgroundTaskHost.exe
CommandLine: ""C:\Windows\system32\backgroundTaskHost.exe"" -ServerName:App.AppXfkd8mejksk4ancwf4vtyhmkvtzn1jcbs.mca
CurrentDirectory: C:\Program Files\WindowsApps\Microsoft.YourPhone_1.24101.61.0_x64__8wekyb3d8bbwe\
User: LAPTOP\sriva
LogonGuid: {71bacef4-c1b8-672f-0882-020600000000}
LogonId: 0x6028208
TerminalSessionId: 4
IntegrityLevel: AppContainer
Hashes: SHA256=4C8915E07BE1904A3BC02E4F8DB0A80BB932CE610D97EABB9151B4E51F449980
ParentProcessGuid: {71bacef4-7319-6725-0f00-000000001400}
ParentProcessId: 1524
ParentImage: C:\Windows\System32\svchost.exe
ParentCommandLine: C:\Windows\system32\svchost.exe -k DcomLaunch -p
ParentUser: NT AUTHORITY\SYSTEM"
Information,11/12/2024 17:53,Microsoft-Windows-Sysmon,5,Process terminated (rule: ProcessTerminate),"Process terminated:
RuleName: -
UtcTime: 2024-11-13 01:53:53.562
ProcessGuid: {71bacef4-0668-6734-fd26-000000001400}
ProcessId: 16040
Image: C:\Program Files (x86)\Microsoft\EdgeUpdate\MicrosoftEdgeUpdate.exe
User: NT AUTHORITY\SYSTEM"
Information,11/12/2024 17:53,Microsoft-Windows-Sysmon,1,Process Create (rule: ProcessCreate),"Process Create:
RuleName: -
UtcTime: 2024-11-13 01:53:53.432
ProcessGuid: {71bacef4-06b1-6734-2527-000000001400}
ProcessId: 21684
Image: C:\Program Files (x86)\Microsoft\EdgeUpdate\MicrosoftEdgeUpdate.exe
FileVersion: 1.3.155.85
Description: Microsoft Edge Update
Product: Microsoft Edge Update
Company: Microsoft Corporation
OriginalFileName: msedgeupdate.dll
CommandLine: ""C:\Program Files (x86)\Microsoft\EdgeUpdate\MicrosoftEdgeUpdate.exe"" /ping PD94bWwgdmVyc2lvbj0iMS4wIiBlbmNvZGluZz0iVVRGLTgiPz48cmVxdWVzdCBwcm90b2NvbD0iMy4wIiB1cGRhdGVyPSJPbWFoYSIgdXBkYXRlcnZlcnNpb249IjEuMy4xOTUuMzUiIHNoZWxsX3ZlcnNpb249IjEuMy4xNTUuODUiIGlzbWFjaGluZT0iMSIgc2Vzc2lvbmlkPSJ7OEU2QTQyMDEtMzY5Qi00QkRDLUI1NDAtNTE5MDQwQTE2MDYyfSIgdXNlcmlkPSJ7ODA1MTZGQUQtQTc5Mi00Q0E1LTk1QUQtQTVGREU1NEZGRjczfSIgaW5zdGFsbHNvdXJjZT0ic2NoZWR1bGVyIiByZXF1ZXN0aWQ9Ins1MzQyOTAxQy0zOEE0LTRDMEQtQkM2OS0xRjE4NkFFRjFFRDV9IiBkZWR1cD0iY3IiIGRvbWFpbmpvaW5lZD0iMCI-PGh3IGxvZ2ljYWxfY3B1cz0iMTIiIHBoeXNtZW1vcnk9IjgiIGRpc2tfdHlwZT0iMiIgc3NlPSIxIiBzc2UyPSIxIiBzc2UzPSIxIiBzc3NlMz0iMSIgc3NlNDE9IjEiIHNzZTQyPSIxIiBhdng9IjEiLz48b3MgcGxhdGZvcm09IndpbiIgdmVyc2lvbj0iMTAuMC4yMjYzMS40MzkxIiBzcD0iIiBhcmNoPSJ4NjQiIHByb2R1Y3RfdHlwZT0iMTAxIiBpc193aXA9IjAiIGlzX2luX2xvY2tkb3duX21vZGU9IjAiLz48b2VtIHByb2R1Y3RfbWFudWZhY3R1cmVyPSJBU1VTVGVLIENPTVBVVEVSIElOQy4iIHByb2R1Y3RfbmFtZT0iVml2b2Jvb2tfQVNVU0xhcHRvcCBUUDM2MDRWQV9UUDM2MDRWQSIvPjxleHAgZXRhZz0iJnF1b3Q7bGhWaTEyUWNrNlNsMHVVMU9CNlkxNTI5YlI2YnNleTQrY3U3ZEh4czZjaz0mcXVvdDsiLz48YXBwIGFwcGlkPSJ7RjNDNEZFMDAtRUZENS00MDNCLTk1NjktMzk4QTIwRjFCQTRBfSIgdmVyc2lvbj0iMS4zLjE5NS4zNSIgbmV4dHZlcnNpb249IiIgbGFuZz0iIiBicmFuZD0iSU5CWCIgY2xpZW50PSIiIGV4cGVyaW1lbnRzPSJJc09uSW50ZXJ2YWxDb21tYW5kc0FsbG93ZWQ9JTVCJTIyLXRhcmdldF9kZXYlMjAtbWluX2Jyb3dzZXJfdmVyc2lvbl9jYW5hcnlfZGV2JTIwMTMxLjAuMjg3MS4wJTIyJTVEIiBpbnN0YWxsYWdlPSIyMjciIGNvaG9ydD0icnJmQDAuNTUiPjx1cGRhdGVjaGVjay8-PHBpbmcgcj0iMSIgcmQ9IjY1MjUiIHBpbmdfZnJlc2huZXNzPSJ7NDA5NkM3MDktMTZBRS00MjY4LTlEMTItQzhGNTBGRkZFRDMyfSIvPjwvYXBwPjxhcHAgYXBwaWQ9Ins1NkVCMThGOC1CMDA4LTRDQkQtQjZEMi04Qzk3RkU3RTkwNjJ9IiB2ZXJzaW9uPSIxMzAuMC4yODQ5LjgwIiBuZXh0dmVyc2lvbj0iIiBsYW5nPSIiIGJyYW5kPSJJTkJYIiBjbGllbnQ9IiIgaW5zdGFsbGFnZT0iNTMyIiBjb2hvcnQ9InJyZkAwLjgxIiBvb2JlX2luc3RhbGxfdGltZT0iMTMzNzE3MTc1Nzk5MzI4MDMwIiB1cGRhdGVfY291bnQ9IjgiIGlzX3Bpbm5lZF9zeXN0ZW09InRydWUiIGxhc3RfbGF1bmNoX2NvdW50PSIxIiBsYXN0X2xhdW5jaF90aW1lPSIxMzM3NTg3MTg4NTAyNzg2MzAiIGZpcnN0X2ZyZV9zZWVuX3RpbWU9IjEzMzcxNzIzMDgwMzgyMzQ0MCIgZmlyc3RfZnJlX3NlZW5fdmVyc2lvbj0iMTI5LjAuMjc5Mi41MiI-PHVwZGF0ZWNoZWNrLz48cGluZyBhY3RpdmU9IjEiIGE9IjEiIHI9IjEiIGFkPSI2NTI1IiByZD0iNjUyNSIgcGluZ19mcmVzaG5lc3M9InsyODREQTE1OS1BQTUyLTRDNTMtOUZCRi0zRTdEMzBCRjY4NTd9Ii8-PC9hcHA-PGFwcCBhcHBpZD0ie0YzMDE3MjI2LUZFMkEtNDI5NS04QkRGLTAwQzNBOUE3RTRDNX0iIHZlcnNpb249IjEzMC4wLjI4NDkuNTYiIG5leHR2ZXJzaW9uPSIiIGxhbmc9IiIgYnJhbmQ9IklOQlgiIGNsaWVudD0iIiBpbnN0YWxsYWdlPSI1MzIiIGNvaG9ydD0icnJmQDAuNzEiIHVwZGF0ZV9jb3VudD0iNiIgbGFzdF9sYXVuY2hfY291bnQ9IjEiIGxhc3RfbGF1bmNoX3RpbWU9IjEzMzc1ODcxNzQ4OTY3MjY3MCI-PHVwZGF0ZWNoZWNrLz48cGluZyBhY3RpdmU9IjAiIHI9IjEiIHJkPSI2NTI1IiBwaW5nX2ZyZXNobmVzcz0iezk5MEZGQjA5LUZEMkUtNEU0My1BMUZELTE0QjY5QzE0RkU5N30iLz48L2FwcD48L3JlcXVlc3Q-
CurrentDirectory: C:\Program Files (x86)\Microsoft\EdgeUpdate\1.3.195.35\
User: NT AUTHORITY\SYSTEM
LogonGuid: {71bacef4-7319-6725-e703-000000000000}
LogonId: 0x3E7
TerminalSessionId: 0
IntegrityLevel: System
Hashes: SHA256=54545F352215A9C0F370A01980AADCD5749A93589931662D89A974D7BD60F476
ParentProcessGuid: {71bacef4-06a3-6734-2027-000000001400}
ParentProcessId: 18048
ParentImage: C:\Program Files (x86)\Microsoft\EdgeUpdate\MicrosoftEdgeUpdate.exe
ParentCommandLine: ""C:\Program Files (x86)\Microsoft\EdgeUpdate\MicrosoftEdgeUpdate.exe"" /svc
ParentUser: NT AUTHORITY\SYSTEM"
Information,11/12/2024 17:53,Microsoft-Windows-Sysmon,1,Process Create (rule: ProcessCreate),"Process Create:
RuleName: -
UtcTime: 2024-11-13 01:53:49.959
ProcessGuid: {71bacef4-06ad-6734-2427-000000001400}
ProcessId: 10124
Image: C:\Program Files (x86)\Google\GoogleUpdater\132.0.6806.0\updater.exe
FileVersion: 132.0.6806.0
Description: Google Updater
Product: Google Updater
Company: Google LLC
OriginalFileName: updater.exe
CommandLine: ""C:\Program Files (x86)\Google\GoogleUpdater\132.0.6806.0\updater.exe"" --crash-handler --system ""--database=C:\Program Files (x86)\Google\GoogleUpdater\132.0.6806.0\Crashpad"" --url=https://clients2.google.com/cr/report --annotation=prod=Update4 --annotation=ver=132.0.6806.0 ""--attachment=C:\Program Files (x86)\Google\GoogleUpdater\updater.log"" --initial-client-data=0x2c8,0x2cc,0x2d0,0x2a4,0x2d4,0xe64400,0xe6440c,0xe64418
CurrentDirectory: C:\Windows\system32\
User: NT AUTHORITY\SYSTEM
LogonGuid: {71bacef4-7319-6725-e703-000000000000}
LogonId: 0x3E7
TerminalSessionId: 0
IntegrityLevel: System
Hashes: SHA256=AF4B596E960D17A2A06ECF7EEE0EE41CCEAB35DDA82D505D8B1C8B8D5AEAB4F2
ParentProcessGuid: {71bacef4-06ad-6734-2327-000000001400}
ParentProcessId: 17880
ParentImage: C:\Program Files (x86)\Google\GoogleUpdater\132.0.6806.0\updater.exe
ParentCommandLine: ""C:\Program Files (x86)\Google\GoogleUpdater\132.0.6806.0\updater.exe"" --system --windows-service --service=update
ParentUser: NT AUTHORITY\SYSTEM"
Information,11/12/2024 17:53,Microsoft-Windows-Sysmon,1,Process Create (rule: ProcessCreate),"Process Create:
RuleName: -
UtcTime: 2024-11-13 01:53:49.894
ProcessGuid: {71bacef4-06ad-6734-2327-000000001400}
ProcessId: 17880
Image: C:\Program Files (x86)\Google\GoogleUpdater\132.0.6806.0\updater.exe
FileVersion: 132.0.6806.0
Description: Google Updater
Product: Google Updater
Company: Google LLC
OriginalFileName: updater.exe
CommandLine: ""C:\Program Files (x86)\Google\GoogleUpdater\132.0.6806.0\updater.exe"" --system --windows-service --service=update
CurrentDirectory: C:\Windows\system32\
User: NT AUTHORITY\SYSTEM
LogonGuid: {71bacef4-7319-6725-e703-000000000000}
LogonId: 0x3E7
TerminalSessionId: 0
IntegrityLevel: System
Hashes: SHA256=AF4B596E960D17A2A06ECF7EEE0EE41CCEAB35DDA82D505D8B1C8B8D5AEAB4F2
ParentProcessGuid: {71bacef4-7319-6725-0c00-000000001400}
ParentProcessId: 1340
ParentImage: C:\Windows\System32\services.exe
ParentCommandLine: C:\Windows\system32\services.exe
ParentUser: NT AUTHORITY\SYSTEM"
Information,11/12/2024 17:53,Microsoft-Windows-Sysmon,5,Process terminated (rule: ProcessTerminate),"Process terminated:
RuleName: -
UtcTime: 2024-11-13 01:53:43.690
ProcessGuid: {71bacef4-0668-6734-0327-000000001400}
ProcessId: 25620
Image: C:\Program Files (x86)\Microsoft\Edge\Application\msedge.exe
User: LAPTOP\sriva"
Information,11/12/2024 17:53,Microsoft-Windows-Sysmon,5,Process terminated (rule: ProcessTerminate),"Process terminated:
RuleName: -
UtcTime: 2024-11-13 01:53:43.471
ProcessGuid: {71bacef4-06a6-6734-2227-000000001400}
ProcessId: 6596
Image: C:\Users\sriva\AppData\Local\MyASUS Update Messenger\UpdateMessenger.exe
User: LAPTOP\sriva"
Information,11/12/2024 17:53,Microsoft-Windows-Sysmon,1,Process Create (rule: ProcessCreate),"Process Create:
RuleName: -
UtcTime: 2024-11-13 01:53:42.127
ProcessGuid: {71bacef4-06a6-6734-2227-000000001400}
ProcessId: 6596
Image: C:\Users\sriva\AppData\Local\MyASUS Update Messenger\UpdateMessenger.exe
FileVersion: 1.0.871.0
Description: Update Messenger
Product: Update Messenger
Company: SweetLabs, Inc
OriginalFileName: UpdateMessenger.exe
CommandLine: ""C:\Users\sriva\AppData\Local\MyASUS Update Messenger\UpdateMessenger.exe"" /task
CurrentDirectory: C:\Windows\system32\
User: LAPTOP\sriva
LogonGuid: {71bacef4-c1b8-672f-0882-020600000000}
LogonId: 0x6028208
TerminalSessionId: 4
IntegrityLevel: Medium
Hashes: SHA256=C4DD4D3FF93AD81341634CCD42A68959D25F1709C7EEB804C11BCFCFEDDD136E
ParentProcessGuid: {71bacef4-7319-6725-3100-000000001400}
ParentProcessId: 2924
ParentImage: C:\Windows\System32\svchost.exe
ParentCommandLine: C:\Windows\system32\svchost.exe -k netsvcs -p -s Schedule
ParentUser: NT AUTHORITY\SYSTEM"
Information,11/12/2024 17:53,Microsoft-Windows-Sysmon,5,Process terminated (rule: ProcessTerminate),"Process terminated:
RuleName: -
UtcTime: 2024-11-13 01:53:42.074
ProcessGuid: {71bacef4-06a4-6734-2127-000000001400}
ProcessId: 1896
Image: C:\Users\sriva\AppData\Local\MyASUS Update Messenger\UpdateMessenger.exe
User: LAPTOP\sriva"
Information,11/12/2024 17:53,Microsoft-Windows-Sysmon,1,Process Create (rule: ProcessCreate),"Process Create:
RuleName: -
UtcTime: 2024-11-13 01:53:40.588
ProcessGuid: {71bacef4-06a4-6734-2127-000000001400}
ProcessId: 1896
Image: C:\Users\sriva\AppData\Local\MyASUS Update Messenger\UpdateMessenger.exe
FileVersion: 1.0.871.0
Description: Update Messenger
Product: Update Messenger
Company: SweetLabs, Inc
OriginalFileName: UpdateMessenger.exe
CommandLine: ""C:\Users\sriva\AppData\Local\MyASUS Update Messenger\UpdateMessenger.exe"" /task
CurrentDirectory: C:\Windows\system32\
User: LAPTOP\sriva
LogonGuid: {71bacef4-c1b8-672f-0882-020600000000}
LogonId: 0x6028208
TerminalSessionId: 4
IntegrityLevel: Medium
Hashes: SHA256=C4DD4D3FF93AD81341634CCD42A68959D25F1709C7EEB804C11BCFCFEDDD136E
ParentProcessGuid: {71bacef4-7319-6725-3100-000000001400}
ParentProcessId: 2924
ParentImage: C:\Windows\System32\svchost.exe
ParentCommandLine: C:\Windows\system32\svchost.exe -k netsvcs -p -s Schedule
ParentUser: NT AUTHORITY\SYSTEM"
Information,11/12/2024 17:53,Microsoft-Windows-Sysmon,5,Process terminated (rule: ProcessTerminate),"Process terminated:
RuleName: -
UtcTime: 2024-11-13 01:53:40.409
ProcessGuid: {71bacef4-65c1-6733-ea26-000000001400}
ProcessId: 14148
Image: C:\Program Files (x86)\Google\GoogleUpdater\132.0.6806.0\updater.exe
User: NT AUTHORITY\SYSTEM"
Information,11/12/2024 17:53,Microsoft-Windows-Sysmon,5,Process terminated (rule: ProcessTerminate),"Process terminated:
RuleName: -
UtcTime: 2024-11-13 01:53:40.393
ProcessGuid: {71bacef4-65c0-6733-d826-000000001400}
ProcessId: 15432
Image: C:\Program Files (x86)\Google\GoogleUpdater\131.0.6776.2\updater.exe
User: NT AUTHORITY\SYSTEM"
Information,11/12/2024 17:53,Microsoft-Windows-Sysmon,5,Process terminated (rule: ProcessTerminate),"Process terminated:
RuleName: -
UtcTime: 2024-11-13 01:53:40.393
ProcessGuid: {71bacef4-65c0-6733-e726-000000001400}
ProcessId: 25972
Image: C:\Program Files (x86)\Google\GoogleUpdater\132.0.6806.0\updater.exe
User: NT AUTHORITY\SYSTEM"
Information,11/12/2024 17:53,Microsoft-Windows-Sysmon,5,Process terminated (rule: ProcessTerminate),"Process terminated:
RuleName: -
UtcTime: 2024-11-13 01:53:40.393
ProcessGuid: {71bacef4-65c0-6733-d626-000000001400}
ProcessId: 10480
Image: C:\Program Files (x86)\Google\GoogleUpdater\131.0.6776.2\updater.exe
User: NT AUTHORITY\SYSTEM"
Information,11/12/2024 17:53,Microsoft-Windows-Sysmon,1,Process Create (rule: ProcessCreate),"Process Create:
RuleName: -
UtcTime: 2024-11-13 01:53:39.777
ProcessGuid: {71bacef4-06a3-6734-2027-000000001400}
ProcessId: 18048
Image: C:\Program Files (x86)\Microsoft\EdgeUpdate\MicrosoftEdgeUpdate.exe
FileVersion: 1.3.155.85
Description: Microsoft Edge Update
Product: Microsoft Edge Update
Company: Microsoft Corporation
OriginalFileName: msedgeupdate.dll
CommandLine: ""C:\Program Files (x86)\Microsoft\EdgeUpdate\MicrosoftEdgeUpdate.exe"" /svc
CurrentDirectory: C:\Windows\system32\
User: NT AUTHORITY\SYSTEM
LogonGuid: {71bacef4-7319-6725-e703-000000000000}
LogonId: 0x3E7
TerminalSessionId: 0
IntegrityLevel: System
Hashes: SHA256=54545F352215A9C0F370A01980AADCD5749A93589931662D89A974D7BD60F476
ParentProcessGuid: {71bacef4-7319-6725-0c00-000000001400}
ParentProcessId: 1340
ParentImage: C:\Windows\System32\services.exe
ParentCommandLine: C:\Windows\system32\services.exe
ParentUser: NT AUTHORITY\SYSTEM"
Information,11/12/2024 17:53,Microsoft-Windows-Sysmon,5,Process terminated (rule: ProcessTerminate),"Process terminated:
RuleName: -
UtcTime: 2024-11-13 01:53:30.399
ProcessGuid: {71bacef4-0669-6734-0427-000000001400}
ProcessId: 26160
Image: C:\Program Files (x86)\Google\GoogleUpdater\131.0.6776.2\updater.exe
User: NT AUTHORITY\SYSTEM"
Information,11/12/2024 17:53,Microsoft-Windows-Sysmon,5,Process terminated (rule: ProcessTerminate),"Process terminated:
RuleName: -
UtcTime: 2024-11-13 01:53:30.386
ProcessGuid: {71bacef4-0667-6734-fa26-000000001400}
ProcessId: 6044
Image: C:\Program Files (x86)\Google\GoogleUpdater\131.0.6776.2\updater.exe
User: NT AUTHORITY\SYSTEM"
Information,11/12/2024 17:53,Microsoft-Windows-Sysmon,5,Process terminated (rule: ProcessTerminate),"Process terminated:
RuleName: -
UtcTime: 2024-11-13 01:53:23.970
ProcessGuid: {71bacef4-0693-6734-1e27-000000001400}
ProcessId: 12792
Image: C:\Program Files\McAfee\WPS\1.23.177.1\dad\mc-dad.exe
User: NT AUTHORITY\SYSTEM"
Information,11/12/2024 17:53,Microsoft-Windows-Sysmon,5,Process terminated (rule: ProcessTerminate),"Process terminated:
RuleName: -
UtcTime: 2024-11-13 01:53:23.970
ProcessGuid: {71bacef4-0693-6734-1f27-000000001400}
ProcessId: 22232
Image: C:\Program Files\McAfee\WPS\1.23.177.1\dad\mc-dad.exe
User: NT AUTHORITY\SYSTEM"
Information,11/12/2024 17:53,Microsoft-Windows-Sysmon,1,Process Create (rule: ProcessCreate),"Process Create:
RuleName: -
UtcTime: 2024-11-13 01:53:23.865
ProcessGuid: {71bacef4-0693-6734-1f27-000000001400}
ProcessId: 22232
Image: C:\Program Files\McAfee\WPS\1.23.177.1\dad\mc-dad.exe
FileVersion: 3.23.0.6
Description: DAD Updater
Product: McAfee Windows Protection Suite
Company: McAfee, LLC
OriginalFileName: mc-dad.exe
CommandLine: ""C:\Program Files\McAfee\wps\1.23.177.1\dad\mc-dad.exe""
CurrentDirectory: C:\Windows\system32\
User: NT AUTHORITY\SYSTEM
LogonGuid: {71bacef4-7319-6725-e703-000000000000}
LogonId: 0x3E7
TerminalSessionId: 0
IntegrityLevel: System
Hashes: SHA256=09A8E1BED507056C451B4D9A324829FBEC84BCA0FE1E227ADEBD22EC2C20511E
ParentProcessGuid: {71bacef4-7319-6725-0c00-000000001400}
ParentProcessId: 1340
ParentImage: C:\Windows\System32\services.exe
ParentCommandLine: C:\Windows\system32\services.exe
ParentUser: NT AUTHORITY\SYSTEM"
Information,11/12/2024 17:53,Microsoft-Windows-Sysmon,1,Process Create (rule: ProcessCreate),"Process Create:
RuleName: -
UtcTime: 2024-11-13 01:53:23.817
ProcessGuid: {71bacef4-0693-6734-1e27-000000001400}
ProcessId: 12792
Image: C:\Program Files\McAfee\WPS\1.23.177.1\dad\mc-dad.exe
FileVersion: 3.23.0.6
Description: DAD Updater
Product: McAfee Windows Protection Suite
Company: McAfee, LLC
OriginalFileName: mc-dad.exe
CommandLine: ""C:\Program Files\McAfee\wps\1.23.177.1\dad\mc-dad.exe""
CurrentDirectory: C:\Windows\system32\
User: NT AUTHORITY\SYSTEM
LogonGuid: {71bacef4-7319-6725-e703-000000000000}
LogonId: 0x3E7
TerminalSessionId: 0
IntegrityLevel: System
Hashes: SHA256=09A8E1BED507056C451B4D9A324829FBEC84BCA0FE1E227ADEBD22EC2C20511E
ParentProcessGuid: {71bacef4-7319-6725-3100-000000001400}
ParentProcessId: 2924
ParentImage: C:\Windows\System32\svchost.exe
ParentCommandLine: C:\Windows\system32\svchost.exe -k netsvcs -p -s Schedule
ParentUser: NT AUTHORITY\SYSTEM"
Information,11/12/2024 17:53,Microsoft-Windows-Sysmon,5,Process terminated (rule: ProcessTerminate),"Process terminated:
RuleName: -
UtcTime: 2024-11-13 01:53:17.706
ProcessGuid: {71bacef4-068d-6734-1c27-000000001400}
ProcessId: 17652
Image: C:\Program Files\McAfee\WPS\1.23.177.1\dad\mc-dad.exe
User: NT AUTHORITY\SYSTEM"
Information,11/12/2024 17:53,Microsoft-Windows-Sysmon,5,Process terminated (rule: ProcessTerminate),"Process terminated:
RuleName: -
UtcTime: 2024-11-13 01:53:17.691
ProcessGuid: {71bacef4-068d-6734-1d27-000000001400}
ProcessId: 20768
Image: C:\Program Files\McAfee\WPS\1.23.177.1\dad\mc-dad.exe
User: NT AUTHORITY\SYSTEM"
Information,11/12/2024 17:53,Microsoft-Windows-Sysmon,1,Process Create (rule: ProcessCreate),"Process Create:
RuleName: -
UtcTime: 2024-11-13 01:53:17.610
ProcessGuid: {71bacef4-068d-6734-1d27-000000001400}
ProcessId: 20768
Image: C:\Program Files\McAfee\WPS\1.23.177.1\dad\mc-dad.exe
FileVersion: 3.23.0.6
Description: DAD Updater
Product: McAfee Windows Protection Suite
Company: McAfee, LLC
OriginalFileName: mc-dad.exe
CommandLine: ""C:\Program Files\McAfee\wps\1.23.177.1\dad\mc-dad.exe""
CurrentDirectory: C:\Windows\system32\
User: NT AUTHORITY\SYSTEM
LogonGuid: {71bacef4-7319-6725-e703-000000000000}
LogonId: 0x3E7
TerminalSessionId: 0
IntegrityLevel: System
Hashes: SHA256=09A8E1BED507056C451B4D9A324829FBEC84BCA0FE1E227ADEBD22EC2C20511E
ParentProcessGuid: {71bacef4-7319-6725-0c00-000000001400}
ParentProcessId: 1340
ParentImage: C:\Windows\System32\services.exe
ParentCommandLine: C:\Windows\system32\services.exe
ParentUser: NT AUTHORITY\SYSTEM"
Information,11/12/2024 17:53,Microsoft-Windows-Sysmon,1,Process Create (rule: ProcessCreate),"Process Create:
RuleName: -
UtcTime: 2024-11-13 01:53:17.561
ProcessGuid: {71bacef4-068d-6734-1c27-000000001400}
ProcessId: 17652
Image: C:\Program Files\McAfee\WPS\1.23.177.1\dad\mc-dad.exe
FileVersion: 3.23.0.6
Description: DAD Updater
Product: McAfee Windows Protection Suite
Company: McAfee, LLC
OriginalFileName: mc-dad.exe
CommandLine: ""C:\Program Files\McAfee\wps\1.23.177.1\dad\mc-dad.exe""
CurrentDirectory: C:\Windows\system32\
User: NT AUTHORITY\SYSTEM
LogonGuid: {71bacef4-7319-6725-e703-000000000000}
LogonId: 0x3E7
TerminalSessionId: 0
IntegrityLevel: System
Hashes: SHA256=09A8E1BED507056C451B4D9A324829FBEC84BCA0FE1E227ADEBD22EC2C20511E
ParentProcessGuid: {71bacef4-7319-6725-3100-000000001400}
ParentProcessId: 2924
ParentImage: C:\Windows\System32\svchost.exe
ParentCommandLine: C:\Windows\system32\svchost.exe -k netsvcs -p -s Schedule
ParentUser: NT AUTHORITY\SYSTEM"
Information,11/12/2024 17:53,Microsoft-Windows-Sysmon,1,Process Create (rule: ProcessCreate),"Process Create:
RuleName: -
UtcTime: 2024-11-13 01:53:17.140
ProcessGuid: {71bacef4-068d-6734-1b27-000000001400}
ProcessId: 17344
Image: C:\Windows\System32\conhost.exe
FileVersion: 10.0.22621.3672 (WinBuild.160101.0800)
Description: Console Window Host
Product: Microsoft® Windows® Operating System
Company: Microsoft Corporation
OriginalFileName: CONHOST.EXE
CommandLine: \??\C:\Windows\system32\conhost.exe 0xffffffff -ForceV1
CurrentDirectory: C:\Windows
User: NT AUTHORITY\SYSTEM
LogonGuid: {71bacef4-7319-6725-e703-000000000000}
LogonId: 0x3E7
TerminalSessionId: 0
IntegrityLevel: System
Hashes: SHA256=F801E65F937827635EB462CAF8CACBD473B9FC5CA428A9216A60C686F45802C1
ParentProcessGuid: {71bacef4-068d-6734-1a27-000000001400}
ParentProcessId: 5284
ParentImage: C:\Windows\System32\wlanext.exe
ParentCommandLine: C:\Windows\system32\WLANExt.exe 1583753588800
ParentUser: NT AUTHORITY\SYSTEM"
Information,11/12/2024 17:53,Microsoft-Windows-Sysmon,1,Process Create (rule: ProcessCreate),"Process Create:
RuleName: -
UtcTime: 2024-11-13 01:53:17.112
ProcessGuid: {71bacef4-068d-6734-1a27-000000001400}
ProcessId: 5284
Image: C:\Windows\System32\wlanext.exe
FileVersion: 10.0.22621.1 (WinBuild.160101.0800)
Description: Windows Wireless LAN 802.11 Extensibility Framework
Product: Microsoft® Windows® Operating System
Company: Microsoft Corporation
OriginalFileName: wlanext.exe
CommandLine: C:\Windows\system32\WLANExt.exe 1583753588800
CurrentDirectory: C:\Windows\system32\
User: NT AUTHORITY\SYSTEM
LogonGuid: {71bacef4-7319-6725-e703-000000000000}
LogonId: 0x3E7
TerminalSessionId: 0
IntegrityLevel: System
Hashes: SHA256=7B22218E02E292CE656232F5D9C315865A194E7D0E5C908E12B48F7F8C6F29B3
ParentProcessGuid: {71bacef4-731a-6725-5500-000000001400}
ParentProcessId: 4812
ParentImage: C:\Windows\System32\svchost.exe
ParentCommandLine: C:\Windows\system32\svchost.exe -k LocalSystemNetworkRestricted -p
ParentUser: NT AUTHORITY\SYSTEM"
Information,11/12/2024 17:53,Microsoft-Windows-Sysmon,5,Process terminated (rule: ProcessTerminate),"Process terminated:
RuleName: -
UtcTime: 2024-11-13 01:53:17.109
ProcessGuid: {71bacef4-c1c9-672f-df21-000000001400}
ProcessId: 20772
Image: C:\Windows\System32\conhost.exe
User: NT AUTHORITY\SYSTEM"
Information,11/12/2024 17:53,Microsoft-Windows-Sysmon,5,Process terminated (rule: ProcessTerminate),"Process terminated:
RuleName: -
UtcTime: 2024-11-13 01:53:17.109
ProcessGuid: {71bacef4-c1c9-672f-de21-000000001400}
ProcessId: 18604
Image: C:\Windows\System32\wlanext.exe
User: NT AUTHORITY\SYSTEM"
Information,11/12/2024 17:53,Microsoft-Windows-Sysmon,5,Process terminated (rule: ProcessTerminate),"Process terminated:
RuleName: -
UtcTime: 2024-11-13 01:53:13.708
ProcessGuid: {71bacef4-0686-6734-1727-000000001400}
ProcessId: 19032
Image: C:\Windows\System32\SIHClient.exe
User: NT AUTHORITY\SYSTEM"
Information,11/12/2024 17:53,Microsoft-Windows-Sysmon,5,Process terminated (rule: ProcessTerminate),"Process terminated:
RuleName: -
UtcTime: 2024-11-13 01:53:11.586
ProcessGuid: {71bacef4-0687-6734-1927-000000001400}
ProcessId: 20544
Image: C:\Program Files (x86)\Microsoft\Edge\Application\msedge.exe
User: LAPTOP\sriva"
Information,11/12/2024 17:53,Microsoft-Windows-Sysmon,1,Process Create (rule: ProcessCreate),"Process Create:
RuleName: -
UtcTime: 2024-11-13 01:53:11.534
ProcessGuid: {71bacef4-0687-6734-1927-000000001400}
ProcessId: 20544
Image: C:\Program Files (x86)\Microsoft\Edge\Application\msedge.exe
FileVersion: 130.0.2849.68
Description: Microsoft Edge
Product: Microsoft Edge
Company: Microsoft Corporation
OriginalFileName: msedge.exe
CommandLine: ""C:\Program Files (x86)\Microsoft\Edge\Application\msedge.exe"" --type=utility --utility-sub-type=data_decoder.mojom.DataDecoderService --lang=en-US --service-sandbox-type=service --video-capture-use-gpu-memory-buffer --string-annotations=is-enterprise-managed=no --field-trial-handle=9864,i,15025092077628641454,472859390721274277,262144 --variations-seed-version --mojo-platform-channel-handle=9592 /prefetch:14
CurrentDirectory: C:\Program Files (x86)\Microsoft\Edge\Application\130.0.2849.68\
User: LAPTOP\sriva
LogonGuid: {71bacef4-c1b8-672f-0882-020600000000}
LogonId: 0x6028208
TerminalSessionId: 4
IntegrityLevel: Low
Hashes: SHA256=B000DBCD60378DC5E39341995B080A20C3F1AD748BA47F5DC6D29F6C24B834A3
ParentProcessGuid: {71bacef4-9041-6731-0024-000000001400}
ParentProcessId: 21708
ParentImage: C:\Program Files (x86)\Microsoft\Edge\Application\msedge.exe
ParentCommandLine: ""C:\Program Files (x86)\Microsoft\Edge\Application\msedge.exe"" --no-startup-window
ParentUser: LAPTOP\sriva"
