Information,11/12/2024 17:57,Microsoft-Windows-Sysmon,1,Process Create (rule: ProcessCreate),"Process Create:
RuleName: -
UtcTime: 2024-11-13 01:57:00.647
ProcessGuid: {71bacef4-076c-6734-5627-000000001400}
ProcessId: 10380
Image: C:\Program Files\McAfee\WPS\1.23.177.1\dad\mc-dad.exe
FileVersion: 3.23.0.6
Description: DAD Updater
Product: McAfee Windows Protection Suite
Company: McAfee, LLC
OriginalFileName: mc-dad.exe
CommandLine: ""C:\Program Files\McAfee\wps\1.23.177.1\dad\mc-dad.exe""
CurrentDirectory: C:\Windows\system32\
User: NT AUTHORITY\SYSTEM
LogonGuid: {71bacef4-7319-6725-e703-000000000000}
LogonId: 0x3E7
TerminalSessionId: 0
IntegrityLevel: System
Hashes: SHA256=09A8E1BED507056C451B4D9A324829FBEC84BCA0FE1E227ADEBD22EC2C20511E
ParentProcessGuid: {71bacef4-7319-6725-0c00-000000001400}
ParentProcessId: 1340
ParentImage: C:\Windows\System32\services.exe
ParentCommandLine: C:\Windows\system32\services.exe
ParentUser: NT AUTHORITY\SYSTEM"
Information,11/12/2024 17:57,Microsoft-Windows-Sysmon,1,Process Create (rule: ProcessCreate),"Process Create:
RuleName: -
UtcTime: 2024-11-13 01:57:00.598
ProcessGuid: {71bacef4-076c-6734-5527-000000001400}
ProcessId: 26572
Image: C:\Program Files\McAfee\WPS\1.23.177.1\dad\mc-dad.exe
FileVersion: 3.23.0.6
Description: DAD Updater
Product: McAfee Windows Protection Suite
Company: McAfee, LLC
OriginalFileName: mc-dad.exe
CommandLine: ""C:\Program Files\McAfee\wps\1.23.177.1\dad\mc-dad.exe""
CurrentDirectory: C:\Windows\system32\
User: NT AUTHORITY\SYSTEM
LogonGuid: {71bacef4-7319-6725-e703-000000000000}
LogonId: 0x3E7
TerminalSessionId: 0
IntegrityLevel: System
Hashes: SHA256=09A8E1BED507056C451B4D9A324829FBEC84BCA0FE1E227ADEBD22EC2C20511E
ParentProcessGuid: {71bacef4-7319-6725-3100-000000001400}
ParentProcessId: 2924
ParentImage: C:\Windows\System32\svchost.exe
ParentCommandLine: C:\Windows\system32\svchost.exe -k netsvcs -p -s Schedule
ParentUser: NT AUTHORITY\SYSTEM"
Information,11/12/2024 17:57,Microsoft-Windows-Sysmon,5,Process terminated (rule: ProcessTerminate),"Process terminated:
RuleName: -
UtcTime: 2024-11-13 01:57:00.504
ProcessGuid: {71bacef4-076a-6734-5327-000000001400}
ProcessId: 20716
Image: C:\Program Files\McAfee\WPS\1.23.177.1\dad\mc-dad.exe
User: NT AUTHORITY\SYSTEM"
Information,11/12/2024 17:57,Microsoft-Windows-Sysmon,5,Process terminated (rule: ProcessTerminate),"Process terminated:
RuleName: -
UtcTime: 2024-11-13 01:57:00.494
ProcessGuid: {71bacef4-076a-6734-5427-000000001400}
ProcessId: 4048
Image: C:\Program Files\McAfee\WPS\1.23.177.1\dad\mc-dad.exe
User: NT AUTHORITY\SYSTEM"
Information,11/12/2024 17:56,Microsoft-Windows-Sysmon,1,Process Create (rule: ProcessCreate),"Process Create:
RuleName: -
UtcTime: 2024-11-13 01:56:58.552
ProcessGuid: {71bacef4-076a-6734-5427-000000001400}
ProcessId: 4048
Image: C:\Program Files\McAfee\WPS\1.23.177.1\dad\mc-dad.exe
FileVersion: 3.23.0.6
Description: DAD Updater
Product: McAfee Windows Protection Suite
Company: McAfee, LLC
OriginalFileName: mc-dad.exe
CommandLine: ""C:\Program Files\McAfee\wps\1.23.177.1\dad\mc-dad.exe""
CurrentDirectory: C:\Windows\system32\
User: NT AUTHORITY\SYSTEM
LogonGuid: {71bacef4-7319-6725-e703-000000000000}
LogonId: 0x3E7
TerminalSessionId: 0
IntegrityLevel: System
Hashes: SHA256=09A8E1BED507056C451B4D9A324829FBEC84BCA0FE1E227ADEBD22EC2C20511E
ParentProcessGuid: {71bacef4-7319-6725-0c00-000000001400}
ParentProcessId: 1340
ParentImage: C:\Windows\System32\services.exe
ParentCommandLine: C:\Windows\system32\services.exe
ParentUser: NT AUTHORITY\SYSTEM"
Information,11/12/2024 17:56,Microsoft-Windows-Sysmon,1,Process Create (rule: ProcessCreate),"Process Create:
RuleName: -
UtcTime: 2024-11-13 01:56:58.488
ProcessGuid: {71bacef4-076a-6734-5327-000000001400}
ProcessId: 20716
Image: C:\Program Files\McAfee\WPS\1.23.177.1\dad\mc-dad.exe
FileVersion: 3.23.0.6
Description: DAD Updater
Product: McAfee Windows Protection Suite
Company: McAfee, LLC
OriginalFileName: mc-dad.exe
CommandLine: ""C:\Program Files\McAfee\wps\1.23.177.1\dad\mc-dad.exe""
CurrentDirectory: C:\Windows\system32\
User: NT AUTHORITY\SYSTEM
LogonGuid: {71bacef4-7319-6725-e703-000000000000}
LogonId: 0x3E7
TerminalSessionId: 0
IntegrityLevel: System
Hashes: SHA256=09A8E1BED507056C451B4D9A324829FBEC84BCA0FE1E227ADEBD22EC2C20511E
ParentProcessGuid: {71bacef4-7319-6725-3100-000000001400}
ParentProcessId: 2924
ParentImage: C:\Windows\System32\svchost.exe
ParentCommandLine: C:\Windows\system32\svchost.exe -k netsvcs -p -s Schedule
ParentUser: NT AUTHORITY\SYSTEM"
Information,11/12/2024 17:56,Microsoft-Windows-Sysmon,5,Process terminated (rule: ProcessTerminate),"Process terminated:
RuleName: -
UtcTime: 2024-11-13 01:56:49.282
ProcessGuid: {71bacef4-075c-6734-5227-000000001400}
ProcessId: 5868
Image: C:\Program Files (x86)\Microsoft\Edge\Application\msedge.exe
User: LAPTOP\sriva"
Information,11/12/2024 17:56,Microsoft-Windows-Sysmon,5,Process terminated (rule: ProcessTerminate),"Process terminated:
RuleName: -
UtcTime: 2024-11-13 01:56:49.174
ProcessGuid: {71bacef4-0a8c-6733-a525-000000001400}
ProcessId: 5060
Image: C:\Program Files (x86)\Microsoft\Edge\Application\msedge.exe
User: LAPTOP\sriva"
Information,11/12/2024 17:56,Microsoft-Windows-Sysmon,1,Process Create (rule: ProcessCreate),"Process Create:
RuleName: -
UtcTime: 2024-11-13 01:56:44.168
ProcessGuid: {71bacef4-075c-6734-5227-000000001400}
ProcessId: 5868
Image: C:\Program Files (x86)\Microsoft\Edge\Application\msedge.exe
FileVersion: 130.0.2849.68
Description: Microsoft Edge
Product: Microsoft Edge
Company: Microsoft Corporation
OriginalFileName: msedge.exe
CommandLine: ""C:\Program Files (x86)\Microsoft\Edge\Application\msedge.exe"" --type=utility --utility-sub-type=data_decoder.mojom.DataDecoderService --lang=en-US --service-sandbox-type=service --video-capture-use-gpu-memory-buffer --string-annotations=is-enterprise-managed=no --field-trial-handle=9240,i,15025092077628641454,472859390721274277,262144 --variations-seed-version --mojo-platform-channel-handle=9380 /prefetch:14
CurrentDirectory: C:\Program Files (x86)\Microsoft\Edge\Application\130.0.2849.68\
User: LAPTOP\sriva
LogonGuid: {71bacef4-c1b8-672f-0882-020600000000}
LogonId: 0x6028208
TerminalSessionId: 4
IntegrityLevel: Low
Hashes: SHA256=B000DBCD60378DC5E39341995B080A20C3F1AD748BA47F5DC6D29F6C24B834A3
ParentProcessGuid: {71bacef4-9041-6731-0024-000000001400}
ParentProcessId: 21708
ParentImage: C:\Program Files (x86)\Microsoft\Edge\Application\msedge.exe
ParentCommandLine: ""C:\Program Files (x86)\Microsoft\Edge\Application\msedge.exe"" --no-startup-window
ParentUser: LAPTOP\sriva"
Information,11/12/2024 17:56,Microsoft-Windows-Sysmon,5,Process terminated (rule: ProcessTerminate),"Process terminated:
RuleName: -
UtcTime: 2024-11-13 01:56:40.127
ProcessGuid: {71bacef4-0751-6734-5027-000000001400}
ProcessId: 20788
Image: C:\Program Files (x86)\Microsoft\Edge\Application\msedge.exe
User: LAPTOP\sriva"
Information,11/12/2024 17:56,Microsoft-Windows-Sysmon,1,Process Create (rule: ProcessCreate),"Process Create:
RuleName: -
UtcTime: 2024-11-13 01:56:35.507
ProcessGuid: {71bacef4-0753-6734-5127-000000001400}
ProcessId: 10624
Image: C:\Windows\System32\RuntimeBroker.exe
FileVersion: 10.0.22621.4391 (WinBuild.160101.0800)
Description: Runtime Broker
Product: Microsoft® Windows® Operating System
Company: Microsoft Corporation
OriginalFileName: RuntimeBroker.exe
CommandLine: C:\Windows\System32\RuntimeBroker.exe -Embedding
CurrentDirectory: C:\Windows\system32\
User: LAPTOP\sriva
LogonGuid: {71bacef4-c1b8-672f-0882-020600000000}
LogonId: 0x6028208
TerminalSessionId: 4
IntegrityLevel: Medium
Hashes: SHA256=DE2470F80F720A0C3D51E4B322EDD1511D9D730A01D8598B70C58B5DACC0E104
ParentProcessGuid: {71bacef4-7319-6725-0f00-000000001400}
ParentProcessId: 1524
ParentImage: C:\Windows\System32\svchost.exe
ParentCommandLine: C:\Windows\system32\svchost.exe -k DcomLaunch -p
ParentUser: NT AUTHORITY\SYSTEM"
Information,11/12/2024 17:56,Microsoft-Windows-Sysmon,1,Process Create (rule: ProcessCreate),"Process Create:
RuleName: -
UtcTime: 2024-11-13 01:56:33.913
ProcessGuid: {71bacef4-0751-6734-5027-000000001400}
ProcessId: 20788
Image: C:\Program Files (x86)\Microsoft\Edge\Application\msedge.exe
FileVersion: 130.0.2849.68
Description: Microsoft Edge
Product: Microsoft Edge
Company: Microsoft Corporation
OriginalFileName: msedge.exe
CommandLine: ""C:\Program Files (x86)\Microsoft\Edge\Application\msedge.exe"" --type=utility --utility-sub-type=data_decoder.mojom.DataDecoderService --lang=en-US --service-sandbox-type=service --video-capture-use-gpu-memory-buffer --string-annotations=is-enterprise-managed=no --field-trial-handle=9840,i,15025092077628641454,472859390721274277,262144 --variations-seed-version --mojo-platform-channel-handle=6544 /prefetch:14
CurrentDirectory: C:\Program Files (x86)\Microsoft\Edge\Application\130.0.2849.68\
User: LAPTOP\sriva
LogonGuid: {71bacef4-c1b8-672f-0882-020600000000}
LogonId: 0x6028208
TerminalSessionId: 4
IntegrityLevel: Low
Hashes: SHA256=B000DBCD60378DC5E39341995B080A20C3F1AD748BA47F5DC6D29F6C24B834A3
ParentProcessGuid: {71bacef4-9041-6731-0024-000000001400}
ParentProcessId: 21708
ParentImage: C:\Program Files (x86)\Microsoft\Edge\Application\msedge.exe
ParentCommandLine: ""C:\Program Files (x86)\Microsoft\Edge\Application\msedge.exe"" --no-startup-window
ParentUser: LAPTOP\sriva"
Information,11/12/2024 17:56,Microsoft-Windows-Sysmon,5,Process terminated (rule: ProcessTerminate),"Process terminated:
RuleName: -
UtcTime: 2024-11-13 01:56:33.917
ProcessGuid: {71bacef4-074c-6734-4927-000000001400}
ProcessId: 17664
Image: C:\Windows\System32\dllhost.exe
User: LAPTOP\sriva"
Information,11/12/2024 17:56,Microsoft-Windows-Sysmon,5,Process terminated (rule: ProcessTerminate),"Process terminated:
RuleName: -
UtcTime: 2024-11-13 01:56:33.591
ProcessGuid: {71bacef4-0f30-6733-9226-000000001400}
ProcessId: 12204
Image: C:\Program Files (x86)\Microsoft\Edge\Application\msedge.exe
User: LAPTOP\sriva"
Information,11/12/2024 17:56,Microsoft-Windows-Sysmon,5,Process terminated (rule: ProcessTerminate),"Process terminated:
RuleName: -
UtcTime: 2024-11-13 01:56:32.676
ProcessGuid: {71bacef4-0750-6734-4f27-000000001400}
ProcessId: 20024
Image: C:\Windows\System32\LocationNotificationWindows.exe
User: LAPTOP\sriva"
Information,11/12/2024 17:56,Microsoft-Windows-Sysmon,1,Process Create (rule: ProcessCreate),"Process Create:
RuleName: -
UtcTime: 2024-11-13 01:56:32.559
ProcessGuid: {71bacef4-0750-6734-4f27-000000001400}
ProcessId: 20024
Image: C:\Windows\System32\LocationNotificationWindows.exe
FileVersion: 10.0.22621.3527 (WinBuild.160101.0800)
Description: Location Notification
Product: Microsoft® Windows® Operating System
Company: Microsoft Corporation
OriginalFileName: LocationNotificationWindows.exe
CommandLine: ""C:\Windows\System32\LocationNotificationWindows.exe""
CurrentDirectory: C:\Windows\system32\
User: LAPTOP\sriva
LogonGuid: {71bacef4-c1b8-672f-0882-020600000000}
LogonId: 0x6028208
TerminalSessionId: 4
IntegrityLevel: Medium
Hashes: SHA256=ADAC7C49B563868A7C6379219E34FE7C9EAF16CF3C1E4507A15B629E180D3514
ParentProcessGuid: {71bacef4-7319-6725-3100-000000001400}
ParentProcessId: 2924
ParentImage: C:\Windows\System32\svchost.exe
ParentCommandLine: C:\Windows\system32\svchost.exe -k netsvcs -p -s Schedule
ParentUser: NT AUTHORITY\SYSTEM"
Information,11/12/2024 17:56,Microsoft-Windows-Sysmon,5,Process terminated (rule: ProcessTerminate),"Process terminated:
RuleName: -
UtcTime: 2024-11-13 01:56:31.971
ProcessGuid: {71bacef4-074f-6734-4d27-000000001400}
ProcessId: 19876
Image: C:\Windows\System32\wermgr.exe
User: NT AUTHORITY\SYSTEM"
Information,11/12/2024 17:56,Microsoft-Windows-Sysmon,1,Process Create (rule: ProcessCreate),"Process Create:
RuleName: -
UtcTime: 2024-11-13 01:56:31.597
ProcessGuid: {71bacef4-074f-6734-4e27-000000001400}
ProcessId: 21940
Image: C:\Windows\System32\backgroundTaskHost.exe
FileVersion: 10.0.22621.1 (WinBuild.160101.0800)
Description: Background Task Host
Product: Microsoft® Windows® Operating System
Company: Microsoft Corporation
OriginalFileName: backgroundTaskHost.exe
CommandLine: ""C:\Windows\system32\backgroundTaskHost.exe"" -ServerName:App.AppXe9cvj1thv1hmcw0cs98xm3r97tyzy2xs.mca
CurrentDirectory: C:\Program Files\WindowsApps\Microsoft.WindowsStore_22409.1401.5.0_x64__8wekyb3d8bbwe\
User: LAPTOP\sriva
LogonGuid: {71bacef4-c1b8-672f-0882-020600000000}
LogonId: 0x6028208
TerminalSessionId: 4
IntegrityLevel: AppContainer
Hashes: SHA256=4C8915E07BE1904A3BC02E4F8DB0A80BB932CE610D97EABB9151B4E51F449980
ParentProcessGuid: {71bacef4-7319-6725-0f00-000000001400}
ParentProcessId: 1524
ParentImage: C:\Windows\System32\svchost.exe
ParentCommandLine: C:\Windows\system32\svchost.exe -k DcomLaunch -p
ParentUser: NT AUTHORITY\SYSTEM"
Information,11/12/2024 17:56,Microsoft-Windows-Sysmon,1,Process Create (rule: ProcessCreate),"Process Create:
RuleName: -
UtcTime: 2024-11-13 01:56:31.368
ProcessGuid: {71bacef4-074f-6734-4d27-000000001400}
ProcessId: 19876
Image: C:\Windows\System32\wermgr.exe
FileVersion: 10.0.22621.4391 (WinBuild.160101.0800)
Description: Windows Problem Reporting
Product: Microsoft® Windows® Operating System
Company: Microsoft Corporation
OriginalFileName: WerMgr
CommandLine: ""C:\Windows\system32\wermgr.exe"" -upload
CurrentDirectory: C:\Windows\system32\
User: NT AUTHORITY\SYSTEM
LogonGuid: {71bacef4-7319-6725-e703-000000000000}
LogonId: 0x3E7
TerminalSessionId: 0
IntegrityLevel: System
Hashes: SHA256=26DD6025F404AD3E7AC2F818758A128D3BCC24104720006FF087BCA4C379EDF6
ParentProcessGuid: {71bacef4-7319-6725-3100-000000001400}
ParentProcessId: 2924
ParentImage: C:\Windows\System32\svchost.exe
ParentCommandLine: C:\Windows\system32\svchost.exe -k netsvcs -p -s Schedule
ParentUser: NT AUTHORITY\SYSTEM"
Information,11/12/2024 17:56,Microsoft-Windows-Sysmon,1,Process Create (rule: ProcessCreate),"Process Create:
RuleName: -
UtcTime: 2024-11-13 01:56:30.764
ProcessGuid: {71bacef4-074e-6734-4c27-000000001400}
ProcessId: 5004
Image: C:\Program Files (x86)\Microsoft\Edge\Application\msedge.exe
FileVersion: 130.0.2849.68
Description: Microsoft Edge
Product: Microsoft Edge
Company: Microsoft Corporation
OriginalFileName: msedge.exe
CommandLine: ""C:\Program Files (x86)\Microsoft\Edge\Application\msedge.exe"" --type=renderer --string-annotations=is-enterprise-managed=no --pdf-upsell-enabled --video-capture-use-gpu-memory-buffer --lang=en-US --js-flags=--ms-user-locale= --device-scale-factor=1.25 --num-raster-threads=4 --enable-main-frame-before-activation --renderer-client-id=109 --time-ticks-at-unix-epoch=-1730507522046796 --launch-time-ticks=955468994914 --field-trial-handle=9820,i,15025092077628641454,472859390721274277,262144 --variations-seed-version --mojo-platform-channel-handle=4284 /prefetch:1
CurrentDirectory: C:\Program Files (x86)\Microsoft\Edge\Application\130.0.2849.68\
User: LAPTOP\sriva
LogonGuid: {71bacef4-c1b8-672f-0882-020600000000}
LogonId: 0x6028208
TerminalSessionId: 4
IntegrityLevel: AppContainer
Hashes: SHA256=B000DBCD60378DC5E39341995B080A20C3F1AD748BA47F5DC6D29F6C24B834A3
ParentProcessGuid: {71bacef4-9041-6731-0024-000000001400}
ParentProcessId: 21708
ParentImage: C:\Program Files (x86)\Microsoft\Edge\Application\msedge.exe
ParentCommandLine: ""C:\Program Files (x86)\Microsoft\Edge\Application\msedge.exe"" --no-startup-window
ParentUser: LAPTOP\sriva"
Information,11/12/2024 17:56,Microsoft-Windows-Sysmon,1,Process Create (rule: ProcessCreate),"Process Create:
RuleName: -
UtcTime: 2024-11-13 01:56:29.153
ProcessGuid: {71bacef4-074d-6734-4b27-000000001400}
ProcessId: 884
Image: C:\Windows\System32\SearchProtocolHost.exe
FileVersion: 7.0.22621.4391 (WinBuild.160101.0800)
Description: Microsoft Windows Search Protocol Host
Product: Windows® Search
Company: Microsoft Corporation
OriginalFileName: SearchProtocolHost.exe
CommandLine: ""C:\Windows\System32\SearchProtocolHost.exe"" Global\UsGthrFltPipeMssGthrPipe_S-1-5-21-3388967182-3398865995-3079285575-100182_ Global\UsGthrCtrlFltPipeMssGthrPipe_S-1-5-21-3388967182-3398865995-3079285575-100182 1 -2147483646 ""Software\Microsoft\Windows Search"" ""Mozilla/4.0 (compatible; MSIE 6.0; Windows NT; MS Search 4.0 Robot)"" ""C:\ProgramData\Microsoft\Search\Data\Temp\usgthrsvc"" ""DownLevelDaemon""  ""1""
CurrentDirectory: C:\Windows\system32\
User: LAPTOP\sriva
LogonGuid: {71bacef4-c1b8-672f-0882-020600000000}
LogonId: 0x6028208
TerminalSessionId: 4
IntegrityLevel: Medium
Hashes: SHA256=E7729F6FC587E90EBDE353D6245AD72F92BC063B3833D1693BD034B2FFA59625
ParentProcessGuid: {71bacef4-7326-6725-8b01-000000001400}
ParentProcessId: 14076
ParentImage: C:\Windows\System32\SearchIndexer.exe
ParentCommandLine: C:\Windows\system32\SearchIndexer.exe /Embedding
ParentUser: NT AUTHORITY\SYSTEM"
Information,11/12/2024 17:56,Microsoft-Windows-Sysmon,1,Process Create (rule: ProcessCreate),"Process Create:
RuleName: -
UtcTime: 2024-11-13 01:56:29.088
ProcessGuid: {71bacef4-074d-6734-4a27-000000001400}
ProcessId: 13976
Image: C:\Windows\System32\backgroundTaskHost.exe
FileVersion: 10.0.22621.1 (WinBuild.160101.0800)
Description: Background Task Host
Product: Microsoft® Windows® Operating System
Company: Microsoft Corporation
OriginalFileName: backgroundTaskHost.exe
CommandLine: ""C:\Windows\system32\backgroundTaskHost.exe"" -ServerName:App.AppXfkd8mejksk4ancwf4vtyhmkvtzn1jcbs.mca
CurrentDirectory: C:\Program Files\WindowsApps\Microsoft.YourPhone_1.24101.61.0_x64__8wekyb3d8bbwe\
User: LAPTOP\sriva
LogonGuid: {71bacef4-c1b8-672f-0882-020600000000}
LogonId: 0x6028208
TerminalSessionId: 4
IntegrityLevel: AppContainer
Hashes: SHA256=4C8915E07BE1904A3BC02E4F8DB0A80BB932CE610D97EABB9151B4E51F449980
ParentProcessGuid: {71bacef4-7319-6725-0f00-000000001400}
ParentProcessId: 1524
ParentImage: C:\Windows\System32\svchost.exe
ParentCommandLine: C:\Windows\system32\svchost.exe -k DcomLaunch -p
ParentUser: NT AUTHORITY\SYSTEM"
Information,11/12/2024 17:56,Microsoft-Windows-Sysmon,1,Process Create (rule: ProcessCreate),"Process Create:
RuleName: -
UtcTime: 2024-11-13 01:56:28.636
ProcessGuid: {71bacef4-074c-6734-4927-000000001400}
ProcessId: 17664
Image: C:\Windows\System32\dllhost.exe
FileVersion: 10.0.22621.1 (WinBuild.160101.0800)
Description: COM Surrogate
Product: Microsoft® Windows® Operating System
Company: Microsoft Corporation
OriginalFileName: dllhost.exe
CommandLine: C:\Windows\system32\DllHost.exe /Processid:{AB8902B4-09CA-4BB6-B78D-A8F59079A8D5}
CurrentDirectory: C:\Windows\system32\
User: LAPTOP\sriva
LogonGuid: {71bacef4-c1b8-672f-0882-020600000000}
LogonId: 0x6028208
TerminalSessionId: 4
IntegrityLevel: Medium
Hashes: SHA256=FDFAD08EADD54A431E431FEBE60E87B574CE90E5502ED0BE2F026A1828120FC6
ParentProcessGuid: {71bacef4-7319-6725-0f00-000000001400}
ParentProcessId: 1524
ParentImage: C:\Windows\System32\svchost.exe
ParentCommandLine: C:\Windows\system32\svchost.exe -k DcomLaunch -p
ParentUser: NT AUTHORITY\SYSTEM"
Information,11/12/2024 17:56,Microsoft-Windows-Sysmon,5,Process terminated (rule: ProcessTerminate),"Process terminated:
RuleName: -
UtcTime: 2024-11-13 01:56:25.450
ProcessGuid: {71bacef4-0732-6734-4627-000000001400}
ProcessId: 23296
Image: C:\Program Files (x86)\Microsoft\EdgeUpdate\MicrosoftEdgeUpdate.exe
User: NT AUTHORITY\SYSTEM"
Information,11/12/2024 17:56,Microsoft-Windows-Sysmon,5,Process terminated (rule: ProcessTerminate),"Process terminated:
RuleName: -
UtcTime: 2024-11-13 01:56:25.434
ProcessGuid: {71bacef4-073e-6734-4727-000000001400}
ProcessId: 17692
Image: C:\Program Files (x86)\Microsoft\EdgeUpdate\MicrosoftEdgeUpdate.exe
User: NT AUTHORITY\SYSTEM"
Information,11/12/2024 17:56,Microsoft-Windows-Sysmon,1,Process Create (rule: ProcessCreate),"Process Create:
RuleName: -
UtcTime: 2024-11-13 01:56:19.080
ProcessGuid: {71bacef4-0743-6734-4827-000000001400}
ProcessId: 27312
Image: C:\Program Files (x86)\Microsoft\Edge\Application\msedge.exe
FileVersion: 130.0.2849.68
Description: Microsoft Edge
Product: Microsoft Edge
Company: Microsoft Corporation
OriginalFileName: msedge.exe
CommandLine: ""C:\Program Files (x86)\Microsoft\Edge\Application\msedge.exe"" --type=renderer --string-annotations=is-enterprise-managed=no --pdf-upsell-enabled --video-capture-use-gpu-memory-buffer --lang=en-US --js-flags=--ms-user-locale= --device-scale-factor=1.25 --num-raster-threads=4 --enable-main-frame-before-activation --renderer-client-id=108 --time-ticks-at-unix-epoch=-1730507522046796 --launch-time-ticks=955457309709 --field-trial-handle=7724,i,15025092077628641454,472859390721274277,262144 --variations-seed-version --mojo-platform-channel-handle=9952 /prefetch:1
CurrentDirectory: C:\Program Files (x86)\Microsoft\Edge\Application\130.0.2849.68\
User: LAPTOP\sriva
LogonGuid: {71bacef4-c1b8-672f-0882-020600000000}
LogonId: 0x6028208
TerminalSessionId: 4
IntegrityLevel: AppContainer
Hashes: SHA256=B000DBCD60378DC5E39341995B080A20C3F1AD748BA47F5DC6D29F6C24B834A3
ParentProcessGuid: {71bacef4-9041-6731-0024-000000001400}
ParentProcessId: 21708
ParentImage: C:\Program Files (x86)\Microsoft\Edge\Application\msedge.exe
ParentCommandLine: ""C:\Program Files (x86)\Microsoft\Edge\Application\msedge.exe"" --no-startup-window
ParentUser: LAPTOP\sriva"
Information,11/12/2024 17:56,Microsoft-Windows-Sysmon,5,Process terminated (rule: ProcessTerminate),"Process terminated:
RuleName: -
UtcTime: 2024-11-13 01:56:14.528
ProcessGuid: {71bacef4-06b6-6734-2b27-000000001400}
ProcessId: 4672
Image: C:\Windows\System32\RuntimeBroker.exe
User: LAPTOP\sriva"
Information,11/12/2024 17:56,Microsoft-Windows-Sysmon,5,Process terminated (rule: ProcessTerminate),"Process terminated:
RuleName: -
UtcTime: 2024-11-13 01:56:14.346
ProcessGuid: {71bacef4-0723-6734-4527-000000001400}
ProcessId: 27244
Image: C:\Program Files (x86)\Microsoft\EdgeUpdate\MicrosoftEdgeUpdate.exe
User: NT AUTHORITY\SYSTEM"
Information,11/12/2024 17:56,Microsoft-Windows-Sysmon,1,Process Create (rule: ProcessCreate),"Process Create:
RuleName: -
UtcTime: 2024-11-13 01:56:14.231
ProcessGuid: {71bacef4-073e-6734-4727-000000001400}
ProcessId: 17692
Image: C:\Program Files (x86)\Microsoft\EdgeUpdate\MicrosoftEdgeUpdate.exe
FileVersion: 1.3.155.85
Description: Microsoft Edge Update
Product: Microsoft Edge Update
Company: Microsoft Corporation
OriginalFileName: msedgeupdate.dll
CommandLine: ""C:\Program Files (x86)\Microsoft\EdgeUpdate\MicrosoftEdgeUpdate.exe"" /ping PD94bWwgdmVyc2lvbj0iMS4wIiBlbmNvZGluZz0iVVRGLTgiPz48cmVxdWVzdCBwcm90b2NvbD0iMy4wIiB1cGRhdGVyPSJPbWFoYSIgdXBkYXRlcnZlcnNpb249IjEuMy4xOTUuMzUiIHNoZWxsX3ZlcnNpb249IjEuMy4xNTUuODUiIGlzbWFjaGluZT0iMSIgc2Vzc2lvbmlkPSJ7MzI4NEQ3NEQtMjJGRC00NTE4LTgzNzktM0ZERjRCMEEwMjU5fSIgdXNlcmlkPSJ7ODA1MTZGQUQtQTc5Mi00Q0E1LTk1QUQtQTVGREU1NEZGRjczfSIgaW5zdGFsbHNvdXJjZT0ic2NoZWR1bGVyIiByZXF1ZXN0aWQ9IntBODg0NEEzMy0xQzUyLTQwQTUtOEI5MC0xQUNBRUZERjU5RkN9IiBkZWR1cD0iY3IiIGRvbWFpbmpvaW5lZD0iMCI-PGh3IGxvZ2ljYWxfY3B1cz0iMTIiIHBoeXNtZW1vcnk9IjgiIGRpc2tfdHlwZT0iMiIgc3NlPSIxIiBzc2UyPSIxIiBzc2UzPSIxIiBzc3NlMz0iMSIgc3NlNDE9IjEiIHNzZTQyPSIxIiBhdng9IjEiLz48b3MgcGxhdGZvcm09IndpbiIgdmVyc2lvbj0iMTAuMC4yMjYzMS40MzkxIiBzcD0iIiBhcmNoPSJ4NjQiIHByb2R1Y3RfdHlwZT0iMTAxIiBpc193aXA9IjAiIGlzX2luX2xvY2tkb3duX21vZGU9IjAiLz48b2VtIHByb2R1Y3RfbWFudWZhY3R1cmVyPSJBU1VTVGVLIENPTVBVVEVSIElOQy4iIHByb2R1Y3RfbmFtZT0iVml2b2Jvb2tfQVNVU0xhcHRvcCBUUDM2MDRWQV9UUDM2MDRWQSIvPjxleHAgZXRhZz0iJnF1b3Q7bGhWaTEyUWNrNlNsMHVVMU9CNlkxNTI5YlI2YnNleTQrY3U3ZEh4czZjaz0mcXVvdDsiLz48YXBwIGFwcGlkPSJ7RjNDNEZFMDAtRUZENS00MDNCLTk1NjktMzk4QTIwRjFCQTRBfSIgdmVyc2lvbj0iMS4zLjE5NS4zNSIgbmV4dHZlcnNpb249IiIgbGFuZz0iIiBicmFuZD0iSU5CWCIgY2xpZW50PSIiIGV4cGVyaW1lbnRzPSJJc09uSW50ZXJ2YWxDb21tYW5kc0FsbG93ZWQ9JTVCJTIyLXRhcmdldF9kZXYlMjAtbWluX2Jyb3dzZXJfdmVyc2lvbl9jYW5hcnlfZGV2JTIwMTMxLjAuMjg3MS4wJTIyJTVEIiBpbnN0YWxsYWdlPSIyMjciIGNvaG9ydD0icnJmQDAuNTUiPjx1cGRhdGVjaGVjay8-PHBpbmcgcj0iMSIgcmQ9IjY1MjUiIHBpbmdfZnJlc2huZXNzPSJ7NDA5NkM3MDktMTZBRS00MjY4LTlEMTItQzhGNTBGRkZFRDMyfSIvPjwvYXBwPjxhcHAgYXBwaWQ9Ins1NkVCMThGOC1CMDA4LTRDQkQtQjZEMi04Qzk3RkU3RTkwNjJ9IiB2ZXJzaW9uPSIxMzAuMC4yODQ5LjgwIiBuZXh0dmVyc2lvbj0iIiBsYW5nPSIiIGJyYW5kPSJJTkJYIiBjbGllbnQ9IiIgaW5zdGFsbGFnZT0iNTMyIiBjb2hvcnQ9InJyZkAwLjgxIiBvb2JlX2luc3RhbGxfdGltZT0iMTMzNzE3MTc1Nzk5MzI4MDMwIiB1cGRhdGVfY291bnQ9IjgiIGlzX3Bpbm5lZF9zeXN0ZW09InRydWUiIGxhc3RfbGF1bmNoX2NvdW50PSIxIiBsYXN0X2xhdW5jaF90aW1lPSIxMzM3NTg3MTg4NTAyNzg2MzAiIGZpcnN0X2ZyZV9zZWVuX3RpbWU9IjEzMzcxNzIzMDgwMzgyMzQ0MCIgZmlyc3RfZnJlX3NlZW5fdmVyc2lvbj0iMTI5LjAuMjc5Mi41MiI-PHVwZGF0ZWNoZWNrLz48cGluZyBhY3RpdmU9IjEiIGE9IjEiIHI9IjEiIGFkPSI2NTI1IiByZD0iNjUyNSIgcGluZ19mcmVzaG5lc3M9InsyODREQTE1OS1BQTUyLTRDNTMtOUZCRi0zRTdEMzBCRjY4NTd9Ii8-PC9hcHA-PGFwcCBhcHBpZD0ie0YzMDE3MjI2LUZFMkEtNDI5NS04QkRGLTAwQzNBOUE3RTRDNX0iIHZlcnNpb249IjEzMC4wLjI4NDkuNTYiIG5leHR2ZXJzaW9uPSIiIGxhbmc9IiIgYnJhbmQ9IklOQlgiIGNsaWVudD0iIiBpbnN0YWxsYWdlPSI1MzIiIGNvaG9ydD0icnJmQDAuNzEiIHVwZGF0ZV9jb3VudD0iNiIgbGFzdF9sYXVuY2hfY291bnQ9IjEiIGxhc3RfbGF1bmNoX3RpbWU9IjEzMzc1ODcxNzQ4OTY3MjY3MCI-PHVwZGF0ZWNoZWNrLz48cGluZyBhY3RpdmU9IjAiIHI9IjEiIHJkPSI2NTI1IiBwaW5nX2ZyZXNobmVzcz0iezk5MEZGQjA5LUZEMkUtNEU0My1BMUZELTE0QjY5QzE0RkU5N30iLz48L2FwcD48L3JlcXVlc3Q-
CurrentDirectory: C:\Program Files (x86)\Microsoft\EdgeUpdate\1.3.195.35\
User: NT AUTHORITY\SYSTEM
LogonGuid: {71bacef4-7319-6725-e703-000000000000}
LogonId: 0x3E7
TerminalSessionId: 0
IntegrityLevel: System
Hashes: SHA256=54545F352215A9C0F370A01980AADCD5749A93589931662D89A974D7BD60F476
ParentProcessGuid: {71bacef4-0732-6734-4627-000000001400}
ParentProcessId: 23296
ParentImage: C:\Program Files (x86)\Microsoft\EdgeUpdate\MicrosoftEdgeUpdate.exe
ParentCommandLine: ""C:\Program Files (x86)\Microsoft\EdgeUpdate\MicrosoftEdgeUpdate.exe"" /svc
ParentUser: NT AUTHORITY\SYSTEM"
Information,11/12/2024 17:56,Microsoft-Windows-Sysmon,5,Process terminated (rule: ProcessTerminate),"Process terminated:
RuleName: -
UtcTime: 2024-11-13 01:56:08.577
ProcessGuid: {71bacef4-06f9-6734-3f27-000000001400}
ProcessId: 20684
Image: C:\Windows\System32\svchost.exe
User: NT AUTHORITY\SYSTEM"
Information,11/12/2024 17:56,Microsoft-Windows-Sysmon,1,Process Create (rule: ProcessCreate),"Process Create:
RuleName: -
UtcTime: 2024-11-13 01:56:02.749
ProcessGuid: {71bacef4-0732-6734-4627-000000001400}
ProcessId: 23296
Image: C:\Program Files (x86)\Microsoft\EdgeUpdate\MicrosoftEdgeUpdate.exe
FileVersion: 1.3.155.85
Description: Microsoft Edge Update
Product: Microsoft Edge Update
Company: Microsoft Corporation
OriginalFileName: msedgeupdate.dll
CommandLine: ""C:\Program Files (x86)\Microsoft\EdgeUpdate\MicrosoftEdgeUpdate.exe"" /svc
CurrentDirectory: C:\Windows\system32\
User: NT AUTHORITY\SYSTEM
LogonGuid: {71bacef4-7319-6725-e703-000000000000}
LogonId: 0x3E7
TerminalSessionId: 0
IntegrityLevel: System
Hashes: SHA256=54545F352215A9C0F370A01980AADCD5749A93589931662D89A974D7BD60F476
ParentProcessGuid: {71bacef4-7319-6725-0c00-000000001400}
ParentProcessId: 1340
ParentImage: C:\Windows\System32\services.exe
ParentCommandLine: C:\Windows\system32\services.exe
ParentUser: NT AUTHORITY\SYSTEM"
Information,11/12/2024 17:55,Microsoft-Windows-Sysmon,5,Process terminated (rule: ProcessTerminate),"Process terminated:
RuleName: -
UtcTime: 2024-11-13 01:55:55.507
ProcessGuid: {71bacef4-06d3-6734-3027-000000001400}
ProcessId: 26756
Image: C:\Windows\System32\SearchProtocolHost.exe
User: LAPTOP\sriva"
Information,11/12/2024 17:55,Microsoft-Windows-Sysmon,5,Process terminated (rule: ProcessTerminate),"Process terminated:
RuleName: -
UtcTime: 2024-11-13 01:55:48.556
ProcessGuid: {71bacef4-1160-6733-b526-000000001400}
ProcessId: 25224
Image: C:\Windows\System32\svchost.exe
User: NT AUTHORITY\SYSTEM"
Information,11/12/2024 17:55,Microsoft-Windows-Sysmon,5,Process terminated (rule: ProcessTerminate),"Process terminated:
RuleName: -
UtcTime: 2024-11-13 01:55:48.525
ProcessGuid: {71bacef4-1160-6733-b626-000000001400}
ProcessId: 13944
Image: C:\Windows\System32\BioIso.exe
User: NT AUTHORITY\SYSTEM"
Information,11/12/2024 17:55,Microsoft-Windows-Sysmon,1,Process Create (rule: ProcessCreate),"Process Create:
RuleName: -
UtcTime: 2024-11-13 01:55:47.104
ProcessGuid: {71bacef4-0723-6734-4527-000000001400}
ProcessId: 27244
Image: C:\Program Files (x86)\Microsoft\EdgeUpdate\MicrosoftEdgeUpdate.exe
FileVersion: 1.3.155.85
Description: Microsoft Edge Update
Product: Microsoft Edge Update
Company: Microsoft Corporation
OriginalFileName: msedgeupdate.dll
CommandLine: ""C:\Program Files (x86)\Microsoft\EdgeUpdate\MicrosoftEdgeUpdate.exe"" /ua /installsource scheduler
CurrentDirectory: C:\Windows\system32\
User: NT AUTHORITY\SYSTEM
LogonGuid: {71bacef4-7319-6725-e703-000000000000}
LogonId: 0x3E7
TerminalSessionId: 0
IntegrityLevel: System
Hashes: SHA256=54545F352215A9C0F370A01980AADCD5749A93589931662D89A974D7BD60F476
ParentProcessGuid: {71bacef4-7319-6725-3100-000000001400}
ParentProcessId: 2924
ParentImage: C:\Windows\System32\svchost.exe
ParentCommandLine: C:\Windows\system32\svchost.exe -k netsvcs -p -s Schedule
ParentUser: NT AUTHORITY\SYSTEM"
Information,11/12/2024 17:55,Microsoft-Windows-Sysmon,5,Process terminated (rule: ProcessTerminate),"Process terminated:
RuleName: -
UtcTime: 2024-11-13 01:55:44.485
ProcessGuid: {71bacef4-06b5-6734-2727-000000001400}
ProcessId: 18884
Image: C:\Windows\System32\backgroundTaskHost.exe
User: LAPTOP\sriva"
Information,11/12/2024 17:55,Microsoft-Windows-Sysmon,5,Process terminated (rule: ProcessTerminate),"Process terminated:
RuleName: -
UtcTime: 2024-11-13 01:55:24.812
ProcessGuid: {71bacef4-06dd-6734-3627-000000001400}
ProcessId: 15380
Image: C:\Windows\System32\RuntimeBroker.exe
User: LAPTOP\sriva"
Information,11/12/2024 17:55,Microsoft-Windows-Sysmon,5,Process terminated (rule: ProcessTerminate),"Process terminated:
RuleName: -
UtcTime: 2024-11-13 01:55:24.812
ProcessGuid: {71bacef4-06dd-6734-3527-000000001400}
ProcessId: 21272
Image: C:\Windows\System32\RuntimeBroker.exe
User: LAPTOP\sriva"
Information,11/12/2024 17:55,Microsoft-Windows-Sysmon,5,Process terminated (rule: ProcessTerminate),"Process terminated:
RuleName: -
UtcTime: 2024-11-13 01:55:11.831
ProcessGuid: {71bacef4-65c0-6733-dc26-000000001400}
ProcessId: 19128
Image: C:\Windows\System32\wbem\WmiPrvSE.exe
User: NT AUTHORITY\NETWORK SERVICE"
Information,11/12/2024 17:55,Microsoft-Windows-Sysmon,5,Process terminated (rule: ProcessTerminate),"Process terminated:
RuleName: -
UtcTime: 2024-11-13 01:55:11.207
ProcessGuid: {71bacef4-06fe-6734-4127-000000001400}
ProcessId: 13976
Image: C:\Windows\System32\conhost.exe
User: NT AUTHORITY\SYSTEM"
Information,11/12/2024 17:55,Microsoft-Windows-Sysmon,5,Process terminated (rule: ProcessTerminate),"Process terminated:
RuleName: -
UtcTime: 2024-11-13 01:55:11.207
ProcessGuid: {71bacef4-06fd-6734-4027-000000001400}
ProcessId: 14792
Image: C:\Windows\SysWOW64\cmd.exe
User: NT AUTHORITY\SYSTEM"
Information,11/12/2024 17:55,Microsoft-Windows-Sysmon,5,Process terminated (rule: ProcessTerminate),"Process terminated:
RuleName: -
UtcTime: 2024-11-13 01:55:11.191
ProcessGuid: {71bacef4-06fe-6734-4427-000000001400}
ProcessId: 7384
Image: C:\Windows\SysWOW64\PING.EXE
User: NT AUTHORITY\SYSTEM"
Information,11/12/2024 17:55,Microsoft-Windows-Sysmon,1,Process Create (rule: ProcessCreate),"Process Create:
RuleName: -
UtcTime: 2024-11-13 01:55:10.141
ProcessGuid: {71bacef4-06fe-6734-4427-000000001400}
ProcessId: 7384
Image: C:\Windows\SysWOW64\PING.EXE
FileVersion: 10.0.22621.3085 (WinBuild.160101.0800)
Description: TCP/IP Ping Command
Product: Microsoft® Windows® Operating System
Company: Microsoft Corporation
OriginalFileName: ping.exe
CommandLine: ping  -n 2 127.0.0.1 
CurrentDirectory: C:\Windows\System32\
User: NT AUTHORITY\SYSTEM
LogonGuid: {71bacef4-7319-6725-e703-000000000000}
LogonId: 0x3E7
TerminalSessionId: 0
IntegrityLevel: System
Hashes: SHA256=FD78C547A1662906D97412E1B4352E7BF9E5846CF2B72FE59F5791C272792A77
ParentProcessGuid: {71bacef4-06fd-6734-4027-000000001400}
ParentProcessId: 14792
ParentImage: C:\Windows\SysWOW64\cmd.exe
ParentCommandLine: ""C:\Windows\system32\cmd.exe"" /Q /C """"C:\Program Files (x86)\Google\GoogleUpdater\131.0.6776.2\uninstall.cmd"" --dir=""C:\Program Files (x86)\Google\GoogleUpdater\131.0.6776.2""""
ParentUser: NT AUTHORITY\SYSTEM"
Information,11/12/2024 17:55,Microsoft-Windows-Sysmon,5,Process terminated (rule: ProcessTerminate),"Process terminated:
RuleName: -
UtcTime: 2024-11-13 01:55:10.134
ProcessGuid: {71bacef4-06fe-6734-4327-000000001400}
ProcessId: 18164
Image: C:\Windows\SysWOW64\findstr.exe
User: NT AUTHORITY\SYSTEM"
Information,11/12/2024 17:55,Microsoft-Windows-Sysmon,1,Process Create (rule: ProcessCreate),"Process Create:
RuleName: -
UtcTime: 2024-11-13 01:55:10.102
ProcessGuid: {71bacef4-06fe-6734-4327-000000001400}
ProcessId: 18164
Image: C:\Windows\SysWOW64\findstr.exe
FileVersion: 10.0.22621.1 (WinBuild.160101.0800)
Description: Find String (QGREP) Utility
Product: Microsoft® Windows® Operating System
Company: Microsoft Corporation
OriginalFileName: FINDSTR.EXE
CommandLine: FindStr  /L \Google\GoogleUpdater 
CurrentDirectory: C:\Windows\System32\
User: NT AUTHORITY\SYSTEM
LogonGuid: {71bacef4-7319-6725-e703-000000000000}
LogonId: 0x3E7
TerminalSessionId: 0
IntegrityLevel: System
Hashes: SHA256=9860FF6393380886ABA23488161C1DC61FC65359E9415FBCEAD54A47510A90D3
ParentProcessGuid: {71bacef4-06fd-6734-4027-000000001400}
ParentProcessId: 14792
ParentImage: C:\Windows\SysWOW64\cmd.exe
ParentCommandLine: ""C:\Windows\system32\cmd.exe"" /Q /C """"C:\Program Files (x86)\Google\GoogleUpdater\131.0.6776.2\uninstall.cmd"" --dir=""C:\Program Files (x86)\Google\GoogleUpdater\131.0.6776.2""""
ParentUser: NT AUTHORITY\SYSTEM"
Information,11/12/2024 17:55,Microsoft-Windows-Sysmon,5,Process terminated (rule: ProcessTerminate),"Process terminated:
RuleName: -
UtcTime: 2024-11-13 01:55:10.104
ProcessGuid: {71bacef4-06fe-6734-4227-000000001400}
ProcessId: 24000
Image: C:\Windows\SysWOW64\cmd.exe
User: NT AUTHORITY\SYSTEM"
Information,11/12/2024 17:55,Microsoft-Windows-Sysmon,1,Process Create (rule: ProcessCreate),"Process Create:
RuleName: -
UtcTime: 2024-11-13 01:55:10.055
ProcessGuid: {71bacef4-06fe-6734-4227-000000001400}
ProcessId: 24000
Image: C:\Windows\SysWOW64\cmd.exe
FileVersion: 10.0.22621.4391 (WinBuild.160101.0800)
Description: Windows Command Processor
Product: Microsoft® Windows® Operating System
Company: Microsoft Corporation
OriginalFileName: Cmd.Exe
CommandLine: C:\Windows\system32\cmd.exe  /S /D /c"" echo ""C:\Program Files (x86)\Google\GoogleUpdater\131.0.6776.2"" ""
CurrentDirectory: C:\Windows\System32\
User: NT AUTHORITY\SYSTEM
LogonGuid: {71bacef4-7319-6725-e703-000000000000}
LogonId: 0x3E7
TerminalSessionId: 0
IntegrityLevel: System
Hashes: SHA256=D1FD619B018A627A81A6237252E4DA41797410F702244E16A9059F4D8CF74337
ParentProcessGuid: {71bacef4-06fd-6734-4027-000000001400}
ParentProcessId: 14792
ParentImage: C:\Windows\SysWOW64\cmd.exe
ParentCommandLine: ""C:\Windows\system32\cmd.exe"" /Q /C """"C:\Program Files (x86)\Google\GoogleUpdater\131.0.6776.2\uninstall.cmd"" --dir=""C:\Program Files (x86)\Google\GoogleUpdater\131.0.6776.2""""
ParentUser: NT AUTHORITY\SYSTEM"
Information,11/12/2024 17:55,Microsoft-Windows-Sysmon,1,Process Create (rule: ProcessCreate),"Process Create:
RuleName: -
UtcTime: 2024-11-13 01:55:10.007
ProcessGuid: {71bacef4-06fe-6734-4127-000000001400}
ProcessId: 13976
Image: C:\Windows\System32\conhost.exe
FileVersion: 10.0.22621.3672 (WinBuild.160101.0800)
Description: Console Window Host
Product: Microsoft® Windows® Operating System
Company: Microsoft Corporation
OriginalFileName: CONHOST.EXE
CommandLine: \??\C:\Windows\system32\conhost.exe 0xffffffff -ForceV1
CurrentDirectory: C:\Windows
User: NT AUTHORITY\SYSTEM
LogonGuid: {71bacef4-7319-6725-e703-000000000000}
LogonId: 0x3E7
TerminalSessionId: 0
IntegrityLevel: System
Hashes: SHA256=F801E65F937827635EB462CAF8CACBD473B9FC5CA428A9216A60C686F45802C1
ParentProcessGuid: {71bacef4-06fd-6734-4027-000000001400}
ParentProcessId: 14792
ParentImage: C:\Windows\SysWOW64\cmd.exe
ParentCommandLine: ""C:\Windows\system32\cmd.exe"" /Q /C """"C:\Program Files (x86)\Google\GoogleUpdater\131.0.6776.2\uninstall.cmd"" --dir=""C:\Program Files (x86)\Google\GoogleUpdater\131.0.6776.2""""
ParentUser: NT AUTHORITY\SYSTEM"
Information,11/12/2024 17:55,Microsoft-Windows-Sysmon,5,Process terminated (rule: ProcessTerminate),"Process terminated:
RuleName: -
UtcTime: 2024-11-13 01:55:10.005
ProcessGuid: {71bacef4-06e2-6734-3b27-000000001400}
ProcessId: 25312
Image: C:\Program Files (x86)\Google\GoogleUpdater\131.0.6776.2\updater.exe
User: NT AUTHORITY\SYSTEM"
Information,11/12/2024 17:55,Microsoft-Windows-Sysmon,5,Process terminated (rule: ProcessTerminate),"Process terminated:
RuleName: -
UtcTime: 2024-11-13 01:55:09.995
ProcessGuid: {71bacef4-06e2-6734-3a27-000000001400}
ProcessId: 13852
Image: C:\Program Files (x86)\Google\GoogleUpdater\131.0.6776.2\updater.exe
User: NT AUTHORITY\SYSTEM"
Information,11/12/2024 17:55,Microsoft-Windows-Sysmon,1,Process Create (rule: ProcessCreate),"Process Create:
RuleName: -
UtcTime: 2024-11-13 01:55:09.971
ProcessGuid: {71bacef4-06fd-6734-4027-000000001400}
ProcessId: 14792
Image: C:\Windows\SysWOW64\cmd.exe
FileVersion: 10.0.22621.4391 (WinBuild.160101.0800)
Description: Windows Command Processor
Product: Microsoft® Windows® Operating System
Company: Microsoft Corporation
OriginalFileName: Cmd.Exe
CommandLine: ""C:\Windows\system32\cmd.exe"" /Q /C """"C:\Program Files (x86)\Google\GoogleUpdater\131.0.6776.2\uninstall.cmd"" --dir=""C:\Program Files (x86)\Google\GoogleUpdater\131.0.6776.2""""
CurrentDirectory: C:\Windows\system32\
User: NT AUTHORITY\SYSTEM
LogonGuid: {71bacef4-7319-6725-e703-000000000000}
LogonId: 0x3E7
TerminalSessionId: 0
IntegrityLevel: System
Hashes: SHA256=D1FD619B018A627A81A6237252E4DA41797410F702244E16A9059F4D8CF74337
ParentProcessGuid: {71bacef4-06e2-6734-3a27-000000001400}
ParentProcessId: 13852
ParentImage: C:\Program Files (x86)\Google\GoogleUpdater\131.0.6776.2\updater.exe
ParentCommandLine: ""C:\Program Files (x86)\Google\GoogleUpdater\131.0.6776.2\updater.exe"" --system --windows-service --service=update-internal
ParentUser: NT AUTHORITY\SYSTEM"
Information,11/12/2024 17:55,Microsoft-Windows-Sysmon,1,Process Create (rule: ProcessCreate),"Process Create:
RuleName: -
UtcTime: 2024-11-13 01:55:05.599
ProcessGuid: {71bacef4-06f9-6734-3f27-000000001400}
ProcessId: 20684
Image: C:\Windows\System32\svchost.exe
FileVersion: 10.0.22621.1 (WinBuild.160101.0800)
Description: Host Process for Windows Services
Product: Microsoft® Windows® Operating System
Company: Microsoft Corporation
OriginalFileName: svchost.exe
CommandLine: C:\Windows\System32\svchost.exe -k netsvcs -p -s NetSetupSvc
CurrentDirectory: C:\Windows\system32\
User: NT AUTHORITY\SYSTEM
LogonGuid: {71bacef4-7319-6725-e703-000000000000}
LogonId: 0x3E7
TerminalSessionId: 0
IntegrityLevel: System
Hashes: SHA256=949BFB5B4C7D58D92F3F9C5F8EC7CA4CEAFFD10EC5F0020F0A987C472D61C54B
ParentProcessGuid: {71bacef4-7319-6725-0c00-000000001400}
ParentProcessId: 1340
ParentImage: C:\Windows\System32\services.exe
ParentCommandLine: C:\Windows\system32\services.exe
ParentUser: NT AUTHORITY\SYSTEM"
Information,11/12/2024 17:55,Microsoft-Windows-Sysmon,5,Process terminated (rule: ProcessTerminate),"Process terminated:
RuleName: -
UtcTime: 2024-11-13 01:55:02.995
ProcessGuid: {71bacef4-06b5-6734-2627-000000001400}
ProcessId: 9400
Image: C:\Windows\System32\backgroundTaskHost.exe
User: LAPTOP\sriva"
Information,11/12/2024 17:55,Microsoft-Windows-Sysmon,5,Process terminated (rule: ProcessTerminate),"Process terminated:
RuleName: -
UtcTime: 2024-11-13 01:55:02.791
ProcessGuid: {71bacef4-06b5-6734-2927-000000001400}
ProcessId: 22188
Image: C:\Windows\System32\backgroundTaskHost.exe
User: LAPTOP\sriva"
Information,11/12/2024 17:54,Microsoft-Windows-Sysmon,5,Process terminated (rule: ProcessTerminate),"Process terminated:
RuleName: -
UtcTime: 2024-11-13 01:54:59.935
ProcessGuid: {71bacef4-06e2-6734-3927-000000001400}
ProcessId: 16644
Image: C:\Program Files (x86)\Google\GoogleUpdater\131.0.6776.2\updater.exe
User: NT AUTHORITY\SYSTEM"
Information,11/12/2024 17:54,Microsoft-Windows-Sysmon,5,Process terminated (rule: ProcessTerminate),"Process terminated:
RuleName: -
UtcTime: 2024-11-13 01:54:59.928
ProcessGuid: {71bacef4-06e2-6734-3827-000000001400}
ProcessId: 13728
Image: C:\Program Files (x86)\Google\GoogleUpdater\131.0.6776.2\updater.exe
User: NT AUTHORITY\SYSTEM"
Information,11/12/2024 17:54,Microsoft-Windows-Sysmon,5,Process terminated (rule: ProcessTerminate),"Process terminated:
RuleName: -
UtcTime: 2024-11-13 01:54:59.924
ProcessGuid: {71bacef4-06ad-6734-2427-000000001400}
ProcessId: 10124
Image: C:\Program Files (x86)\Google\GoogleUpdater\132.0.6806.0\updater.exe
User: NT AUTHORITY\SYSTEM"
Information,11/12/2024 17:54,Microsoft-Windows-Sysmon,5,Process terminated (rule: ProcessTerminate),"Process terminated:
RuleName: -
UtcTime: 2024-11-13 01:54:59.920
ProcessGuid: {71bacef4-65c0-6733-dd26-000000001400}
ProcessId: 27528
Image: C:\Program Files (x86)\Google\GoogleUpdater\132.0.6806.0\updater.exe
User: NT AUTHORITY\SYSTEM"
Information,11/12/2024 17:54,Microsoft-Windows-Sysmon,5,Process terminated (rule: ProcessTerminate),"Process terminated:
RuleName: -
UtcTime: 2024-11-13 01:54:59.913
ProcessGuid: {71bacef4-06ad-6734-2327-000000001400}
ProcessId: 17880
Image: C:\Program Files (x86)\Google\GoogleUpdater\132.0.6806.0\updater.exe
User: NT AUTHORITY\SYSTEM"
Information,11/12/2024 17:54,Microsoft-Windows-Sysmon,5,Process terminated (rule: ProcessTerminate),"Process terminated:
RuleName: -
UtcTime: 2024-11-13 01:54:59.911
ProcessGuid: {71bacef4-65c0-6733-da26-000000001400}
ProcessId: 16464
Image: C:\Program Files (x86)\Google\GoogleUpdater\132.0.6806.0\updater.exe
User: NT AUTHORITY\SYSTEM"
Information,11/12/2024 17:54,Microsoft-Windows-Sysmon,5,Process terminated (rule: ProcessTerminate),"Process terminated:
RuleName: -
UtcTime: 2024-11-13 01:54:49.895
ProcessGuid: {71bacef4-65c0-6733-d526-000000001400}
ProcessId: 12692
Image: C:\Program Files (x86)\Google\GoogleUpdater\132.0.6806.0\updater.exe
User: NT AUTHORITY\SYSTEM"
Information,11/12/2024 17:54,Microsoft-Windows-Sysmon,5,Process terminated (rule: ProcessTerminate),"Process terminated:
RuleName: -
UtcTime: 2024-11-13 01:54:49.887
ProcessGuid: {71bacef4-65c0-6733-d226-000000001400}
ProcessId: 20692
Image: C:\Program Files (x86)\Google\GoogleUpdater\132.0.6806.0\updater.exe
User: NT AUTHORITY\SYSTEM"
Information,11/12/2024 17:54,Microsoft-Windows-Sysmon,1,Process Create (rule: ProcessCreate),"Process Create:
RuleName: -
UtcTime: 2024-11-13 01:54:46.214
ProcessGuid: {71bacef4-06e6-6734-3e27-000000001400}
ProcessId: 24204
Image: C:\Windows\System32\conhost.exe
FileVersion: 10.0.22621.3672 (WinBuild.160101.0800)
Description: Console Window Host
Product: Microsoft® Windows® Operating System
Company: Microsoft Corporation
OriginalFileName: CONHOST.EXE
CommandLine: \??\C:\Windows\system32\conhost.exe 0xffffffff -ForceV1
CurrentDirectory: C:\Windows
User: LAPTOP\sriva
LogonGuid: {71bacef4-c1b8-672f-0882-020600000000}
LogonId: 0x6028208
TerminalSessionId: 4
IntegrityLevel: Medium
Hashes: SHA256=F801E65F937827635EB462CAF8CACBD473B9FC5CA428A9216A60C686F45802C1
ParentProcessGuid: {71bacef4-06e6-6734-3d27-000000001400}
ParentProcessId: 12908
ParentImage: C:\Windows\System32\DriverStore\FileRepository\asussci2.inf_amd64_a61e5ab0aed04d3c\ASUSSystemAnalysis\AsusSystemAnalysis.exe
ParentCommandLine:  -getcamera
ParentUser: LAPTOP\sriva"
Information,11/12/2024 17:54,Microsoft-Windows-Sysmon,1,Process Create (rule: ProcessCreate),"Process Create:
RuleName: -
UtcTime: 2024-11-13 01:54:46.152
ProcessGuid: {71bacef4-06e6-6734-3d27-000000001400}
ProcessId: 12908
Image: C:\Windows\System32\DriverStore\FileRepository\asussci2.inf_amd64_a61e5ab0aed04d3c\ASUSSystemAnalysis\AsusSystemAnalysis.exe
FileVersion: 2.1.41.0
Description: ASUS System Analysis
Product: ASUS System Analysis
Company: ASUSTeK COMPUTER INC.
OriginalFileName: AsusSystemAnalysis.exe
CommandLine:  -getcamera
CurrentDirectory: C:\Windows\system32\
User: LAPTOP\sriva
LogonGuid: {71bacef4-c1b8-672f-0882-020600000000}
LogonId: 0x6028208
TerminalSessionId: 4
IntegrityLevel: Medium
Hashes: SHA256=0CB924C69BD72CA1F4E87CDC881939E0D9C56A6C534FFFFC60E59204596797E7
ParentProcessGuid: {71bacef4-731a-6725-6500-000000001400}
ParentProcessId: 5244
ParentImage: C:\Windows\System32\DriverStore\FileRepository\asussci2.inf_amd64_a61e5ab0aed04d3c\ASUSSystemAnalysis\AsusSystemAnalysis.exe
ParentCommandLine: C:\Windows\System32\DriverStore\FileRepository\asussci2.inf_amd64_a61e5ab0aed04d3c\ASUSSystemAnalysis\AsusSystemAnalysis.exe
ParentUser: NT AUTHORITY\SYSTEM"
Information,11/12/2024 17:54,Microsoft-Windows-Sysmon,5,Process terminated (rule: ProcessTerminate),"Process terminated:
RuleName: -
UtcTime: 2024-11-13 01:54:44.787
ProcessGuid: {71bacef4-06e4-6734-3c27-000000001400}
ProcessId: 26556
Image: C:\Windows\System32\backgroundTaskHost.exe
User: LAPTOP\sriva"
Information,11/12/2024 17:54,Microsoft-Windows-Sysmon,1,Process Create (rule: ProcessCreate),"Process Create:
RuleName: -
UtcTime: 2024-11-13 01:54:44.471
ProcessGuid: {71bacef4-06e4-6734-3c27-000000001400}
ProcessId: 26556
Image: C:\Windows\System32\backgroundTaskHost.exe
FileVersion: 10.0.22621.1 (WinBuild.160101.0800)
Description: Background Task Host
Product: Microsoft® Windows® Operating System
Company: Microsoft Corporation
OriginalFileName: backgroundTaskHost.exe
CommandLine: ""C:\Windows\system32\backgroundTaskHost.exe"" -ServerName:App.AppXmtcan0h2tfbfy7k9kn8hbxb6dmzz1zh0.mca
CurrentDirectory: C:\Windows\SystemApps\Microsoft.Windows.ContentDeliveryManager_cw5n1h2txyewy\
User: LAPTOP\sriva
LogonGuid: {71bacef4-c1b8-672f-0882-020600000000}
LogonId: 0x6028208
TerminalSessionId: 4
IntegrityLevel: AppContainer
Hashes: SHA256=4C8915E07BE1904A3BC02E4F8DB0A80BB932CE610D97EABB9151B4E51F449980
ParentProcessGuid: {71bacef4-7319-6725-0f00-000000001400}
ParentProcessId: 1524
ParentImage: C:\Windows\System32\svchost.exe
ParentCommandLine: C:\Windows\system32\svchost.exe -k DcomLaunch -p
ParentUser: NT AUTHORITY\SYSTEM"
Information,11/12/2024 17:54,Microsoft-Windows-Sysmon,5,Process terminated (rule: ProcessTerminate),"Process terminated:
RuleName: -
UtcTime: 2024-11-13 01:54:42.998
ProcessGuid: {71bacef4-066a-6734-0627-000000001400}
ProcessId: 11924
Image: C:\Windows\servicing\TrustedInstaller.exe
User: NT AUTHORITY\SYSTEM"
Information,11/12/2024 17:54,Microsoft-Windows-Sysmon,1,Process Create (rule: ProcessCreate),"Process Create:
RuleName: -
UtcTime: 2024-11-13 01:54:42.478
ProcessGuid: {71bacef4-06e2-6734-3b27-000000001400}
ProcessId: 25312
Image: C:\Program Files (x86)\Google\GoogleUpdater\131.0.6776.2\updater.exe
FileVersion: 131.0.6776.2
Description: Google Updater
Product: Google Updater
Company: Google LLC
OriginalFileName: updater.exe
CommandLine: ""C:\Program Files (x86)\Google\GoogleUpdater\131.0.6776.2\updater.exe"" --crash-handler --system ""--database=C:\Program Files (x86)\Google\GoogleUpdater\131.0.6776.2\Crashpad"" --url=https://clients2.google.com/cr/report --annotation=prod=Update4 --annotation=ver=131.0.6776.2 ""--attachment=C:\Program Files (x86)\Google\GoogleUpdater\updater.log"" --initial-client-data=0x2ec,0x2f0,0x2f4,0x2c8,0x2f8,0x816290,0x81629c,0x8162a8
CurrentDirectory: C:\Windows\system32\
User: NT AUTHORITY\SYSTEM
LogonGuid: {71bacef4-7319-6725-e703-000000000000}
LogonId: 0x3E7
TerminalSessionId: 0
IntegrityLevel: System
Hashes: SHA256=5E06808C0B4094A82440D8AE06D8CA559E86B659D27157B9176336321CF10798
ParentProcessGuid: {71bacef4-06e2-6734-3a27-000000001400}
ParentProcessId: 13852
ParentImage: C:\Program Files (x86)\Google\GoogleUpdater\131.0.6776.2\updater.exe
ParentCommandLine: ""C:\Program Files (x86)\Google\GoogleUpdater\131.0.6776.2\updater.exe"" --system --windows-service --service=update-internal
ParentUser: NT AUTHORITY\SYSTEM"
Information,11/12/2024 17:54,Microsoft-Windows-Sysmon,1,Process Create (rule: ProcessCreate),"Process Create:
RuleName: -
UtcTime: 2024-11-13 01:54:42.390
ProcessGuid: {71bacef4-06e2-6734-3a27-000000001400}
ProcessId: 13852
Image: C:\Program Files (x86)\Google\GoogleUpdater\131.0.6776.2\updater.exe
FileVersion: 131.0.6776.2
Description: Google Updater
Product: Google Updater
Company: Google LLC
OriginalFileName: updater.exe
CommandLine: ""C:\Program Files (x86)\Google\GoogleUpdater\131.0.6776.2\updater.exe"" --system --windows-service --service=update-internal
CurrentDirectory: C:\Windows\system32\
User: NT AUTHORITY\SYSTEM
LogonGuid: {71bacef4-7319-6725-e703-000000000000}
LogonId: 0x3E7
TerminalSessionId: 0
IntegrityLevel: System
Hashes: SHA256=5E06808C0B4094A82440D8AE06D8CA559E86B659D27157B9176336321CF10798
ParentProcessGuid: {71bacef4-7319-6725-0c00-000000001400}
ParentProcessId: 1340
ParentImage: C:\Windows\System32\services.exe
ParentCommandLine: C:\Windows\system32\services.exe
ParentUser: NT AUTHORITY\SYSTEM"
