Information,11/12/2024 17:58,Microsoft-Windows-Sysmon,1,Process Create (rule: ProcessCreate),"Process Create:
RuleName: -
UtcTime: 2024-11-13 01:58:55.102
ProcessGuid: {71bacef4-07df-6734-7c27-000000001400}
ProcessId: 22208
Image: C:\Windows\System32\cmd.exe
FileVersion: 10.0.22621.4391 (WinBuild.160101.0800)
Description: Windows Command Processor
Product: Microsoft® Windows® Operating System
Company: Microsoft Corporation
OriginalFileName: Cmd.Exe
CommandLine: ""C:\Windows\system32\cmd.exe"" 
CurrentDirectory: C:\Windows\system32\
User: LAPTOP\sriva
LogonGuid: {71bacef4-c1b8-672f-be81-020600000000}
LogonId: 0x60281BE
TerminalSessionId: 4
IntegrityLevel: High
Hashes: SHA256=1B16E4FD6DAE8F1643DA8C7C89FB03613406B87DCF48B8ABDB1F9378C1ADD9AF
ParentProcessGuid: {71bacef4-c1b9-672f-af21-000000001400}
ParentProcessId: 2332
ParentImage: C:\Windows\explorer.exe
ParentCommandLine: C:\Windows\Explorer.EXE
ParentUser: LAPTOP\sriva"
Information,11/12/2024 17:58,Microsoft-Windows-Sysmon,5,Process terminated (rule: ProcessTerminate),"Process terminated:
RuleName: -
UtcTime: 2024-11-13 01:58:55.058
ProcessGuid: {71bacef4-07da-6734-7527-000000001400}
ProcessId: 2228
Image: C:\Windows\System32\consent.exe
User: NT AUTHORITY\SYSTEM"
Information,11/12/2024 17:58,Microsoft-Windows-Sysmon,1,Process Create (rule: ProcessCreate),"Process Create:
RuleName: -
UtcTime: 2024-11-13 01:58:52.671
ProcessGuid: {71bacef4-07dc-6734-7b27-000000001400}
ProcessId: 18308
Image: C:\Windows\WinSxS\amd64_microsoft-windows-servicingstack_31bf3856ad364e35_10.0.22621.4383_none_e957b12c42d242a6\TiWorker.exe
FileVersion: 10.0.22621.4383 (WinBuild.160101.0800)
Description: Windows Modules Installer Worker
Product: Microsoft® Windows® Operating System
Company: Microsoft Corporation
OriginalFileName: TiWorker.exe
CommandLine: C:\Windows\winsxs\amd64_microsoft-windows-servicingstack_31bf3856ad364e35_10.0.22621.4383_none_e957b12c42d242a6\TiWorker.exe -Embedding
CurrentDirectory: C:\Windows\system32\
User: NT AUTHORITY\SYSTEM
LogonGuid: {71bacef4-7319-6725-e703-000000000000}
LogonId: 0x3E7
TerminalSessionId: 0
IntegrityLevel: System
Hashes: SHA256=DC60EBBB7A8E20B0EDF9FCA8CB98836D617D6EEE2D12CF275BF8130413D89F9F
ParentProcessGuid: {71bacef4-7319-6725-0f00-000000001400}
ParentProcessId: 1524
ParentImage: C:\Windows\System32\svchost.exe
ParentCommandLine: C:\Windows\system32\svchost.exe -k DcomLaunch -p
ParentUser: NT AUTHORITY\SYSTEM"
Information,11/12/2024 17:58,Microsoft-Windows-Sysmon,1,Process Create (rule: ProcessCreate),"Process Create:
RuleName: -
UtcTime: 2024-11-13 01:58:52.613
ProcessGuid: {71bacef4-07dc-6734-7a27-000000001400}
ProcessId: 18032
Image: C:\Windows\servicing\TrustedInstaller.exe
FileVersion: 10.0.22621.4391 (WinBuild.160101.0800)
Description: Windows Modules Installer
Product: Microsoft® Windows® Operating System
Company: Microsoft Corporation
OriginalFileName: TrustedInstaller.exe
CommandLine: C:\Windows\servicing\TrustedInstaller.exe
CurrentDirectory: C:\Windows\system32\
User: NT AUTHORITY\SYSTEM
LogonGuid: {71bacef4-7319-6725-e703-000000000000}
LogonId: 0x3E7
TerminalSessionId: 0
IntegrityLevel: System
Hashes: SHA256=7E1D4099487436984A225B34075888B3CD9D15E658C21E013930432B9B48FF43
ParentProcessGuid: {71bacef4-7319-6725-0c00-000000001400}
ParentProcessId: 1340
ParentImage: C:\Windows\System32\services.exe
ParentCommandLine: C:\Windows\system32\services.exe
ParentUser: NT AUTHORITY\SYSTEM"
Information,11/12/2024 17:58,Microsoft-Windows-Sysmon,1,Process Create (rule: ProcessCreate),"Process Create:
RuleName: -
UtcTime: 2024-11-13 01:58:51.207
ProcessGuid: {71bacef4-07db-6734-7927-000000001400}
ProcessId: 14576
Image: C:\Windows\System32\svchost.exe
FileVersion: 10.0.22621.1 (WinBuild.160101.0800)
Description: Host Process for Windows Services
Product: Microsoft® Windows® Operating System
Company: Microsoft Corporation
OriginalFileName: svchost.exe
CommandLine: C:\Windows\System32\svchost.exe -k netsvcs -p -s NetSetupSvc
CurrentDirectory: C:\Windows\system32\
User: NT AUTHORITY\SYSTEM
LogonGuid: {71bacef4-7319-6725-e703-000000000000}
LogonId: 0x3E7
TerminalSessionId: 0
IntegrityLevel: System
Hashes: SHA256=949BFB5B4C7D58D92F3F9C5F8EC7CA4CEAFFD10EC5F0020F0A987C472D61C54B
ParentProcessGuid: {71bacef4-7319-6725-0c00-000000001400}
ParentProcessId: 1340
ParentImage: C:\Windows\System32\services.exe
ParentCommandLine: C:\Windows\system32\services.exe
ParentUser: NT AUTHORITY\SYSTEM"
Information,11/12/2024 17:58,Microsoft-Windows-Sysmon,1,Process Create (rule: ProcessCreate),"Process Create:
RuleName: -
UtcTime: 2024-11-13 01:58:50.993
ProcessGuid: {71bacef4-07da-6734-7827-000000001400}
ProcessId: 26220
Image: C:\Windows\System32\wbem\WmiPrvSE.exe
FileVersion: 10.0.22621.1 (WinBuild.160101.0800)
Description: WMI Provider Host
Product: Microsoft® Windows® Operating System
Company: Microsoft Corporation
OriginalFileName: Wmiprvse.exe
CommandLine: C:\Windows\system32\wbem\wmiprvse.exe -secured -Embedding
CurrentDirectory: C:\Windows\system32\
User: NT AUTHORITY\LOCAL SERVICE
LogonGuid: {71bacef4-7319-6725-e503-000000000000}
LogonId: 0x3E5
TerminalSessionId: 0
IntegrityLevel: System
Hashes: SHA256=196CABED59111B6C4BBF78C84A56846D96CBBC4F06935A4FD4E6432EF0AE4083
ParentProcessGuid: {71bacef4-7319-6725-0f00-000000001400}
ParentProcessId: 1524
ParentImage: C:\Windows\System32\svchost.exe
ParentCommandLine: C:\Windows\system32\svchost.exe -k DcomLaunch -p
ParentUser: NT AUTHORITY\SYSTEM"
Information,11/12/2024 17:58,Microsoft-Windows-Sysmon,1,Process Create (rule: ProcessCreate),"Process Create:
RuleName: -
UtcTime: 2024-11-13 01:58:50.941
ProcessGuid: {71bacef4-07da-6734-7727-000000001400}
ProcessId: 22900
Image: C:\Windows\System32\ctfmon.exe
FileVersion: 10.0.22621.1 (WinBuild.160101.0800)
Description: CTF Loader
Product: Microsoft® Windows® Operating System
Company: Microsoft Corporation
OriginalFileName: CTFMON.EXE
CommandLine: ""ctfmon.exe""
CurrentDirectory: C:\Windows\system32\
User: NT AUTHORITY\SYSTEM
LogonGuid: {71bacef4-7319-6725-e703-000000000000}
LogonId: 0x3E7
TerminalSessionId: 4
IntegrityLevel: System
Hashes: SHA256=7E067B7DA5DA60458B5F7D5A99BC7C7C1F41999CD2559985F09267B1EC2E56EC
ParentProcessGuid: {71bacef4-7319-6725-2e00-000000001400}
ParentProcessId: 2728
ParentImage: C:\Windows\System32\svchost.exe
ParentCommandLine: C:\Windows\System32\svchost.exe -k LocalSystemNetworkRestricted -p -s TextInputManagementService
ParentUser: NT AUTHORITY\SYSTEM"
Information,11/12/2024 17:58,Microsoft-Windows-Sysmon,1,Process Create (rule: ProcessCreate),"Process Create:
RuleName: -
UtcTime: 2024-11-13 01:58:50.911
ProcessGuid: {71bacef4-07da-6734-7627-000000001400}
ProcessId: 17576
Image: C:\Program Files\Common Files\microsoft shared\ink\TabTip.exe
FileVersion: 10.0.22621.4391 (WinBuild.160101.0800)
Description: Touch Keyboard and Handwriting Panel
Product: Microsoft® Windows® Operating System
Company: Microsoft Corporation
OriginalFileName: TabTip.exe
CommandLine: /QuitInfo:0000000000000350;0000000000000280;  
CurrentDirectory: C:\Windows\system32\
User: NT AUTHORITY\SYSTEM
LogonGuid: {71bacef4-7319-6725-e703-000000000000}
LogonId: 0x3E7
TerminalSessionId: 4
IntegrityLevel: System
Hashes: SHA256=6DA683C3167322256FF1375F972B3D0F4E7A4192515CB4988D6569F2EB7A37DF
ParentProcessGuid: {71bacef4-7319-6725-2e00-000000001400}
ParentProcessId: 2728
ParentImage: C:\Windows\System32\svchost.exe
ParentCommandLine: C:\Windows\System32\svchost.exe -k LocalSystemNetworkRestricted -p -s TextInputManagementService
ParentUser: NT AUTHORITY\SYSTEM"
Information,11/12/2024 17:58,Microsoft-Windows-Sysmon,1,Process Create (rule: ProcessCreate),"Process Create:
RuleName: -
UtcTime: 2024-11-13 01:58:50.667
ProcessGuid: {71bacef4-07da-6734-7527-000000001400}
ProcessId: 2228
Image: C:\Windows\System32\consent.exe
FileVersion: 10.0.22621.4391 (WinBuild.160101.0800)
Description: Consent UI for administrative applications
Product: Microsoft® Windows® Operating System
Company: Microsoft Corporation
OriginalFileName: consent.exe
CommandLine: consent.exe 4100 288 000002092542C680
CurrentDirectory: C:\Windows\system32\
User: NT AUTHORITY\SYSTEM
LogonGuid: {71bacef4-7319-6725-e703-000000000000}
LogonId: 0x3E7
TerminalSessionId: 4
IntegrityLevel: System
Hashes: SHA256=B21FB0C6F113DB4298550F39B951C097F63188BCEA86E8414F04F9CA644B26D8
ParentProcessGuid: {71bacef4-731a-6725-4800-000000001400}
ParentProcessId: 4100
ParentImage: C:\Windows\System32\svchost.exe
ParentCommandLine: C:\Windows\system32\svchost.exe -k netsvcs -p -s Appinfo
ParentUser: NT AUTHORITY\SYSTEM"
Information,11/12/2024 17:58,Microsoft-Windows-Sysmon,5,Process terminated (rule: ProcessTerminate),"Process terminated:
RuleName: -
UtcTime: 2024-11-13 01:58:49.444
ProcessGuid: {71bacef4-2cc5-6733-b826-000000001400}
ProcessId: 22420
Image: C:\Windows\System32\svchost.exe
User: NT AUTHORITY\SYSTEM"
Information,11/12/2024 17:58,Microsoft-Windows-Sysmon,1,Process Create (rule: ProcessCreate),"Process Create:
RuleName: -
UtcTime: 2024-11-13 01:58:49.045
ProcessGuid: {71bacef4-07d9-6734-7427-000000001400}
ProcessId: 10528
Image: C:\Program Files (x86)\Microsoft\EdgeUpdate\MicrosoftEdgeUpdate.exe
FileVersion: 1.3.155.85
Description: Microsoft Edge Update
Product: Microsoft Edge Update
Company: Microsoft Corporation
OriginalFileName: msedgeupdate.dll
CommandLine: ""C:\Program Files (x86)\Microsoft\EdgeUpdate\MicrosoftEdgeUpdate.exe"" /svc
CurrentDirectory: C:\Windows\system32\
User: NT AUTHORITY\SYSTEM
LogonGuid: {71bacef4-7319-6725-e703-000000000000}
LogonId: 0x3E7
TerminalSessionId: 0
IntegrityLevel: System
Hashes: SHA256=54545F352215A9C0F370A01980AADCD5749A93589931662D89A974D7BD60F476
ParentProcessGuid: {71bacef4-7319-6725-0c00-000000001400}
ParentProcessId: 1340
ParentImage: C:\Windows\System32\services.exe
ParentCommandLine: C:\Windows\system32\services.exe
ParentUser: NT AUTHORITY\SYSTEM"
Information,11/12/2024 17:58,Microsoft-Windows-Sysmon,1,Process Create (rule: ProcessCreate),"Process Create:
RuleName: -
UtcTime: 2024-11-13 01:58:47.250
ProcessGuid: {71bacef4-07d7-6734-7327-000000001400}
ProcessId: 24972
Image: C:\Windows\System32\sppsvc.exe
FileVersion: 10.0.22621.4391 (WinBuild.160101.0800)
Description: Microsoft Software Protection Platform Service
Product: Microsoft® Windows® Operating System
Company: Microsoft Corporation
OriginalFileName: sppsvc.exe
CommandLine: C:\Windows\system32\sppsvc.exe
CurrentDirectory: C:\Windows
User: NT AUTHORITY\NETWORK SERVICE
LogonGuid: {71bacef4-7319-6725-e403-000000000000}
LogonId: 0x3E4
TerminalSessionId: 0
IntegrityLevel: System
Hashes: SHA256=39AB2D46025D633ACF96380767F1ACF66A415B461183D68C032707E31E6E32CF
ParentProcessGuid: {71bacef4-7319-6725-0c00-000000001400}
ParentProcessId: 1340
ParentImage: C:\Windows\System32\services.exe
ParentCommandLine: C:\Windows\system32\services.exe
ParentUser: NT AUTHORITY\SYSTEM"
Information,11/12/2024 17:58,Microsoft-Windows-Sysmon,5,Process terminated (rule: ProcessTerminate),"Process terminated:
RuleName: -
UtcTime: 2024-11-13 01:58:44.547
ProcessGuid: {71bacef4-07d4-6734-7127-000000001400}
ProcessId: 27104
Image: C:\Windows\System32\backgroundTaskHost.exe
User: LAPTOP\sriva"
Information,11/12/2024 17:58,Microsoft-Windows-Sysmon,1,Process Create (rule: ProcessCreate),"Process Create:
RuleName: -
UtcTime: 2024-11-13 01:58:44.458
ProcessGuid: {71bacef4-07d4-6734-7227-000000001400}
ProcessId: 22904
Image: C:\Windows\System32\RuntimeBroker.exe
FileVersion: 10.0.22621.4391 (WinBuild.160101.0800)
Description: Runtime Broker
Product: Microsoft® Windows® Operating System
Company: Microsoft Corporation
OriginalFileName: RuntimeBroker.exe
CommandLine: C:\Windows\System32\RuntimeBroker.exe -Embedding
CurrentDirectory: C:\Windows\system32\
User: LAPTOP\sriva
LogonGuid: {71bacef4-c1b8-672f-0882-020600000000}
LogonId: 0x6028208
TerminalSessionId: 4
IntegrityLevel: Medium
Hashes: SHA256=DE2470F80F720A0C3D51E4B322EDD1511D9D730A01D8598B70C58B5DACC0E104
ParentProcessGuid: {71bacef4-7319-6725-0f00-000000001400}
ParentProcessId: 1524
ParentImage: C:\Windows\System32\svchost.exe
ParentCommandLine: C:\Windows\system32\svchost.exe -k DcomLaunch -p
ParentUser: NT AUTHORITY\SYSTEM"
Information,11/12/2024 17:58,Microsoft-Windows-Sysmon,1,Process Create (rule: ProcessCreate),"Process Create:
RuleName: -
UtcTime: 2024-11-13 01:58:44.333
ProcessGuid: {71bacef4-07d4-6734-7127-000000001400}
ProcessId: 27104
Image: C:\Windows\System32\backgroundTaskHost.exe
FileVersion: 10.0.22621.1 (WinBuild.160101.0800)
Description: Background Task Host
Product: Microsoft® Windows® Operating System
Company: Microsoft Corporation
OriginalFileName: backgroundTaskHost.exe
CommandLine: ""C:\Windows\system32\BackgroundTaskHost.exe"" -ServerName:BackgroundTaskHost.WebAccountProvider
CurrentDirectory: C:\Windows\SystemApps\Microsoft.AAD.BrokerPlugin_cw5n1h2txyewy\
User: LAPTOP\sriva
LogonGuid: {71bacef4-c1b8-672f-0882-020600000000}
LogonId: 0x6028208
TerminalSessionId: 4
IntegrityLevel: AppContainer
Hashes: SHA256=4C8915E07BE1904A3BC02E4F8DB0A80BB932CE610D97EABB9151B4E51F449980
ParentProcessGuid: {71bacef4-7319-6725-0f00-000000001400}
ParentProcessId: 1524
ParentImage: C:\Windows\System32\svchost.exe
ParentCommandLine: C:\Windows\system32\svchost.exe -k DcomLaunch -p
ParentUser: NT AUTHORITY\SYSTEM"
Information,11/12/2024 17:58,Microsoft-Windows-Sysmon,5,Process terminated (rule: ProcessTerminate),"Process terminated:
RuleName: -
UtcTime: 2024-11-13 01:58:43.007
ProcessGuid: {71bacef4-0782-6734-5d27-000000001400}
ProcessId: 10772
Image: C:\Windows\System32\conhost.exe
User: LAPTOP\sriva"
Information,11/12/2024 17:58,Microsoft-Windows-Sysmon,5,Process terminated (rule: ProcessTerminate),"Process terminated:
RuleName: -
UtcTime: 2024-11-13 01:58:42.926
ProcessGuid: {71bacef4-0782-6734-5c27-000000001400}
ProcessId: 19740
Image: C:\Windows\System32\cmd.exe
User: LAPTOP\sriva"
Information,11/12/2024 17:58,Microsoft-Windows-Sysmon,5,Process terminated (rule: ProcessTerminate),"Process terminated:
RuleName: -
UtcTime: 2024-11-13 01:58:42.565
ProcessGuid: {71bacef4-07cf-6734-6827-000000001400}
ProcessId: 17756
Image: C:\Program Files\Common Files\microsoft shared\ClickToRun\OfficeC2RClient.exe
User: NT AUTHORITY\SYSTEM"
Information,11/12/2024 17:58,Microsoft-Windows-Sysmon,5,Process terminated (rule: ProcessTerminate),"Process terminated:
RuleName: -
UtcTime: 2024-11-13 01:58:41.354
ProcessGuid: {71bacef4-07cf-6734-6b27-000000001400}
ProcessId: 17100
Image: C:\Program Files\McAfee\WPS\1.23.177.1\dad\mc-dad.exe
User: NT AUTHORITY\SYSTEM"
Information,11/12/2024 17:58,Microsoft-Windows-Sysmon,5,Process terminated (rule: ProcessTerminate),"Process terminated:
RuleName: -
UtcTime: 2024-11-13 01:58:41.346
ProcessGuid: {71bacef4-07cf-6734-6c27-000000001400}
ProcessId: 23916
Image: C:\Program Files\McAfee\WPS\1.23.177.1\dad\mc-dad.exe
User: NT AUTHORITY\SYSTEM"
Information,11/12/2024 17:58,Microsoft-Windows-Sysmon,5,Process terminated (rule: ProcessTerminate),"Process terminated:
RuleName: -
UtcTime: 2024-11-13 01:58:40.317
ProcessGuid: {71bacef4-07cf-6734-6427-000000001400}
ProcessId: 11864
Image: C:\Windows\System32\rundll32.exe
User: NT AUTHORITY\SYSTEM"
Information,11/12/2024 17:58,Microsoft-Windows-Sysmon,5,Process terminated (rule: ProcessTerminate),"Process terminated:
RuleName: -
UtcTime: 2024-11-13 01:58:40.006
ProcessGuid: {71bacef4-07cf-6734-7027-000000001400}
ProcessId: 6488
Image: C:\Program Files\McAfee\WPS\1.23.177.1\mc-update.exe
User: NT AUTHORITY\SYSTEM"
Information,11/12/2024 17:58,Microsoft-Windows-Sysmon,1,Process Create (rule: ProcessCreate),"Process Create:
RuleName: -
UtcTime: 2024-11-13 01:58:39.931
ProcessGuid: {71bacef4-07cf-6734-7027-000000001400}
ProcessId: 6488
Image: C:\Program Files\McAfee\WPS\1.23.177.1\mc-update.exe
FileVersion: 1.23.10.0
Description: McAfee Software Updater
Product: McAfee Windows Protection Suite
Company: McAfee, LLC
OriginalFileName: mc-update.exe
CommandLine: ""C:\Program Files\McAfee\wps\1.23.177.1\mc-update.exe"" /schedule
CurrentDirectory: C:\Windows\system32\
User: NT AUTHORITY\SYSTEM
LogonGuid: {71bacef4-7319-6725-e703-000000000000}
LogonId: 0x3E7
TerminalSessionId: 0
IntegrityLevel: System
Hashes: SHA256=109C4E645EAEC6929D043E09E2295D9EC62817FC48C01A4BE57CDDE4478751FD
ParentProcessGuid: {71bacef4-07cf-6734-6f27-000000001400}
ParentProcessId: 14524
ParentImage: C:\Program Files\McAfee\WPS\1.23.177.1\mc-update.exe
ParentCommandLine: ""C:\Program Files\McAfee\wps\1.23.177.1\mc-update.exe"" /runservice
ParentUser: NT AUTHORITY\SYSTEM"
Information,11/12/2024 17:58,Microsoft-Windows-Sysmon,5,Process terminated (rule: ProcessTerminate),"Process terminated:
RuleName: -
UtcTime: 2024-11-13 01:58:39.935
ProcessGuid: {71bacef4-07cf-6734-6e27-000000001400}
ProcessId: 9540
Image: C:\Program Files (x86)\Microsoft\EdgeUpdate\MicrosoftEdgeUpdate.exe
User: NT AUTHORITY\SYSTEM"
Information,11/12/2024 17:58,Microsoft-Windows-Sysmon,1,Process Create (rule: ProcessCreate),"Process Create:
RuleName: -
UtcTime: 2024-11-13 01:58:39.833
ProcessGuid: {71bacef4-07cf-6734-6f27-000000001400}
ProcessId: 14524
Image: C:\Program Files\McAfee\WPS\1.23.177.1\mc-update.exe
FileVersion: 1.23.10.0
Description: McAfee Software Updater
Product: McAfee Windows Protection Suite
Company: McAfee, LLC
OriginalFileName: mc-update.exe
CommandLine: ""C:\Program Files\McAfee\wps\1.23.177.1\mc-update.exe"" /runservice
CurrentDirectory: C:\Windows\system32\
User: NT AUTHORITY\SYSTEM
LogonGuid: {71bacef4-7319-6725-e703-000000000000}
LogonId: 0x3E7
TerminalSessionId: 0
IntegrityLevel: System
Hashes: SHA256=109C4E645EAEC6929D043E09E2295D9EC62817FC48C01A4BE57CDDE4478751FD
ParentProcessGuid: {71bacef4-7319-6725-0c00-000000001400}
ParentProcessId: 1340
ParentImage: C:\Windows\System32\services.exe
ParentCommandLine: C:\Windows\system32\services.exe
ParentUser: NT AUTHORITY\SYSTEM"
Information,11/12/2024 17:58,Microsoft-Windows-Sysmon,5,Process terminated (rule: ProcessTerminate),"Process terminated:
RuleName: -
UtcTime: 2024-11-13 01:58:39.842
ProcessGuid: {71bacef4-07cf-6734-6d27-000000001400}
ProcessId: 26536
Image: C:\Program Files\McAfee\WPS\1.23.177.1\mc-wns-client\mc-wns-client.exe
User: LAPTOP\sriva"
Information,11/12/2024 17:58,Microsoft-Windows-Sysmon,5,Process terminated (rule: ProcessTerminate),"Process terminated:
RuleName: -
UtcTime: 2024-11-13 01:58:39.789
ProcessGuid: {71bacef4-07cf-6734-6727-000000001400}
ProcessId: 10356
Image: C:\Windows\System32\wermgr.exe
User: NT AUTHORITY\SYSTEM"
Information,11/12/2024 17:58,Microsoft-Windows-Sysmon,1,Process Create (rule: ProcessCreate),"Process Create:
RuleName: -
UtcTime: 2024-11-13 01:58:39.713
ProcessGuid: {71bacef4-07cf-6734-6c27-000000001400}
ProcessId: 23916
Image: C:\Program Files\McAfee\WPS\1.23.177.1\dad\mc-dad.exe
FileVersion: 3.23.0.6
Description: DAD Updater
Product: McAfee Windows Protection Suite
Company: McAfee, LLC
OriginalFileName: mc-dad.exe
CommandLine: ""C:\Program Files\McAfee\wps\1.23.177.1\dad\mc-dad.exe""
CurrentDirectory: C:\Windows\system32\
User: NT AUTHORITY\SYSTEM
LogonGuid: {71bacef4-7319-6725-e703-000000000000}
LogonId: 0x3E7
TerminalSessionId: 0
IntegrityLevel: System
Hashes: SHA256=09A8E1BED507056C451B4D9A324829FBEC84BCA0FE1E227ADEBD22EC2C20511E
ParentProcessGuid: {71bacef4-7319-6725-0c00-000000001400}
ParentProcessId: 1340
ParentImage: C:\Windows\System32\services.exe
ParentCommandLine: C:\Windows\system32\services.exe
ParentUser: NT AUTHORITY\SYSTEM"
Information,11/12/2024 17:58,Microsoft-Windows-Sysmon,1,Process Create (rule: ProcessCreate),"Process Create:
RuleName: -
UtcTime: 2024-11-13 01:58:39.746
ProcessGuid: {71bacef4-07cf-6734-6d27-000000001400}
ProcessId: 26536
Image: C:\Program Files\McAfee\WPS\1.23.177.1\mc-wns-client\mc-wns-client.exe
FileVersion: -
Description: -
Product: -
Company: -
OriginalFileName: -
CommandLine: ""\\?\C:\Program Files\McAfee\WPS\1.23.177.1\mc-wns-client\mc-wns-client.exe"" /mc_wns_task
CurrentDirectory: C:\Windows\system32\
User: LAPTOP\sriva
LogonGuid: {71bacef4-c1b8-672f-be81-020600000000}
LogonId: 0x60281BE
TerminalSessionId: 4
IntegrityLevel: High
Hashes: SHA256=35757B61799CA6493D9342F0409A0E588260826CF257FAC2DF2FA1B9A859A2E5
ParentProcessGuid: {71bacef4-7319-6725-3100-000000001400}
ParentProcessId: 2924
ParentImage: C:\Windows\System32\svchost.exe
ParentCommandLine: C:\Windows\system32\svchost.exe -k netsvcs -p -s Schedule
ParentUser: NT AUTHORITY\SYSTEM"
Information,11/12/2024 17:58,Microsoft-Windows-Sysmon,1,Process Create (rule: ProcessCreate),"Process Create:
RuleName: -
UtcTime: 2024-11-13 01:58:39.751
ProcessGuid: {71bacef4-07cf-6734-6e27-000000001400}
ProcessId: 9540
Image: C:\Program Files (x86)\Microsoft\EdgeUpdate\MicrosoftEdgeUpdate.exe
FileVersion: 1.3.155.85
Description: Microsoft Edge Update
Product: Microsoft Edge Update
Company: Microsoft Corporation
OriginalFileName: msedgeupdate.dll
CommandLine: ""C:\Program Files (x86)\Microsoft\EdgeUpdate\MicrosoftEdgeUpdate.exe"" /ua /installsource core
CurrentDirectory: C:\Program Files (x86)\Microsoft\EdgeUpdate\1.3.195.35\
User: NT AUTHORITY\SYSTEM
LogonGuid: {71bacef4-7319-6725-e703-000000000000}
LogonId: 0x3E7
TerminalSessionId: 0
IntegrityLevel: System
Hashes: SHA256=54545F352215A9C0F370A01980AADCD5749A93589931662D89A974D7BD60F476
ParentProcessGuid: {71bacef4-07cf-6734-6327-000000001400}
ParentProcessId: 19360
ParentImage: C:\Program Files (x86)\Microsoft\EdgeUpdate\MicrosoftEdgeUpdate.exe
ParentCommandLine: ""C:\Program Files (x86)\Microsoft\EdgeUpdate\MicrosoftEdgeUpdate.exe"" /c
ParentUser: NT AUTHORITY\SYSTEM"
Information,11/12/2024 17:58,Microsoft-Windows-Sysmon,5,Process terminated (rule: ProcessTerminate),"Process terminated:
RuleName: -
UtcTime: 2024-11-13 01:58:39.715
ProcessGuid: {71bacef4-07cf-6734-6927-000000001400}
ProcessId: 18164
Image: C:\Windows\System32\conhost.exe
User: NT AUTHORITY\SYSTEM"
Information,11/12/2024 17:58,Microsoft-Windows-Sysmon,5,Process terminated (rule: ProcessTerminate),"Process terminated:
RuleName: -
UtcTime: 2024-11-13 01:58:39.702
ProcessGuid: {71bacef4-07cf-6734-6627-000000001400}
ProcessId: 22812
Image: C:\Windows\System32\sc.exe
User: NT AUTHORITY\SYSTEM"
Information,11/12/2024 17:58,Microsoft-Windows-Sysmon,5,Process terminated (rule: ProcessTerminate),"Process terminated:
RuleName: -
UtcTime: 2024-11-13 01:58:39.697
ProcessGuid: {71bacef4-07cf-6734-6a27-000000001400}
ProcessId: 1876
Image: C:\Windows\System32\taskhostw.exe
User: LAPTOP\sriva"
Information,11/12/2024 17:58,Microsoft-Windows-Sysmon,1,Process Create (rule: ProcessCreate),"Process Create:
RuleName: -
UtcTime: 2024-11-13 01:58:39.634
ProcessGuid: {71bacef4-07cf-6734-6b27-000000001400}
ProcessId: 17100
Image: C:\Program Files\McAfee\WPS\1.23.177.1\dad\mc-dad.exe
FileVersion: 3.23.0.6
Description: DAD Updater
Product: McAfee Windows Protection Suite
Company: McAfee, LLC
OriginalFileName: mc-dad.exe
CommandLine: ""C:\Program Files\McAfee\wps\1.23.177.1\dad\mc-dad.exe""
CurrentDirectory: C:\Windows\system32\
User: NT AUTHORITY\SYSTEM
LogonGuid: {71bacef4-7319-6725-e703-000000000000}
LogonId: 0x3E7
TerminalSessionId: 0
IntegrityLevel: System
Hashes: SHA256=09A8E1BED507056C451B4D9A324829FBEC84BCA0FE1E227ADEBD22EC2C20511E
ParentProcessGuid: {71bacef4-7319-6725-3100-000000001400}
ParentProcessId: 2924
ParentImage: C:\Windows\System32\svchost.exe
ParentCommandLine: C:\Windows\system32\svchost.exe -k netsvcs -p -s Schedule
ParentUser: NT AUTHORITY\SYSTEM"
Information,11/12/2024 17:58,Microsoft-Windows-Sysmon,1,Process Create (rule: ProcessCreate),"Process Create:
RuleName: -
UtcTime: 2024-11-13 01:58:39.625
ProcessGuid: {71bacef4-07cf-6734-6a27-000000001400}
ProcessId: 1876
Image: C:\Windows\System32\taskhostw.exe
FileVersion: 10.0.22621.3810 (WinBuild.160101.0800)
Description: Host Process for Windows Tasks
Product: Microsoft® Windows® Operating System
Company: Microsoft Corporation
OriginalFileName: taskhostw.exe
CommandLine: taskhostw.exe
CurrentDirectory: C:\Windows\system32\
User: LAPTOP\sriva
LogonGuid: {71bacef4-c1b8-672f-be81-020600000000}
LogonId: 0x60281BE
TerminalSessionId: 4
IntegrityLevel: High
Hashes: SHA256=E582155FC70FB48482DBDB86B3D70ACB2A8DDB24C0044BACE8D367C40AE8D575
ParentProcessGuid: {71bacef4-7319-6725-3100-000000001400}
ParentProcessId: 2924
ParentImage: C:\Windows\System32\svchost.exe
ParentCommandLine: C:\Windows\system32\svchost.exe -k netsvcs -p -s Schedule
ParentUser: NT AUTHORITY\SYSTEM"
Information,11/12/2024 17:58,Microsoft-Windows-Sysmon,1,Process Create (rule: ProcessCreate),"Process Create:
RuleName: -
UtcTime: 2024-11-13 01:58:39.607
ProcessGuid: {71bacef4-07cf-6734-6927-000000001400}
ProcessId: 18164
Image: C:\Windows\System32\conhost.exe
FileVersion: 10.0.22621.3672 (WinBuild.160101.0800)
Description: Console Window Host
Product: Microsoft® Windows® Operating System
Company: Microsoft Corporation
OriginalFileName: CONHOST.EXE
CommandLine: \??\C:\Windows\system32\conhost.exe 0xffffffff -ForceV1
CurrentDirectory: C:\Windows
User: NT AUTHORITY\SYSTEM
LogonGuid: {71bacef4-7319-6725-e703-000000000000}
LogonId: 0x3E7
TerminalSessionId: 0
IntegrityLevel: System
Hashes: SHA256=F801E65F937827635EB462CAF8CACBD473B9FC5CA428A9216A60C686F45802C1
ParentProcessGuid: {71bacef4-07cf-6734-6627-000000001400}
ParentProcessId: 22812
ParentImage: C:\Windows\System32\sc.exe
ParentCommandLine: ""C:\Windows\system32\sc.exe"" start InventorySvc
ParentUser: NT AUTHORITY\SYSTEM"
Information,11/12/2024 17:58,Microsoft-Windows-Sysmon,5,Process terminated (rule: ProcessTerminate),"Process terminated:
RuleName: -
UtcTime: 2024-11-13 01:58:39.616
ProcessGuid: {71bacef4-07cf-6734-6527-000000001400}
ProcessId: 11304
Image: C:\Windows\System32\wsqmcons.exe
User: NT AUTHORITY\SYSTEM"
Information,11/12/2024 17:58,Microsoft-Windows-Sysmon,1,Process Create (rule: ProcessCreate),"Process Create:
RuleName: -
UtcTime: 2024-11-13 01:58:39.585
ProcessGuid: {71bacef4-07cf-6734-6827-000000001400}
ProcessId: 17756
Image: C:\Program Files\Common Files\microsoft shared\ClickToRun\OfficeC2RClient.exe
FileVersion: 16.0.18129.20116
Description: Microsoft Office Click-to-Run Client
Product: Microsoft 365 and Office
Company: Microsoft Corporation
OriginalFileName: OfficeC2RClient.exe
CommandLine: ""C:\Program Files\Common Files\Microsoft Shared\ClickToRun\OfficeC2RClient.exe"" /WatchService
CurrentDirectory: C:\Windows\system32\
User: NT AUTHORITY\SYSTEM
LogonGuid: {71bacef4-7319-6725-e703-000000000000}
LogonId: 0x3E7
TerminalSessionId: 0
IntegrityLevel: System
Hashes: SHA256=2576B1AB102ED2EC9E28C4A59A3EDCB32515C1ABF0E6727CA7CF2C7E06F7885A
ParentProcessGuid: {71bacef4-7319-6725-3100-000000001400}
ParentProcessId: 2924
ParentImage: C:\Windows\System32\svchost.exe
ParentCommandLine: C:\Windows\system32\svchost.exe -k netsvcs -p -s Schedule
ParentUser: NT AUTHORITY\SYSTEM"
Information,11/12/2024 17:58,Microsoft-Windows-Sysmon,1,Process Create (rule: ProcessCreate),"Process Create:
RuleName: -
UtcTime: 2024-11-13 01:58:39.580
ProcessGuid: {71bacef4-07cf-6734-6727-000000001400}
ProcessId: 10356
Image: C:\Windows\System32\wermgr.exe
FileVersion: 10.0.22621.4391 (WinBuild.160101.0800)
Description: Windows Problem Reporting
Product: Microsoft® Windows® Operating System
Company: Microsoft Corporation
OriginalFileName: WerMgr
CommandLine: ""C:\Windows\system32\wermgr.exe"" -upload
CurrentDirectory: C:\Windows\system32\
User: NT AUTHORITY\SYSTEM
LogonGuid: {71bacef4-7319-6725-e703-000000000000}
LogonId: 0x3E7
TerminalSessionId: 0
IntegrityLevel: System
Hashes: SHA256=26DD6025F404AD3E7AC2F818758A128D3BCC24104720006FF087BCA4C379EDF6
ParentProcessGuid: {71bacef4-7319-6725-3100-000000001400}
ParentProcessId: 2924
ParentImage: C:\Windows\System32\svchost.exe
ParentCommandLine: C:\Windows\system32\svchost.exe -k netsvcs -p -s Schedule
ParentUser: NT AUTHORITY\SYSTEM"
Information,11/12/2024 17:58,Microsoft-Windows-Sysmon,1,Process Create (rule: ProcessCreate),"Process Create:
RuleName: -
UtcTime: 2024-11-13 01:58:39.580
ProcessGuid: {71bacef4-07cf-6734-6627-000000001400}
ProcessId: 22812
Image: C:\Windows\System32\sc.exe
FileVersion: 10.0.22621.1 (WinBuild.160101.0800)
Description: Service Control Manager Configuration Tool
Product: Microsoft® Windows® Operating System
Company: Microsoft Corporation
OriginalFileName: sc.exe
CommandLine: ""C:\Windows\system32\sc.exe"" start InventorySvc
CurrentDirectory: C:\Windows\system32\
User: NT AUTHORITY\SYSTEM
LogonGuid: {71bacef4-7319-6725-e703-000000000000}
LogonId: 0x3E7
TerminalSessionId: 0
IntegrityLevel: System
Hashes: SHA256=67CBE3A7B9C9B7A2E9FB10A33C1A9A3FD297B6F1598AEA374BD9B5D2DEE352EC
ParentProcessGuid: {71bacef4-7319-6725-3100-000000001400}
ParentProcessId: 2924
ParentImage: C:\Windows\System32\svchost.exe
ParentCommandLine: C:\Windows\system32\svchost.exe -k netsvcs -p -s Schedule
ParentUser: NT AUTHORITY\SYSTEM"
Information,11/12/2024 17:58,Microsoft-Windows-Sysmon,1,Process Create (rule: ProcessCreate),"Process Create:
RuleName: -
UtcTime: 2024-11-13 01:58:39.557
ProcessGuid: {71bacef4-07cf-6734-6527-000000001400}
ProcessId: 11304
Image: C:\Windows\System32\wsqmcons.exe
FileVersion: 10.0.22621.1 (WinBuild.160101.0800)
Description: Windows SQM Consolidator
Product: Microsoft® Windows® Operating System
Company: Microsoft Corporation
OriginalFileName: wsqmcons.exe
CommandLine: ""C:\Windows\System32\wsqmcons.exe""
CurrentDirectory: C:\Windows\system32\
User: NT AUTHORITY\SYSTEM
LogonGuid: {71bacef4-7319-6725-e703-000000000000}
LogonId: 0x3E7
TerminalSessionId: 0
IntegrityLevel: System
Hashes: SHA256=A4991AE96F5AD6F9B45DB8E1EB9AAEFE3C247A75326024A8E24BAE70E02103E8
ParentProcessGuid: {71bacef4-7319-6725-3100-000000001400}
ParentProcessId: 2924
ParentImage: C:\Windows\System32\svchost.exe
ParentCommandLine: C:\Windows\system32\svchost.exe -k netsvcs -p -s Schedule
ParentUser: NT AUTHORITY\SYSTEM"
Information,11/12/2024 17:58,Microsoft-Windows-Sysmon,1,Process Create (rule: ProcessCreate),"Process Create:
RuleName: -
UtcTime: 2024-11-13 01:58:39.544
ProcessGuid: {71bacef4-07cf-6734-6327-000000001400}
ProcessId: 19360
Image: C:\Program Files (x86)\Microsoft\EdgeUpdate\MicrosoftEdgeUpdate.exe
FileVersion: 1.3.155.85
Description: Microsoft Edge Update
Product: Microsoft Edge Update
Company: Microsoft Corporation
OriginalFileName: msedgeupdate.dll
CommandLine: ""C:\Program Files (x86)\Microsoft\EdgeUpdate\MicrosoftEdgeUpdate.exe"" /c
CurrentDirectory: C:\Windows\system32\
User: NT AUTHORITY\SYSTEM
LogonGuid: {71bacef4-7319-6725-e703-000000000000}
LogonId: 0x3E7
TerminalSessionId: 0
IntegrityLevel: System
Hashes: SHA256=54545F352215A9C0F370A01980AADCD5749A93589931662D89A974D7BD60F476
ParentProcessGuid: {71bacef4-7319-6725-3100-000000001400}
ParentProcessId: 2924
ParentImage: C:\Windows\System32\svchost.exe
ParentCommandLine: C:\Windows\system32\svchost.exe -k netsvcs -p -s Schedule
ParentUser: NT AUTHORITY\SYSTEM"
Information,11/12/2024 17:58,Microsoft-Windows-Sysmon,1,Process Create (rule: ProcessCreate),"Process Create:
RuleName: -
UtcTime: 2024-11-13 01:58:39.551
ProcessGuid: {71bacef4-07cf-6734-6427-000000001400}
ProcessId: 11864
Image: C:\Windows\System32\rundll32.exe
FileVersion: 10.0.22621.4391 (WinBuild.160101.0800)
Description: Windows host process (Rundll32)
Product: Microsoft® Windows® Operating System
Company: Microsoft Corporation
OriginalFileName: RUNDLL32.EXE
CommandLine: ""C:\Windows\system32\rundll32.exe"" C:\Windows\system32\PcaSvc.dll,PcaPatchSdbTask
CurrentDirectory: C:\Windows\system32\
User: NT AUTHORITY\SYSTEM
LogonGuid: {71bacef4-7319-6725-e703-000000000000}
LogonId: 0x3E7
TerminalSessionId: 0
IntegrityLevel: System
Hashes: SHA256=B106A67B6CBA379EE3B67D8ACAF05030DC244297505D245EF70A538E68BEBFEC
ParentProcessGuid: {71bacef4-7319-6725-3100-000000001400}
ParentProcessId: 2924
ParentImage: C:\Windows\System32\svchost.exe
ParentCommandLine: C:\Windows\system32\svchost.exe -k netsvcs -p -s Schedule
ParentUser: NT AUTHORITY\SYSTEM"
Information,11/12/2024 17:58,Microsoft-Windows-Sysmon,1,Process Create (rule: ProcessCreate),"Process Create:
RuleName: -
UtcTime: 2024-11-13 01:58:39.517
ProcessGuid: {71bacef4-07cf-6734-6227-000000001400}
ProcessId: 23624
Image: C:\Windows\System32\taskhostw.exe
FileVersion: 10.0.22621.3810 (WinBuild.160101.0800)
Description: Host Process for Windows Tasks
Product: Microsoft® Windows® Operating System
Company: Microsoft Corporation
OriginalFileName: taskhostw.exe
CommandLine: taskhostw.exe AntiTrackerTask
CurrentDirectory: C:\Windows\system32\
User: NT AUTHORITY\SYSTEM
LogonGuid: {71bacef4-7319-6725-e703-000000000000}
LogonId: 0x3E7
TerminalSessionId: 0
IntegrityLevel: System
Hashes: SHA256=E582155FC70FB48482DBDB86B3D70ACB2A8DDB24C0044BACE8D367C40AE8D575
ParentProcessGuid: {71bacef4-7319-6725-3100-000000001400}
ParentProcessId: 2924
ParentImage: C:\Windows\System32\svchost.exe
ParentCommandLine: C:\Windows\system32\svchost.exe -k netsvcs -p -s Schedule
ParentUser: NT AUTHORITY\SYSTEM"
Information,11/12/2024 17:58,Microsoft-Windows-Sysmon,1,Process Create (rule: ProcessCreate),"Process Create:
RuleName: -
UtcTime: 2024-11-13 01:58:39.517
ProcessGuid: {71bacef4-07cf-6734-6127-000000001400}
ProcessId: 26372
Image: C:\Program Files (x86)\Microsoft\EdgeUpdate\MicrosoftEdgeUpdate.exe
FileVersion: 1.3.155.85
Description: Microsoft Edge Update
Product: Microsoft Edge Update
Company: Microsoft Corporation
OriginalFileName: msedgeupdate.dll
CommandLine: ""C:\Program Files (x86)\Microsoft\EdgeUpdate\MicrosoftEdgeUpdate.exe"" /ua /installsource scheduler
CurrentDirectory: C:\Windows\system32\
User: NT AUTHORITY\SYSTEM
LogonGuid: {71bacef4-7319-6725-e703-000000000000}
LogonId: 0x3E7
TerminalSessionId: 0
IntegrityLevel: System
Hashes: SHA256=54545F352215A9C0F370A01980AADCD5749A93589931662D89A974D7BD60F476
ParentProcessGuid: {71bacef4-7319-6725-3100-000000001400}
ParentProcessId: 2924
ParentImage: C:\Windows\System32\svchost.exe
ParentCommandLine: C:\Windows\system32\svchost.exe -k netsvcs -p -s Schedule
ParentUser: NT AUTHORITY\SYSTEM"
Information,11/12/2024 17:58,Microsoft-Windows-Sysmon,5,Process terminated (rule: ProcessTerminate),"Process terminated:
RuleName: -
UtcTime: 2024-11-13 01:58:06.536
ProcessGuid: {71bacef4-0753-6734-5127-000000001400}
ProcessId: 10624
Image: C:\Windows\System32\RuntimeBroker.exe
User: LAPTOP\sriva"
Information,11/12/2024 17:57,Microsoft-Windows-Sysmon,1,Process Create (rule: ProcessCreate),"Process Create:
RuleName: -
UtcTime: 2024-11-13 01:57:58.018
ProcessGuid: {71bacef4-07a6-6734-6027-000000001400}
ProcessId: 25316
Image: C:\Windows\System32\wbem\WmiPrvSE.exe
FileVersion: 10.0.22621.1 (WinBuild.160101.0800)
Description: WMI Provider Host
Product: Microsoft® Windows® Operating System
Company: Microsoft Corporation
OriginalFileName: Wmiprvse.exe
CommandLine: C:\Windows\system32\wbem\wmiprvse.exe -secured -Embedding
CurrentDirectory: C:\Windows\system32\
User: NT AUTHORITY\NETWORK SERVICE
LogonGuid: {71bacef4-7319-6725-e403-000000000000}
LogonId: 0x3E4
TerminalSessionId: 0
IntegrityLevel: System
Hashes: SHA256=196CABED59111B6C4BBF78C84A56846D96CBBC4F06935A4FD4E6432EF0AE4083
ParentProcessGuid: {71bacef4-7319-6725-0f00-000000001400}
ParentProcessId: 1524
ParentImage: C:\Windows\System32\svchost.exe
ParentCommandLine: C:\Windows\system32\svchost.exe -k DcomLaunch -p
ParentUser: NT AUTHORITY\SYSTEM"
Information,11/12/2024 17:57,Microsoft-Windows-Sysmon,5,Process terminated (rule: ProcessTerminate),"Process terminated:
RuleName: -
UtcTime: 2024-11-13 01:57:57.702
ProcessGuid: {71bacef4-074d-6734-4b27-000000001400}
ProcessId: 884
Image: C:\Windows\System32\SearchProtocolHost.exe
User: LAPTOP\sriva"
Information,11/12/2024 17:57,Microsoft-Windows-Sysmon,5,Process terminated (rule: ProcessTerminate),"Process terminated:
RuleName: -
UtcTime: 2024-11-13 01:57:42.796
ProcessGuid: {71bacef4-0796-6734-5f27-000000001400}
ProcessId: 18308
Image: C:\Windows\System32\conhost.exe
User: NT AUTHORITY\LOCAL SERVICE"
Information,11/12/2024 17:57,Microsoft-Windows-Sysmon,5,Process terminated (rule: ProcessTerminate),"Process terminated:
RuleName: -
UtcTime: 2024-11-13 01:57:42.789
ProcessGuid: {71bacef4-0796-6734-5e27-000000001400}
ProcessId: 9652
Image: C:\Windows\System32\appidcertstorecheck.exe
User: NT AUTHORITY\LOCAL SERVICE"
Information,11/12/2024 17:57,Microsoft-Windows-Sysmon,1,Process Create (rule: ProcessCreate),"Process Create:
RuleName: -
UtcTime: 2024-11-13 01:57:42.715
ProcessGuid: {71bacef4-0796-6734-5f27-000000001400}
ProcessId: 18308
Image: C:\Windows\System32\conhost.exe
FileVersion: 10.0.22621.3672 (WinBuild.160101.0800)
Description: Console Window Host
Product: Microsoft® Windows® Operating System
Company: Microsoft Corporation
OriginalFileName: CONHOST.EXE
CommandLine: \??\C:\Windows\system32\conhost.exe 0xffffffff -ForceV1
CurrentDirectory: C:\Windows
User: NT AUTHORITY\LOCAL SERVICE
LogonGuid: {71bacef4-7319-6725-e503-000000000000}
LogonId: 0x3E5
TerminalSessionId: 0
IntegrityLevel: System
Hashes: SHA256=F801E65F937827635EB462CAF8CACBD473B9FC5CA428A9216A60C686F45802C1
ParentProcessGuid: {71bacef4-0796-6734-5e27-000000001400}
ParentProcessId: 9652
ParentImage: C:\Windows\System32\appidcertstorecheck.exe
ParentCommandLine: ""C:\Windows\system32\appidcertstorecheck.exe""
ParentUser: NT AUTHORITY\LOCAL SERVICE"
Information,11/12/2024 17:57,Microsoft-Windows-Sysmon,1,Process Create (rule: ProcessCreate),"Process Create:
RuleName: -
UtcTime: 2024-11-13 01:57:42.694
ProcessGuid: {71bacef4-0796-6734-5e27-000000001400}
ProcessId: 9652
Image: C:\Windows\System32\appidcertstorecheck.exe
FileVersion: 10.0.22621.4391 (WinBuild.160101.0800)
Description: AppID Certificate Store Verification Task
Product: Microsoft® Windows® Operating System
Company: Microsoft Corporation
OriginalFileName: AppIDCertstoreCheck.exe
CommandLine: ""C:\Windows\system32\appidcertstorecheck.exe""
CurrentDirectory: C:\Windows\system32\
User: NT AUTHORITY\LOCAL SERVICE
LogonGuid: {71bacef4-7319-6725-e503-000000000000}
LogonId: 0x3E5
TerminalSessionId: 0
IntegrityLevel: System
Hashes: SHA256=2947563F537DCB6705644CD40AEED58A0B64479438828EF07C6A0AC5CC38DBC3
ParentProcessGuid: {71bacef4-7319-6725-3100-000000001400}
ParentProcessId: 2924
ParentImage: C:\Windows\System32\svchost.exe
ParentCommandLine: C:\Windows\system32\svchost.exe -k netsvcs -p -s Schedule
ParentUser: NT AUTHORITY\SYSTEM"
Information,11/12/2024 17:57,Microsoft-Windows-Sysmon,5,Process terminated (rule: ProcessTerminate),"Process terminated:
RuleName: -
UtcTime: 2024-11-13 01:57:40.316
ProcessGuid: {71bacef4-65bf-6733-c126-000000001400}
ProcessId: 5708
Image: C:\Windows\System32\taskhostw.exe
User: NT AUTHORITY\SYSTEM"
Information,11/12/2024 17:57,Microsoft-Windows-Sysmon,5,Process terminated (rule: ProcessTerminate),"Process terminated:
RuleName: -
UtcTime: 2024-11-13 01:57:36.506
ProcessGuid: {71bacef4-074f-6734-4e27-000000001400}
ProcessId: 21940
Image: C:\Windows\System32\backgroundTaskHost.exe
User: LAPTOP\sriva"
Information,11/12/2024 17:57,Microsoft-Windows-Sysmon,5,Process terminated (rule: ProcessTerminate),"Process terminated:
RuleName: -
UtcTime: 2024-11-13 01:57:29.707
ProcessGuid: {71bacef4-074d-6734-4a27-000000001400}
ProcessId: 13976
Image: C:\Windows\System32\backgroundTaskHost.exe
User: LAPTOP\sriva"
Information,11/12/2024 17:57,Microsoft-Windows-Sysmon,5,Process terminated (rule: ProcessTerminate),"Process terminated:
RuleName: -
UtcTime: 2024-11-13 01:57:28.257
ProcessGuid: {71bacef4-0780-6734-5b27-000000001400}
ProcessId: 10880
Image: C:\Windows\System32\ctfmon.exe
User: NT AUTHORITY\SYSTEM"
Information,11/12/2024 17:57,Microsoft-Windows-Sysmon,5,Process terminated (rule: ProcessTerminate),"Process terminated:
RuleName: -
UtcTime: 2024-11-13 01:57:25.258
ProcessGuid: {71bacef4-0780-6734-5a27-000000001400}
ProcessId: 25824
Image: C:\Program Files\Common Files\microsoft shared\ink\TabTip.exe
User: NT AUTHORITY\SYSTEM"
Information,11/12/2024 17:57,Microsoft-Windows-Sysmon,1,Process Create (rule: ProcessCreate),"Process Create:
RuleName: -
UtcTime: 2024-11-13 01:57:22.403
ProcessGuid: {71bacef4-0782-6734-5d27-000000001400}
ProcessId: 10772
Image: C:\Windows\System32\conhost.exe
FileVersion: 10.0.22621.3672 (WinBuild.160101.0800)
Description: Console Window Host
Product: Microsoft® Windows® Operating System
Company: Microsoft Corporation
OriginalFileName: CONHOST.EXE
CommandLine: \??\C:\Windows\system32\conhost.exe 0xffffffff -ForceV1
CurrentDirectory: C:\Windows
User: LAPTOP\sriva
LogonGuid: {71bacef4-c1b8-672f-be81-020600000000}
LogonId: 0x60281BE
TerminalSessionId: 4
IntegrityLevel: High
Hashes: SHA256=F801E65F937827635EB462CAF8CACBD473B9FC5CA428A9216A60C686F45802C1
ParentProcessGuid: {71bacef4-0782-6734-5c27-000000001400}
ParentProcessId: 19740
ParentImage: C:\Windows\System32\cmd.exe
ParentCommandLine: ""C:\Windows\system32\cmd.exe"" 
ParentUser: LAPTOP\sriva"
Information,11/12/2024 17:57,Microsoft-Windows-Sysmon,1,Process Create (rule: ProcessCreate),"Process Create:
RuleName: -
UtcTime: 2024-11-13 01:57:22.369
ProcessGuid: {71bacef4-0782-6734-5c27-000000001400}
ProcessId: 19740
Image: C:\Windows\System32\cmd.exe
FileVersion: 10.0.22621.4391 (WinBuild.160101.0800)
Description: Windows Command Processor
Product: Microsoft® Windows® Operating System
Company: Microsoft Corporation
OriginalFileName: Cmd.Exe
CommandLine: ""C:\Windows\system32\cmd.exe"" 
CurrentDirectory: C:\Windows\system32\
User: LAPTOP\sriva
LogonGuid: {71bacef4-c1b8-672f-be81-020600000000}
LogonId: 0x60281BE
TerminalSessionId: 4
IntegrityLevel: High
Hashes: SHA256=1B16E4FD6DAE8F1643DA8C7C89FB03613406B87DCF48B8ABDB1F9378C1ADD9AF
ParentProcessGuid: {71bacef4-c1b9-672f-af21-000000001400}
ParentProcessId: 2332
ParentImage: C:\Windows\explorer.exe
ParentCommandLine: C:\Windows\Explorer.EXE
ParentUser: LAPTOP\sriva"
Information,11/12/2024 17:57,Microsoft-Windows-Sysmon,5,Process terminated (rule: ProcessTerminate),"Process terminated:
RuleName: -
UtcTime: 2024-11-13 01:57:22.309
ProcessGuid: {71bacef4-0780-6734-5927-000000001400}
ProcessId: 25760
Image: C:\Windows\System32\consent.exe
User: NT AUTHORITY\SYSTEM"
Information,11/12/2024 17:57,Microsoft-Windows-Sysmon,1,Process Create (rule: ProcessCreate),"Process Create:
RuleName: -
UtcTime: 2024-11-13 01:57:20.310
ProcessGuid: {71bacef4-0780-6734-5b27-000000001400}
ProcessId: 10880
Image: C:\Windows\System32\ctfmon.exe
FileVersion: 10.0.22621.1 (WinBuild.160101.0800)
Description: CTF Loader
Product: Microsoft® Windows® Operating System
Company: Microsoft Corporation
OriginalFileName: CTFMON.EXE
CommandLine: ""ctfmon.exe""
CurrentDirectory: C:\Windows\system32\
User: NT AUTHORITY\SYSTEM
LogonGuid: {71bacef4-7319-6725-e703-000000000000}
LogonId: 0x3E7
TerminalSessionId: 4
IntegrityLevel: System
Hashes: SHA256=7E067B7DA5DA60458B5F7D5A99BC7C7C1F41999CD2559985F09267B1EC2E56EC
ParentProcessGuid: {71bacef4-7319-6725-2e00-000000001400}
ParentProcessId: 2728
ParentImage: C:\Windows\System32\svchost.exe
ParentCommandLine: C:\Windows\System32\svchost.exe -k LocalSystemNetworkRestricted -p -s TextInputManagementService
ParentUser: NT AUTHORITY\SYSTEM"
Information,11/12/2024 17:57,Microsoft-Windows-Sysmon,1,Process Create (rule: ProcessCreate),"Process Create:
RuleName: -
UtcTime: 2024-11-13 01:57:20.241
ProcessGuid: {71bacef4-0780-6734-5a27-000000001400}
ProcessId: 25824
Image: C:\Program Files\Common Files\microsoft shared\ink\TabTip.exe
FileVersion: 10.0.22621.4391 (WinBuild.160101.0800)
Description: Touch Keyboard and Handwriting Panel
Product: Microsoft® Windows® Operating System
Company: Microsoft Corporation
OriginalFileName: TabTip.exe
CommandLine: /QuitInfo:0000000000000350;0000000000000280;  
CurrentDirectory: C:\Windows\system32\
User: NT AUTHORITY\SYSTEM
LogonGuid: {71bacef4-7319-6725-e703-000000000000}
LogonId: 0x3E7
TerminalSessionId: 4
IntegrityLevel: System
Hashes: SHA256=6DA683C3167322256FF1375F972B3D0F4E7A4192515CB4988D6569F2EB7A37DF
ParentProcessGuid: {71bacef4-7319-6725-2e00-000000001400}
ParentProcessId: 2728
ParentImage: C:\Windows\System32\svchost.exe
ParentCommandLine: C:\Windows\System32\svchost.exe -k LocalSystemNetworkRestricted -p -s TextInputManagementService
ParentUser: NT AUTHORITY\SYSTEM"
Information,11/12/2024 17:57,Microsoft-Windows-Sysmon,1,Process Create (rule: ProcessCreate),"Process Create:
RuleName: -
UtcTime: 2024-11-13 01:57:20.056
ProcessGuid: {71bacef4-0780-6734-5927-000000001400}
ProcessId: 25760
Image: C:\Windows\System32\consent.exe
FileVersion: 10.0.22621.4391 (WinBuild.160101.0800)
Description: Consent UI for administrative applications
Product: Microsoft® Windows® Operating System
Company: Microsoft Corporation
OriginalFileName: consent.exe
CommandLine: consent.exe 4100 288 000002092542C180
CurrentDirectory: C:\Windows\system32\
User: NT AUTHORITY\SYSTEM
LogonGuid: {71bacef4-7319-6725-e703-000000000000}
LogonId: 0x3E7
TerminalSessionId: 4
IntegrityLevel: System
Hashes: SHA256=B21FB0C6F113DB4298550F39B951C097F63188BCEA86E8414F04F9CA644B26D8
ParentProcessGuid: {71bacef4-731a-6725-4800-000000001400}
ParentProcessId: 4100
ParentImage: C:\Windows\System32\svchost.exe
ParentCommandLine: C:\Windows\system32\svchost.exe -k netsvcs -p -s Appinfo
ParentUser: NT AUTHORITY\SYSTEM"
Information,11/12/2024 17:57,Microsoft-Windows-Sysmon,1,Process Create (rule: ProcessCreate),"Process Create:
RuleName: -
UtcTime: 2024-11-13 01:57:19.917
ProcessGuid: {71bacef4-077f-6734-5827-000000001400}
ProcessId: 27636
Image: C:\Windows\System32\smartscreen.exe
FileVersion: 10.0.22621.4111 (WinBuild.160101.0800)
Description: Windows Defender SmartScreen
Product: Microsoft® Windows® Operating System
Company: Microsoft Corporation
OriginalFileName: smartscreen.exe
CommandLine: C:\Windows\System32\smartscreen.exe -Embedding
CurrentDirectory: C:\Windows\system32\
User: LAPTOP\sriva
LogonGuid: {71bacef4-c1b8-672f-0882-020600000000}
LogonId: 0x6028208
TerminalSessionId: 4
IntegrityLevel: Medium
Hashes: SHA256=44043D16DA495F1983E7E97112BECE4398ED46BF49C722241024E693F5044255
ParentProcessGuid: {71bacef4-7319-6725-0f00-000000001400}
ParentProcessId: 1524
ParentImage: C:\Windows\System32\svchost.exe
ParentCommandLine: C:\Windows\system32\svchost.exe -k DcomLaunch -p
ParentUser: NT AUTHORITY\SYSTEM"
Information,11/12/2024 17:57,Microsoft-Windows-Sysmon,5,Process terminated (rule: ProcessTerminate),"Process terminated:
RuleName: -
UtcTime: 2024-11-13 01:57:16.321
ProcessGuid: {71bacef4-077c-6734-5727-000000001400}
ProcessId: 25688
Image: C:\Windows\System32\backgroundTaskHost.exe
User: LAPTOP\sriva"
Information,11/12/2024 17:57,Microsoft-Windows-Sysmon,1,Process Create (rule: ProcessCreate),"Process Create:
RuleName: -
UtcTime: 2024-11-13 01:57:16.174
ProcessGuid: {71bacef4-077c-6734-5727-000000001400}
ProcessId: 25688
Image: C:\Windows\System32\backgroundTaskHost.exe
FileVersion: 10.0.22621.1 (WinBuild.160101.0800)
Description: Background Task Host
Product: Microsoft® Windows® Operating System
Company: Microsoft Corporation
OriginalFileName: backgroundTaskHost.exe
CommandLine: ""C:\Windows\system32\BackgroundTaskHost.exe"" -ServerName:BackgroundTaskHost.WebAccountProvider
CurrentDirectory: C:\Windows\SystemApps\Microsoft.AAD.BrokerPlugin_cw5n1h2txyewy\
User: LAPTOP\sriva
LogonGuid: {71bacef4-c1b8-672f-0882-020600000000}
LogonId: 0x6028208
TerminalSessionId: 4
IntegrityLevel: AppContainer
Hashes: SHA256=4C8915E07BE1904A3BC02E4F8DB0A80BB932CE610D97EABB9151B4E51F449980
ParentProcessGuid: {71bacef4-7319-6725-0f00-000000001400}
ParentProcessId: 1524
ParentImage: C:\Windows\System32\svchost.exe
ParentCommandLine: C:\Windows\system32\svchost.exe -k DcomLaunch -p
ParentUser: NT AUTHORITY\SYSTEM"
Information,11/12/2024 17:57,Microsoft-Windows-Sysmon,5,Process terminated (rule: ProcessTerminate),"Process terminated:
RuleName: -
UtcTime: 2024-11-13 01:57:14.116
ProcessGuid: {71bacef4-0e70-6733-7826-000000001400}
ProcessId: 18980
Image: C:\Windows\System32\conhost.exe
User: LAPTOP\sriva"
Information,11/12/2024 17:57,Microsoft-Windows-Sysmon,5,Process terminated (rule: ProcessTerminate),"Process terminated:
RuleName: -
UtcTime: 2024-11-13 01:57:14.063
ProcessGuid: {71bacef4-0e70-6733-7726-000000001400}
ProcessId: 27640
Image: C:\Windows\System32\cmd.exe
User: LAPTOP\sriva"
Information,11/12/2024 17:57,Microsoft-Windows-Sysmon,5,Process terminated (rule: ProcessTerminate),"Process terminated:
RuleName: -
UtcTime: 2024-11-13 01:57:02.141
ProcessGuid: {71bacef4-076c-6734-5527-000000001400}
ProcessId: 26572
Image: C:\Program Files\McAfee\WPS\1.23.177.1\dad\mc-dad.exe
User: NT AUTHORITY\SYSTEM"
Information,11/12/2024 17:57,Microsoft-Windows-Sysmon,5,Process terminated (rule: ProcessTerminate),"Process terminated:
RuleName: -
UtcTime: 2024-11-13 01:57:02.129
ProcessGuid: {71bacef4-076c-6734-5627-000000001400}
ProcessId: 10380
Image: C:\Program Files\McAfee\WPS\1.23.177.1\dad\mc-dad.exe
User: NT AUTHORITY\SYSTEM"
