Information,11/12/2024 18:00,Microsoft-Windows-Sysmon,1,Process Create (rule: ProcessCreate),"Process Create:
RuleName: -
UtcTime: 2024-11-13 02:00:30.395
ProcessGuid: {71bacef4-083e-6734-9927-000000001400}
ProcessId: 22080
Image: C:\Program Files (x86)\Google\GoogleUpdater\132.0.6806.0\updater.exe
FileVersion: 132.0.6806.0
Description: Google Updater
Product: Google Updater
Company: Google LLC
OriginalFileName: updater.exe
CommandLine: ""C:\Program Files (x86)\Google\GoogleUpdater\132.0.6806.0\updater.exe"" --wake --system
CurrentDirectory: C:\Windows\system32\
User: NT AUTHORITY\SYSTEM
LogonGuid: {71bacef4-7319-6725-e703-000000000000}
LogonId: 0x3E7
TerminalSessionId: 0
IntegrityLevel: System
Hashes: MD5=CFEB1C8292FA4A22B1C8B5D81B8AABF9,SHA256=AF4B596E960D17A2A06ECF7EEE0EE41CCEAB35DDA82D505D8B1C8B8D5AEAB4F2,IMPHASH=B632B54E3A40D85F1590499992087CAC
ParentProcessGuid: {71bacef4-7319-6725-3100-000000001400}
ParentProcessId: 2924
ParentImage: C:\Windows\System32\svchost.exe
ParentCommandLine: C:\Windows\system32\svchost.exe -k netsvcs -p -s Schedule
ParentUser: NT AUTHORITY\SYSTEM"
Information,11/12/2024 18:00,Microsoft-Windows-Sysmon,5,Process terminated (rule: ProcessTerminate),"Process terminated:
RuleName: -
UtcTime: 2024-11-13 02:00:22.824
ProcessGuid: {71bacef4-0836-6734-9827-000000001400}
ProcessId: 20108
Image: C:\Users\sriva\AppData\Local\Temp\Sysmon.exe
User: LAPTOP\sriva"
Information,11/12/2024 18:00,Microsoft-Windows-Sysmon,16,Sysmon config state changed,"Sysmon config state changed:
UtcTime: 2024-11-13 02:00:22.820
Configuration: C:\Sysmon\sysmonconfig-export.xml
ConfigurationFileHash: SHA256=055FEBC600E6D7448CDF3812307275912927A62B1F94D0D933B64B294BC87162"
Information,11/12/2024 18:00,Microsoft-Windows-Sysmon,1,Process Create (rule: ProcessCreate),"Process Create:
RuleName: -
UtcTime: 2024-11-13 02:00:22.717
ProcessGuid: {71bacef4-0836-6734-9827-000000001400}
ProcessId: 20108
Image: C:\Users\sriva\AppData\Local\Temp\Sysmon.exe
FileVersion: 15.15
Description: System activity monitor
Product: Sysinternals Sysmon
Company: Sysinternals - www.sysinternals.com
OriginalFileName: -
CommandLine: sysmon.exe  -c C:\Sysmon\sysmonconfig-export.xml
CurrentDirectory: C:\Sysmon\
User: LAPTOP\sriva
LogonGuid: {71bacef4-c1b8-672f-be81-020600000000}
LogonId: 0x60281BE
TerminalSessionId: 4
IntegrityLevel: High
Hashes: SHA256=D9C8FDFDCE510FD9922DA3A1084B6AC4476C1407D1D8BBB67FC0A61988552771
ParentProcessGuid: {71bacef4-0836-6734-9727-000000001400}
ParentProcessId: 5540
ParentImage: C:\Sysmon\Sysmon.exe
ParentCommandLine: sysmon.exe  -c C:\Sysmon\sysmonconfig-export.xml
ParentUser: LAPTOP\sriva"
Information,11/12/2024 18:00,Microsoft-Windows-Sysmon,1,Process Create (rule: ProcessCreate),"Process Create:
RuleName: -
UtcTime: 2024-11-13 02:00:22.426
ProcessGuid: {71bacef4-0836-6734-9727-000000001400}
ProcessId: 5540
Image: C:\Sysmon\Sysmon.exe
FileVersion: 15.15
Description: System activity monitor
Product: Sysinternals Sysmon
Company: Sysinternals - www.sysinternals.com
OriginalFileName: -
CommandLine: sysmon.exe  -c C:\Sysmon\sysmonconfig-export.xml
CurrentDirectory: C:\Sysmon\
User: LAPTOP\sriva
LogonGuid: {71bacef4-c1b8-672f-be81-020600000000}
LogonId: 0x60281BE
TerminalSessionId: 4
IntegrityLevel: High
Hashes: SHA256=16E4ED3EA1D4C67213799905D61A2722CF08A0B74A885E58B743B91D3CDDFC87
ParentProcessGuid: {71bacef4-0827-6734-9527-000000001400}
ParentProcessId: 26844
ParentImage: C:\Windows\System32\cmd.exe
ParentCommandLine: ""C:\Windows\system32\cmd.exe"" 
ParentUser: LAPTOP\sriva"
Information,11/12/2024 18:00,Microsoft-Windows-Sysmon,5,Process terminated (rule: ProcessTerminate),"Process terminated:
RuleName: -
UtcTime: 2024-11-13 02:00:13.136
ProcessGuid: {71bacef4-0824-6734-9427-000000001400}
ProcessId: 27572
Image: C:\Windows\System32\ctfmon.exe
User: NT AUTHORITY\SYSTEM"
Information,11/12/2024 18:00,Microsoft-Windows-Sysmon,5,Process terminated (rule: ProcessTerminate),"Process terminated:
RuleName: -
UtcTime: 2024-11-13 02:00:10.133
ProcessGuid: {71bacef4-0824-6734-9327-000000001400}
ProcessId: 12512
Image: C:\Program Files\Common Files\microsoft shared\ink\TabTip.exe
User: NT AUTHORITY\SYSTEM"
Information,11/12/2024 18:00,Microsoft-Windows-Sysmon,1,Process Create (rule: ProcessCreate),"Process Create:
RuleName: -
UtcTime: 2024-11-13 02:00:07.378
ProcessGuid: {71bacef4-0827-6734-9627-000000001400}
ProcessId: 4068
Image: C:\Windows\System32\conhost.exe
FileVersion: 10.0.22621.3672 (WinBuild.160101.0800)
Description: Console Window Host
Product: Microsoft® Windows® Operating System
Company: Microsoft Corporation
OriginalFileName: CONHOST.EXE
CommandLine: \??\C:\Windows\system32\conhost.exe 0xffffffff -ForceV1
CurrentDirectory: C:\Windows
User: LAPTOP\sriva
LogonGuid: {71bacef4-c1b8-672f-be81-020600000000}
LogonId: 0x60281BE
TerminalSessionId: 4
IntegrityLevel: High
Hashes: SHA256=F801E65F937827635EB462CAF8CACBD473B9FC5CA428A9216A60C686F45802C1
ParentProcessGuid: {71bacef4-0827-6734-9527-000000001400}
ParentProcessId: 26844
ParentImage: C:\Windows\System32\cmd.exe
ParentCommandLine: ""C:\Windows\system32\cmd.exe"" 
ParentUser: LAPTOP\sriva"
Information,11/12/2024 18:00,Microsoft-Windows-Sysmon,1,Process Create (rule: ProcessCreate),"Process Create:
RuleName: -
UtcTime: 2024-11-13 02:00:07.339
ProcessGuid: {71bacef4-0827-6734-9527-000000001400}
ProcessId: 26844
Image: C:\Windows\System32\cmd.exe
FileVersion: 10.0.22621.4391 (WinBuild.160101.0800)
Description: Windows Command Processor
Product: Microsoft® Windows® Operating System
Company: Microsoft Corporation
OriginalFileName: Cmd.Exe
CommandLine: ""C:\Windows\system32\cmd.exe"" 
CurrentDirectory: C:\Windows\system32\
User: LAPTOP\sriva
LogonGuid: {71bacef4-c1b8-672f-be81-020600000000}
LogonId: 0x60281BE
TerminalSessionId: 4
IntegrityLevel: High
Hashes: SHA256=1B16E4FD6DAE8F1643DA8C7C89FB03613406B87DCF48B8ABDB1F9378C1ADD9AF
ParentProcessGuid: {71bacef4-c1b9-672f-af21-000000001400}
ParentProcessId: 2332
ParentImage: C:\Windows\explorer.exe
ParentCommandLine: C:\Windows\Explorer.EXE
ParentUser: LAPTOP\sriva"
Information,11/12/2024 18:00,Microsoft-Windows-Sysmon,5,Process terminated (rule: ProcessTerminate),"Process terminated:
RuleName: -
UtcTime: 2024-11-13 02:00:07.235
ProcessGuid: {71bacef4-0824-6734-9227-000000001400}
ProcessId: 24300
Image: C:\Windows\System32\consent.exe
User: NT AUTHORITY\SYSTEM"
Information,11/12/2024 18:00,Microsoft-Windows-Sysmon,1,Process Create (rule: ProcessCreate),"Process Create:
RuleName: -
UtcTime: 2024-11-13 02:00:04.862
ProcessGuid: {71bacef4-0824-6734-9427-000000001400}
ProcessId: 27572
Image: C:\Windows\System32\ctfmon.exe
FileVersion: 10.0.22621.1 (WinBuild.160101.0800)
Description: CTF Loader
Product: Microsoft® Windows® Operating System
Company: Microsoft Corporation
OriginalFileName: CTFMON.EXE
CommandLine: ""ctfmon.exe""
CurrentDirectory: C:\Windows\system32\
User: NT AUTHORITY\SYSTEM
LogonGuid: {71bacef4-7319-6725-e703-000000000000}
LogonId: 0x3E7
TerminalSessionId: 4
IntegrityLevel: System
Hashes: SHA256=7E067B7DA5DA60458B5F7D5A99BC7C7C1F41999CD2559985F09267B1EC2E56EC
ParentProcessGuid: {71bacef4-7319-6725-2e00-000000001400}
ParentProcessId: 2728
ParentImage: C:\Windows\System32\svchost.exe
ParentCommandLine: C:\Windows\System32\svchost.exe -k LocalSystemNetworkRestricted -p -s TextInputManagementService
ParentUser: NT AUTHORITY\SYSTEM"
Information,11/12/2024 18:00,Microsoft-Windows-Sysmon,1,Process Create (rule: ProcessCreate),"Process Create:
RuleName: -
UtcTime: 2024-11-13 02:00:04.830
ProcessGuid: {71bacef4-0824-6734-9327-000000001400}
ProcessId: 12512
Image: C:\Program Files\Common Files\microsoft shared\ink\TabTip.exe
FileVersion: 10.0.22621.4391 (WinBuild.160101.0800)
Description: Touch Keyboard and Handwriting Panel
Product: Microsoft® Windows® Operating System
Company: Microsoft Corporation
OriginalFileName: TabTip.exe
CommandLine: /QuitInfo:0000000000000350;0000000000000280;  
CurrentDirectory: C:\Windows\system32\
User: NT AUTHORITY\SYSTEM
LogonGuid: {71bacef4-7319-6725-e703-000000000000}
LogonId: 0x3E7
TerminalSessionId: 4
IntegrityLevel: System
Hashes: SHA256=6DA683C3167322256FF1375F972B3D0F4E7A4192515CB4988D6569F2EB7A37DF
ParentProcessGuid: {71bacef4-7319-6725-2e00-000000001400}
ParentProcessId: 2728
ParentImage: C:\Windows\System32\svchost.exe
ParentCommandLine: C:\Windows\System32\svchost.exe -k LocalSystemNetworkRestricted -p -s TextInputManagementService
ParentUser: NT AUTHORITY\SYSTEM"
Information,11/12/2024 18:00,Microsoft-Windows-Sysmon,1,Process Create (rule: ProcessCreate),"Process Create:
RuleName: -
UtcTime: 2024-11-13 02:00:04.626
ProcessGuid: {71bacef4-0824-6734-9227-000000001400}
ProcessId: 24300
Image: C:\Windows\System32\consent.exe
FileVersion: 10.0.22621.4391 (WinBuild.160101.0800)
Description: Consent UI for administrative applications
Product: Microsoft® Windows® Operating System
Company: Microsoft Corporation
OriginalFileName: consent.exe
CommandLine: consent.exe 4100 288 000002092542C540
CurrentDirectory: C:\Windows\system32\
User: NT AUTHORITY\SYSTEM
LogonGuid: {71bacef4-7319-6725-e703-000000000000}
LogonId: 0x3E7
TerminalSessionId: 4
IntegrityLevel: System
Hashes: SHA256=B21FB0C6F113DB4298550F39B951C097F63188BCEA86E8414F04F9CA644B26D8
ParentProcessGuid: {71bacef4-731a-6725-4800-000000001400}
ParentProcessId: 4100
ParentImage: C:\Windows\System32\svchost.exe
ParentCommandLine: C:\Windows\system32\svchost.exe -k netsvcs -p -s Appinfo
ParentUser: NT AUTHORITY\SYSTEM"
Information,11/12/2024 18:00,Microsoft-Windows-Sysmon,5,Process terminated (rule: ProcessTerminate),"Process terminated:
RuleName: -
UtcTime: 2024-11-13 02:00:01.567
ProcessGuid: {71bacef4-0821-6734-9127-000000001400}
ProcessId: 18084
Image: C:\Windows\System32\wsqmcons.exe
User: NT AUTHORITY\SYSTEM"
Information,11/12/2024 18:00,Microsoft-Windows-Sysmon,1,Process Create (rule: ProcessCreate),"Process Create:
RuleName: -
UtcTime: 2024-11-13 02:00:01.524
ProcessGuid: {71bacef4-0821-6734-9127-000000001400}
ProcessId: 18084
Image: C:\Windows\System32\wsqmcons.exe
FileVersion: 10.0.22621.1 (WinBuild.160101.0800)
Description: Windows SQM Consolidator
Product: Microsoft® Windows® Operating System
Company: Microsoft Corporation
OriginalFileName: wsqmcons.exe
CommandLine: ""C:\Windows\System32\wsqmcons.exe""
CurrentDirectory: C:\Windows\system32\
User: NT AUTHORITY\SYSTEM
LogonGuid: {71bacef4-7319-6725-e703-000000000000}
LogonId: 0x3E7
TerminalSessionId: 0
IntegrityLevel: System
Hashes: SHA256=A4991AE96F5AD6F9B45DB8E1EB9AAEFE3C247A75326024A8E24BAE70E02103E8
ParentProcessGuid: {71bacef4-7319-6725-3100-000000001400}
ParentProcessId: 2924
ParentImage: C:\Windows\System32\svchost.exe
ParentCommandLine: C:\Windows\system32\svchost.exe -k netsvcs -p -s Schedule
ParentUser: NT AUTHORITY\SYSTEM"
Information,11/12/2024 18:00,Microsoft-Windows-Sysmon,5,Process terminated (rule: ProcessTerminate),"Process terminated:
RuleName: -
UtcTime: 2024-11-13 02:00:01.362
ProcessGuid: {71bacef4-0821-6734-9027-000000001400}
ProcessId: 23796
Image: C:\Windows\System32\taskhostw.exe
User: NT AUTHORITY\SYSTEM"
Information,11/12/2024 18:00,Microsoft-Windows-Sysmon,1,Process Create (rule: ProcessCreate),"Process Create:
RuleName: -
UtcTime: 2024-11-13 02:00:01.319
ProcessGuid: {71bacef4-0821-6734-9027-000000001400}
ProcessId: 23796
Image: C:\Windows\System32\taskhostw.exe
FileVersion: 10.0.22621.3810 (WinBuild.160101.0800)
Description: Host Process for Windows Tasks
Product: Microsoft® Windows® Operating System
Company: Microsoft Corporation
OriginalFileName: taskhostw.exe
CommandLine: taskhostw.exe SBServicing
CurrentDirectory: C:\Windows\system32\
User: NT AUTHORITY\SYSTEM
LogonGuid: {71bacef4-7319-6725-e703-000000000000}
LogonId: 0x3E7
TerminalSessionId: 0
IntegrityLevel: System
Hashes: SHA256=E582155FC70FB48482DBDB86B3D70ACB2A8DDB24C0044BACE8D367C40AE8D575
ParentProcessGuid: {71bacef4-7319-6725-3100-000000001400}
ParentProcessId: 2924
ParentImage: C:\Windows\System32\svchost.exe
ParentCommandLine: C:\Windows\system32\svchost.exe -k netsvcs -p -s Schedule
ParentUser: NT AUTHORITY\SYSTEM"
Information,11/12/2024 17:59,Microsoft-Windows-Sysmon,5,Process terminated (rule: ProcessTerminate),"Process terminated:
RuleName: -
UtcTime: 2024-11-13 01:59:56.888
ProcessGuid: {71bacef4-07df-6734-7d27-000000001400}
ProcessId: 26548
Image: C:\Windows\System32\conhost.exe
User: LAPTOP\sriva"
Information,11/12/2024 17:59,Microsoft-Windows-Sysmon,5,Process terminated (rule: ProcessTerminate),"Process terminated:
RuleName: -
UtcTime: 2024-11-13 01:59:56.815
ProcessGuid: {71bacef4-07df-6734-7c27-000000001400}
ProcessId: 22208
Image: C:\Windows\System32\cmd.exe
User: LAPTOP\sriva"
Information,11/12/2024 17:59,Microsoft-Windows-Sysmon,5,Process terminated (rule: ProcessTerminate),"Process terminated:
RuleName: -
UtcTime: 2024-11-13 01:59:40.072
ProcessGuid: {71bacef4-07cf-6734-6f27-000000001400}
ProcessId: 14524
Image: C:\Program Files\McAfee\WPS\1.23.177.1\mc-update.exe
User: NT AUTHORITY\SYSTEM"
Information,11/12/2024 17:59,Microsoft-Windows-Sysmon,5,Process terminated (rule: ProcessTerminate),"Process terminated:
RuleName: -
UtcTime: 2024-11-13 01:59:36.316
ProcessGuid: {71bacef4-07e4-6734-8127-000000001400}
ProcessId: 22608
Image: C:\Windows\System32\conhost.exe
User: NT AUTHORITY\SYSTEM"
Information,11/12/2024 17:59,Microsoft-Windows-Sysmon,5,Process terminated (rule: ProcessTerminate),"Process terminated:
RuleName: -
UtcTime: 2024-11-13 01:59:36.313
ProcessGuid: {71bacef4-07e4-6734-8027-000000001400}
ProcessId: 15852
Image: C:\Windows\System32\DriverStore\FileRepository\asussci2.inf_amd64_a61e5ab0aed04d3c\ASUSSystemAnalysis\AsusSystemAnalysis.exe
User: NT AUTHORITY\SYSTEM"
Information,11/12/2024 17:59,Microsoft-Windows-Sysmon,5,Process terminated (rule: ProcessTerminate),"Process terminated:
RuleName: -
UtcTime: 2024-11-13 01:59:35.975
ProcessGuid: {71bacef4-0807-6734-8e27-000000001400}
ProcessId: 10056
Image: C:\Windows\System32\cmd.exe
User: NT AUTHORITY\SYSTEM"
Information,11/12/2024 17:59,Microsoft-Windows-Sysmon,5,Process terminated (rule: ProcessTerminate),"Process terminated:
RuleName: -
UtcTime: 2024-11-13 01:59:35.975
ProcessGuid: {71bacef4-0807-6734-8f27-000000001400}
ProcessId: 25132
Image: C:\Windows\System32\netsh.exe
User: NT AUTHORITY\SYSTEM"
Information,11/12/2024 17:59,Microsoft-Windows-Sysmon,1,Process Create (rule: ProcessCreate),"Process Create:
RuleName: -
UtcTime: 2024-11-13 01:59:35.786
ProcessGuid: {71bacef4-0807-6734-8f27-000000001400}
ProcessId: 25132
Image: C:\Windows\System32\netsh.exe
FileVersion: 10.0.22621.1 (WinBuild.160101.0800)
Description: Network Command Shell
Product: Microsoft® Windows® Operating System
Company: Microsoft Corporation
OriginalFileName: netsh.exe
CommandLine: netsh  mbn show interface
CurrentDirectory: C:\Windows\System32\
User: NT AUTHORITY\SYSTEM
LogonGuid: {71bacef4-7319-6725-e703-000000000000}
LogonId: 0x3E7
TerminalSessionId: 0
IntegrityLevel: System
Hashes: SHA256=3E91414A1A005937925E449627D4634E73B1DA9DC12D1008B1BAA54C77637C44
ParentProcessGuid: {71bacef4-0807-6734-8e27-000000001400}
ParentProcessId: 10056
ParentImage: C:\Windows\System32\cmd.exe
ParentCommandLine: C:\Windows\system32\cmd.exe /c netsh mbn show interface
ParentUser: NT AUTHORITY\SYSTEM"
Information,11/12/2024 17:59,Microsoft-Windows-Sysmon,1,Process Create (rule: ProcessCreate),"Process Create:
RuleName: -
UtcTime: 2024-11-13 01:59:35.750
ProcessGuid: {71bacef4-0807-6734-8e27-000000001400}
ProcessId: 10056
Image: C:\Windows\System32\cmd.exe
FileVersion: 10.0.22621.4391 (WinBuild.160101.0800)
Description: Windows Command Processor
Product: Microsoft® Windows® Operating System
Company: Microsoft Corporation
OriginalFileName: Cmd.Exe
CommandLine: C:\Windows\system32\cmd.exe /c netsh mbn show interface
CurrentDirectory: C:\Windows\system32\
User: NT AUTHORITY\SYSTEM
LogonGuid: {71bacef4-7319-6725-e703-000000000000}
LogonId: 0x3E7
TerminalSessionId: 0
IntegrityLevel: System
Hashes: SHA256=1B16E4FD6DAE8F1643DA8C7C89FB03613406B87DCF48B8ABDB1F9378C1ADD9AF
ParentProcessGuid: {71bacef4-07e4-6734-8027-000000001400}
ParentProcessId: 15852
ParentImage: C:\Windows\System32\DriverStore\FileRepository\asussci2.inf_amd64_a61e5ab0aed04d3c\ASUSSystemAnalysis\AsusSystemAnalysis.exe
ParentCommandLine: ""C:\Windows\System32\DriverStore\FileRepository\asussci2.inf_amd64_a61e5ab0aed04d3c\ASUSSystemAnalysis\AsusSystemAnalysis.exe"" -j0
ParentUser: NT AUTHORITY\SYSTEM"
Information,11/12/2024 17:59,Microsoft-Windows-Sysmon,5,Process terminated (rule: ProcessTerminate),"Process terminated:
RuleName: -
UtcTime: 2024-11-13 01:59:34.701
ProcessGuid: {71bacef4-07d9-6734-7427-000000001400}
ProcessId: 10528
Image: C:\Program Files (x86)\Microsoft\EdgeUpdate\MicrosoftEdgeUpdate.exe
User: NT AUTHORITY\SYSTEM"
Information,11/12/2024 17:59,Microsoft-Windows-Sysmon,5,Process terminated (rule: ProcessTerminate),"Process terminated:
RuleName: -
UtcTime: 2024-11-13 01:59:34.669
ProcessGuid: {71bacef4-0806-6734-8d27-000000001400}
ProcessId: 25892
Image: C:\Program Files (x86)\Microsoft\EdgeUpdate\MicrosoftEdgeUpdate.exe
User: NT AUTHORITY\SYSTEM"
Information,11/12/2024 17:59,Microsoft-Windows-Sysmon,5,Process terminated (rule: ProcessTerminate),"Process terminated:
RuleName: -
UtcTime: 2024-11-13 01:59:34.391
ProcessGuid: {71bacef4-07cf-6734-6127-000000001400}
ProcessId: 26372
Image: C:\Program Files (x86)\Microsoft\EdgeUpdate\MicrosoftEdgeUpdate.exe
User: NT AUTHORITY\SYSTEM"
Information,11/12/2024 17:59,Microsoft-Windows-Sysmon,1,Process Create (rule: ProcessCreate),"Process Create:
RuleName: -
UtcTime: 2024-11-13 01:59:34.185
ProcessGuid: {71bacef4-0806-6734-8d27-000000001400}
ProcessId: 25892
Image: C:\Program Files (x86)\Microsoft\EdgeUpdate\MicrosoftEdgeUpdate.exe
FileVersion: 1.3.155.85
Description: Microsoft Edge Update
Product: Microsoft Edge Update
Company: Microsoft Corporation
OriginalFileName: msedgeupdate.dll
CommandLine: ""C:\Program Files (x86)\Microsoft\EdgeUpdate\MicrosoftEdgeUpdate.exe"" /ping PD94bWwgdmVyc2lvbj0iMS4wIiBlbmNvZGluZz0iVVRGLTgiPz48cmVxdWVzdCBwcm90b2NvbD0iMy4wIiB1cGRhdGVyPSJPbWFoYSIgdXBkYXRlcnZlcnNpb249IjEuMy4xOTUuMzUiIHNoZWxsX3ZlcnNpb249IjEuMy4xNTUuODUiIGlzbWFjaGluZT0iMSIgc2Vzc2lvbmlkPSJ7OENBNzMzMTQtMEIzMy00MDBBLThCNzItRjYyRjM2RUNFQTkyfSIgdXNlcmlkPSJ7ODA1MTZGQUQtQTc5Mi00Q0E1LTk1QUQtQTVGREU1NEZGRjczfSIgaW5zdGFsbHNvdXJjZT0ic2NoZWR1bGVyIiByZXF1ZXN0aWQ9Ins3OTY0OUY5Ri1FQUZFLTRFMDgtQUM4Ny1DRjhERjdEQkUwMER9IiBkZWR1cD0iY3IiIGRvbWFpbmpvaW5lZD0iMCI-PGh3IGxvZ2ljYWxfY3B1cz0iMTIiIHBoeXNtZW1vcnk9IjgiIGRpc2tfdHlwZT0iMiIgc3NlPSIxIiBzc2UyPSIxIiBzc2UzPSIxIiBzc3NlMz0iMSIgc3NlNDE9IjEiIHNzZTQyPSIxIiBhdng9IjEiLz48b3MgcGxhdGZvcm09IndpbiIgdmVyc2lvbj0iMTAuMC4yMjYzMS40MzkxIiBzcD0iIiBhcmNoPSJ4NjQiIHByb2R1Y3RfdHlwZT0iMTAxIiBpc193aXA9IjAiIGlzX2luX2xvY2tkb3duX21vZGU9IjAiLz48b2VtIHByb2R1Y3RfbWFudWZhY3R1cmVyPSJBU1VTVGVLIENPTVBVVEVSIElOQy4iIHByb2R1Y3RfbmFtZT0iVml2b2Jvb2tfQVNVU0xhcHRvcCBUUDM2MDRWQV9UUDM2MDRWQSIvPjxleHAgZXRhZz0iJnF1b3Q7bGhWaTEyUWNrNlNsMHVVMU9CNlkxNTI5YlI2YnNleTQrY3U3ZEh4czZjaz0mcXVvdDsiLz48YXBwIGFwcGlkPSJ7RjNDNEZFMDAtRUZENS00MDNCLTk1NjktMzk4QTIwRjFCQTRBfSIgdmVyc2lvbj0iMS4zLjE5NS4zNSIgbmV4dHZlcnNpb249IiIgbGFuZz0iIiBicmFuZD0iSU5CWCIgY2xpZW50PSIiIGV4cGVyaW1lbnRzPSJJc09uSW50ZXJ2YWxDb21tYW5kc0FsbG93ZWQ9JTVCJTIyLXRhcmdldF9kZXYlMjAtbWluX2Jyb3dzZXJfdmVyc2lvbl9jYW5hcnlfZGV2JTIwMTMxLjAuMjg3MS4wJTIyJTVEIiBpbnN0YWxsYWdlPSIyMjciIGNvaG9ydD0icnJmQDAuNTUiPjx1cGRhdGVjaGVjay8-PHBpbmcgcj0iMSIgcmQ9IjY1MjUiIHBpbmdfZnJlc2huZXNzPSJ7NDA5NkM3MDktMTZBRS00MjY4LTlEMTItQzhGNTBGRkZFRDMyfSIvPjwvYXBwPjxhcHAgYXBwaWQ9Ins1NkVCMThGOC1CMDA4LTRDQkQtQjZEMi04Qzk3RkU3RTkwNjJ9IiB2ZXJzaW9uPSIxMzAuMC4yODQ5LjgwIiBuZXh0dmVyc2lvbj0iIiBsYW5nPSIiIGJyYW5kPSJJTkJYIiBjbGllbnQ9IiIgaW5zdGFsbGFnZT0iNTMyIiBjb2hvcnQ9InJyZkAwLjgxIiBvb2JlX2luc3RhbGxfdGltZT0iMTMzNzE3MTc1Nzk5MzI4MDMwIiB1cGRhdGVfY291bnQ9IjgiIGlzX3Bpbm5lZF9zeXN0ZW09InRydWUiIGxhc3RfbGF1bmNoX2NvdW50PSIxIiBsYXN0X2xhdW5jaF90aW1lPSIxMzM3NTg3MTg4NTAyNzg2MzAiIGZpcnN0X2ZyZV9zZWVuX3RpbWU9IjEzMzcxNzIzMDgwMzgyMzQ0MCIgZmlyc3RfZnJlX3NlZW5fdmVyc2lvbj0iMTI5LjAuMjc5Mi41MiI-PHVwZGF0ZWNoZWNrLz48cGluZyBhY3RpdmU9IjEiIGE9IjEiIHI9IjEiIGFkPSI2NTI1IiByZD0iNjUyNSIgcGluZ19mcmVzaG5lc3M9InsyODREQTE1OS1BQTUyLTRDNTMtOUZCRi0zRTdEMzBCRjY4NTd9Ii8-PC9hcHA-PGFwcCBhcHBpZD0ie0YzMDE3MjI2LUZFMkEtNDI5NS04QkRGLTAwQzNBOUE3RTRDNX0iIHZlcnNpb249IjEzMC4wLjI4NDkuNTYiIG5leHR2ZXJzaW9uPSIxMzAuMC4yODQ5LjgwIiBsYW5nPSIiIGJyYW5kPSJJTkJYIiBjbGllbnQ9IiIgaW5zdGFsbGFnZT0iNTMyIiBjb2hvcnQ9InJyZkAwLjcxIiB1cGRhdGVfY291bnQ9IjYiIGxhc3RfbGF1bmNoX2NvdW50PSIxIiBsYXN0X2xhdW5jaF90aW1lPSIxMzM3NTg3MTc0ODk2NzI2NzAiPjx1cGRhdGVjaGVjay8-PGV2ZW50IGV2ZW50dHlwZT0iMTIiIGV2ZW50cmVzdWx0PSIxIiBlcnJvcmNvZGU9IjAiIGV4dHJhY29kZTE9IjAiIHN5c3RlbV91cHRpbWVfdGlja3M9Ijg2OTE5NDY2MzA5NyIgZG9uZV9iZWZvcmVfb29iZV9jb21wbGV0ZT0iMCIvPjxldmVudCBldmVudHR5cGU9IjEzIiBldmVudHJlc3VsdD0iMSIgZXJyb3Jjb2RlPSIwIiBleHRyYWNvZGUxPSIwIiBzeXN0ZW1fdXB0aW1lX3RpY2tzPSI4NjkxOTQ5NzU3MjYiIGRvbmVfYmVmb3JlX29vYmVfY29tcGxldGU9IjAiLz48ZXZlbnQgZXZlbnR0eXBlPSIxNCIgZXZlbnRyZXN1bHQ9IjEiIGVycm9yY29kZT0iMCIgZXh0cmFjb2RlMT0iMCIgc3lzdGVtX3VwdGltZV90aWNrcz0iODY5NDE4OTE2NjE5IiBzb3VyY2VfdXJsX2luZGV4PSIwIiBkb25lX2JlZm9yZV9vb2JlX2NvbXBsZXRlPSIwIiBkb3dubG9hZGVyPSJkbyIgdXJsPSJodHRwOi8vbXNlZGdlLmIudGx1LmRsLmRlbGl2ZXJ5Lm1wLm1pY3Jvc29mdC5jb20vZmlsZXN0cmVhbWluZ3NlcnZpY2UvZmlsZXMvMjEyYzgyNTYtN2IxYS00YmNhLTk5MDAtYmQxZWMyYmM5YzY2P1AxPTE3MzIwNjc5MzEmYW1wO1AyPTQwNCZhbXA7UDM9MiZhbXA7UDQ9ZiUyZk1uY1hYRmRTMERScTV2clVXOVlrRGVucGpKb3JvWGsyQ1Z3MnMwcEdEQTdFR29wJTJmY3YlMmZzUERsWXhXVjNJN0tNMTdZeDFuT1R3JTJiME5qJTJmTEVLaDd3JTNkJTNkIiBzZXJ2ZXJfaXBfaGludD0iIiBjZG5fY2lkPSItMSIgY2RuX2NjYz0iIiBjZG5fbXNlZGdlX3JlZj0iIiBjZG5fYXp1cmVfcmVmX29yaWdpbl9zaGllbGQ9IiIgY2RuX2NhY2hlPSIiIGNkbl9wM3A9IiIgZG93bmxvYWRlZD0iMTQ5ODEyMTYiIHRvdGFsPSIxNDk4MTIxNiIgZG93bmxvYWRfdGltZV9tcz0iMjE5MDgiLz48ZXZlbnQgZXZlbnR0eXBlPSIxNCIgZXZlbnRyZXN1bHQ9IjEiIGVycm9yY29kZT0iMCIgZXh0cmFjb2RlMT0iMCIgc3lzdGVtX3VwdGltZV90aWNrcz0iODY5NDE5MDc0NDg3IiBzb3VyY2VfdXJsX2luZGV4PSIwIiBkb25lX2JlZm9yZV9vb2JlX2NvbXBsZXRlPSIwIi8-PGV2ZW50IGV2ZW50dHlwZT0iMTUiIGV2ZW50cmVzdWx0PSIxIiBlcnJvcmNvZGU9IjAiIGV4dHJhY29kZTE9IjAiIHN5c3RlbV91cHRpbWVfdGlja3M9Ijg2OTQyNjYwODk0MCIgZG9uZV9iZWZvcmVfb29iZV9jb21wbGV0ZT0iMCIvPjxldmVudCBldmVudHR5cGU9IjMiIGV2ZW50cmVzdWx0PSIxIiBlcnJvcmNvZGU9IjAiIGV4dHJhY29kZTE9IjE5Njc1NyIgc3lzdGVtX3VwdGltZV90aWNrcz0iODY5NjMyNDcyMTMwIiBzb3VyY2VfdXJsX2luZGV4PSIwIiBkb25lX2JlZm9yZV9vb2JlX2NvbXBsZXRlPSIwIiB1cGRhdGVfY2hlY2tfdGltZV9tcz0iMTAwMyIgZG93bmxvYWRfdGltZV9tcz0iMjIzNjIiIGRvd25sb2FkZWQ9IjE0OTgxMjE2IiB0b3RhbD0iMTQ5ODEyMTYiIHBhY2thZ2VfY2FjaGVfcmVzdWx0PSIwIiBpbnN0YWxsX3RpbWVfbXM9IjIwNTY5Ii8-PHBpbmcgYWN0aXZlPSIwIiByPSIxIiByZD0iNjUyNSIgcGluZ19mcmVzaG5lc3M9Ins5OTBGRkIwOS1GRDJFLTRFNDMtQTFGRC0xNEI2OUMxNEZFOTd9Ii8-PC9hcHA-PC9yZXF1ZXN0Pg
CurrentDirectory: C:\Program Files (x86)\Microsoft\EdgeUpdate\1.3.195.35\
User: NT AUTHORITY\SYSTEM
LogonGuid: {71bacef4-7319-6725-e703-000000000000}
LogonId: 0x3E7
TerminalSessionId: 0
IntegrityLevel: System
Hashes: SHA256=54545F352215A9C0F370A01980AADCD5749A93589931662D89A974D7BD60F476
ParentProcessGuid: {71bacef4-07d9-6734-7427-000000001400}
ParentProcessId: 10528
ParentImage: C:\Program Files (x86)\Microsoft\EdgeUpdate\MicrosoftEdgeUpdate.exe
ParentCommandLine: ""C:\Program Files (x86)\Microsoft\EdgeUpdate\MicrosoftEdgeUpdate.exe"" /svc
ParentUser: NT AUTHORITY\SYSTEM"
Information,11/12/2024 17:59,Microsoft-Windows-Sysmon,5,Process terminated (rule: ProcessTerminate),"Process terminated:
RuleName: -
UtcTime: 2024-11-13 01:59:34.118
ProcessGuid: {71bacef4-07f2-6734-8227-000000001400}
ProcessId: 21688
Image: C:\Program Files (x86)\Microsoft\EdgeUpdate\Install\{340B0F03-57F0-43B0-86EA-EBFF2A8EC9EC}\MicrosoftEdge_X64_130.0.2849.80_130.0.2849.56.exe
User: NT AUTHORITY\SYSTEM"
Information,11/12/2024 17:59,Microsoft-Windows-Sysmon,5,Process terminated (rule: ProcessTerminate),"Process terminated:
RuleName: -
UtcTime: 2024-11-13 01:59:30.145
ProcessGuid: {71bacef4-07d7-6734-7327-000000001400}
ProcessId: 24972
Image: C:\Windows\System32\sppsvc.exe
User: NT AUTHORITY\NETWORK SERVICE"
Information,11/12/2024 17:59,Microsoft-Windows-Sysmon,5,Process terminated (rule: ProcessTerminate),"Process terminated:
RuleName: -
UtcTime: 2024-11-13 01:59:28.826
ProcessGuid: {71bacef4-07f9-6734-8a27-000000001400}
ProcessId: 12228
Image: C:\Windows\System32\dllhost.exe
User: LAPTOP\sriva"
Information,11/12/2024 17:59,Microsoft-Windows-Sysmon,5,Process terminated (rule: ProcessTerminate),"Process terminated:
RuleName: -
UtcTime: 2024-11-13 01:59:27.020
ProcessGuid: {71bacef4-07f9-6734-8b27-000000001400}
ProcessId: 15444
Image: C:\Windows\System32\dllhost.exe
User: LAPTOP\sriva"
Information,11/12/2024 17:59,Microsoft-Windows-Sysmon,5,Process terminated (rule: ProcessTerminate),"Process terminated:
RuleName: -
UtcTime: 2024-11-13 01:59:26.675
ProcessGuid: {71bacef4-07f9-6734-8927-000000001400}
ProcessId: 24596
Image: C:\Windows\System32\dllhost.exe
User: LAPTOP\sriva"
Information,11/12/2024 17:59,Microsoft-Windows-Sysmon,1,Process Create (rule: ProcessCreate),"Process Create:
RuleName: -
UtcTime: 2024-11-13 01:59:25.387
ProcessGuid: {71bacef4-07fd-6734-8c27-000000001400}
ProcessId: 10532
Image: C:\Windows\System32\wbem\WmiApSrv.exe
FileVersion: 10.0.22621.3672 (WinBuild.160101.0800)
Description: WMI Performance Reverse Adapter
Product: Microsoft® Windows® Operating System
Company: Microsoft Corporation
OriginalFileName: WmiApSrv.exe
CommandLine: C:\Windows\system32\wbem\WmiApSrv.exe
CurrentDirectory: C:\Windows\system32\
User: NT AUTHORITY\SYSTEM
LogonGuid: {71bacef4-7319-6725-e703-000000000000}
LogonId: 0x3E7
TerminalSessionId: 0
IntegrityLevel: System
Hashes: SHA256=17C8418552B9AC26F95F079087A6CF253D83119F370B5FFE37AE4E53BA99B074
ParentProcessGuid: {71bacef4-7319-6725-0c00-000000001400}
ParentProcessId: 1340
ParentImage: C:\Windows\System32\services.exe
ParentCommandLine: C:\Windows\system32\services.exe
ParentUser: NT AUTHORITY\SYSTEM"
Information,11/12/2024 17:59,Microsoft-Windows-Sysmon,5,Process terminated (rule: ProcessTerminate),"Process terminated:
RuleName: -
UtcTime: 2024-11-13 01:59:25.014
ProcessGuid: {71bacef4-65e0-6733-f426-000000001400}
ProcessId: 18584
Image: C:\Windows\System32\wbem\WmiApSrv.exe
User: NT AUTHORITY\SYSTEM"
Information,11/12/2024 17:59,Microsoft-Windows-Sysmon,5,Process terminated (rule: ProcessTerminate),"Process terminated:
RuleName: -
UtcTime: 2024-11-13 01:59:24.574
ProcessGuid: {71bacef4-07d4-6734-7227-000000001400}
ProcessId: 22904
Image: C:\Windows\System32\RuntimeBroker.exe
User: LAPTOP\sriva"
Information,11/12/2024 17:59,Microsoft-Windows-Sysmon,1,Process Create (rule: ProcessCreate),"Process Create:
RuleName: -
UtcTime: 2024-11-13 01:59:21.862
ProcessGuid: {71bacef4-07f9-6734-8b27-000000001400}
ProcessId: 15444
Image: C:\Windows\System32\dllhost.exe
FileVersion: 10.0.22621.1 (WinBuild.160101.0800)
Description: COM Surrogate
Product: Microsoft® Windows® Operating System
Company: Microsoft Corporation
OriginalFileName: dllhost.exe
CommandLine: ""C:\Windows\system32\DllHost.exe"" /Processid:{5250E46F-BB09-D602-5891-F476DC89B700}
CurrentDirectory: C:\Windows\system32\
User: LAPTOP\sriva
LogonGuid: {71bacef4-c1b8-672f-0882-020600000000}
LogonId: 0x6028208
TerminalSessionId: 4
IntegrityLevel: Medium
Hashes: SHA256=FDFAD08EADD54A431E431FEBE60E87B574CE90E5502ED0BE2F026A1828120FC6
ParentProcessGuid: {71bacef4-7319-6725-0f00-000000001400}
ParentProcessId: 1524
ParentImage: C:\Windows\System32\svchost.exe
ParentCommandLine: C:\Windows\system32\svchost.exe -k DcomLaunch -p
ParentUser: NT AUTHORITY\SYSTEM"
Information,11/12/2024 17:59,Microsoft-Windows-Sysmon,1,Process Create (rule: ProcessCreate),"Process Create:
RuleName: -
UtcTime: 2024-11-13 01:59:21.702
ProcessGuid: {71bacef4-07f9-6734-8a27-000000001400}
ProcessId: 12228
Image: C:\Windows\System32\dllhost.exe
FileVersion: 10.0.22621.1 (WinBuild.160101.0800)
Description: COM Surrogate
Product: Microsoft® Windows® Operating System
Company: Microsoft Corporation
OriginalFileName: dllhost.exe
CommandLine: ""C:\Windows\system32\DllHost.exe"" /Processid:{9F156763-7844-4DC4-B2B1-901F640F5155}
CurrentDirectory: C:\Windows\system32\
User: LAPTOP\sriva
LogonGuid: {71bacef4-c1b8-672f-0882-020600000000}
LogonId: 0x6028208
TerminalSessionId: 4
IntegrityLevel: Medium
Hashes: SHA256=FDFAD08EADD54A431E431FEBE60E87B574CE90E5502ED0BE2F026A1828120FC6
ParentProcessGuid: {71bacef4-7319-6725-0f00-000000001400}
ParentProcessId: 1524
ParentImage: C:\Windows\System32\svchost.exe
ParentCommandLine: C:\Windows\system32\svchost.exe -k DcomLaunch -p
ParentUser: NT AUTHORITY\SYSTEM"
Information,11/12/2024 17:59,Microsoft-Windows-Sysmon,1,Process Create (rule: ProcessCreate),"Process Create:
RuleName: -
UtcTime: 2024-11-13 01:59:21.561
ProcessGuid: {71bacef4-07f9-6734-8927-000000001400}
ProcessId: 24596
Image: C:\Windows\System32\dllhost.exe
FileVersion: 10.0.22621.1 (WinBuild.160101.0800)
Description: COM Surrogate
Product: Microsoft® Windows® Operating System
Company: Microsoft Corporation
OriginalFileName: dllhost.exe
CommandLine: ""C:\Windows\system32\DllHost.exe"" /Processid:{CA6CC9F1-867A-481E-951E-A28C5E4F01EA}
CurrentDirectory: C:\Windows\system32\
User: LAPTOP\sriva
LogonGuid: {71bacef4-c1b8-672f-0882-020600000000}
LogonId: 0x6028208
TerminalSessionId: 4
IntegrityLevel: Medium
Hashes: SHA256=FDFAD08EADD54A431E431FEBE60E87B574CE90E5502ED0BE2F026A1828120FC6
ParentProcessGuid: {71bacef4-7319-6725-0f00-000000001400}
ParentProcessId: 1524
ParentImage: C:\Windows\System32\svchost.exe
ParentCommandLine: C:\Windows\system32\svchost.exe -k DcomLaunch -p
ParentUser: NT AUTHORITY\SYSTEM"
Information,11/12/2024 17:59,Microsoft-Windows-Sysmon,1,Process Create (rule: ProcessCreate),"Process Create:
RuleName: -
UtcTime: 2024-11-13 01:59:20.200
ProcessGuid: {71bacef4-07f8-6734-8827-000000001400}
ProcessId: 10072
Image: C:\Windows\System32\svchost.exe
FileVersion: 10.0.22621.1 (WinBuild.160101.0800)
Description: Host Process for Windows Services
Product: Microsoft® Windows® Operating System
Company: Microsoft Corporation
OriginalFileName: svchost.exe
CommandLine: C:\Windows\system32\svchost.exe -k netsvcs -p -s gpsvc
CurrentDirectory: C:\Windows\system32\
User: NT AUTHORITY\SYSTEM
LogonGuid: {71bacef4-7319-6725-e703-000000000000}
LogonId: 0x3E7
TerminalSessionId: 0
IntegrityLevel: System
Hashes: SHA256=949BFB5B4C7D58D92F3F9C5F8EC7CA4CEAFFD10EC5F0020F0A987C472D61C54B
ParentProcessGuid: {71bacef4-7319-6725-0c00-000000001400}
ParentProcessId: 1340
ParentImage: C:\Windows\System32\services.exe
ParentCommandLine: C:\Windows\system32\services.exe
ParentUser: NT AUTHORITY\SYSTEM"
Information,11/12/2024 17:59,Microsoft-Windows-Sysmon,5,Process terminated (rule: ProcessTerminate),"Process terminated:
RuleName: -
UtcTime: 2024-11-13 01:59:19.207
ProcessGuid: {71bacef4-07f5-6734-8727-000000001400}
ProcessId: 23428
Image: C:\Program Files\WindowsApps\Microsoft.DesktopAppInstaller_1.24.25180.0_x64__8wekyb3d8bbwe\WindowsPackageManagerServer.exe
User: LAPTOP\sriva"
Information,11/12/2024 17:59,Microsoft-Windows-Sysmon,1,Process Create (rule: ProcessCreate),"Process Create:
RuleName: -
UtcTime: 2024-11-13 01:59:17.753
ProcessGuid: {71bacef4-07f5-6734-8727-000000001400}
ProcessId: 23428
Image: C:\Program Files\WindowsApps\Microsoft.DesktopAppInstaller_1.24.25180.0_x64__8wekyb3d8bbwe\WindowsPackageManagerServer.exe
FileVersion: -
Description: -
Product: -
Company: -
OriginalFileName: -
CommandLine: ""C:\Program Files\WindowsApps\Microsoft.DesktopAppInstaller_1.24.25180.0_x64__8wekyb3d8bbwe\WindowsPackageManagerServer.exe"" -Embedding
CurrentDirectory: C:\Windows\system32\
User: LAPTOP\sriva
LogonGuid: {71bacef4-c1b8-672f-0882-020600000000}
LogonId: 0x6028208
TerminalSessionId: 4
IntegrityLevel: Medium
Hashes: SHA256=0167B5EDFAB8D89FE9195E3FA5F78AF61BFB3BCE798F42300282C24A9EB76128
ParentProcessGuid: {71bacef4-7319-6725-0f00-000000001400}
ParentProcessId: 1524
ParentImage: C:\Windows\System32\svchost.exe
ParentCommandLine: C:\Windows\system32\svchost.exe -k DcomLaunch -p
ParentUser: NT AUTHORITY\SYSTEM"
Information,11/12/2024 17:59,Microsoft-Windows-Sysmon,1,Process Create (rule: ProcessCreate),"Process Create:
RuleName: -
UtcTime: 2024-11-13 01:59:17.283
ProcessGuid: {71bacef4-07f5-6734-8627-000000001400}
ProcessId: 26260
Image: C:\Program Files (x86)\Microsoft\EdgeWebView\Application\130.0.2849.80\Installer\setup.exe
FileVersion: 130.0.2849.80
Description: Microsoft Edge Installer
Product: Microsoft Edge Installer
Company: Microsoft Corporation
OriginalFileName: setup.exe
CommandLine: ""C:\Program Files (x86)\Microsoft\EdgeWebView\Application\130.0.2849.80\Installer\setup.exe"" --type=crashpad-handler /prefetch:4 --monitor-self-annotation=ptype=crashpad-handler --database=C:\Windows\SystemTemp\MsEdgeCrashpad --annotation=IsOfficialBuild=1 --annotation=channel= --annotation=chromium-version=130.0.6723.117 ""--annotation=exe=C:\Program Files (x86)\Microsoft\EdgeWebView\Application\130.0.2849.80\Installer\setup.exe"" --annotation=plat=Win64 --annotation=prod=Edge --annotation=ver=130.0.2849.80 --initial-client-data=0x26c,0x270,0x274,0x1fc,0x278,0x7ff7e540d730,0x7ff7e540d73c,0x7ff7e540d748
CurrentDirectory: C:\Program Files (x86)\Microsoft\EdgeWebView\Application\130.0.2849.80\Installer\
User: NT AUTHORITY\SYSTEM
LogonGuid: {71bacef4-7319-6725-e703-000000000000}
LogonId: 0x3E7
TerminalSessionId: 0
IntegrityLevel: System
Hashes: SHA256=64050839B4A6F27D896E1194E902A2F7A3C1CAB0EF864B558AB77F1BE25145D6
ParentProcessGuid: {71bacef4-07f5-6734-8527-000000001400}
ParentProcessId: 10676
ParentImage: C:\Program Files (x86)\Microsoft\EdgeWebView\Application\130.0.2849.80\Installer\setup.exe
ParentCommandLine: ""C:\Program Files (x86)\Microsoft\EdgeWebView\Application\130.0.2849.80\Installer\setup.exe"" --msedgewebview --delete-old-versions --system-level --verbose-logging
ParentUser: NT AUTHORITY\SYSTEM"
Information,11/12/2024 17:59,Microsoft-Windows-Sysmon,5,Process terminated (rule: ProcessTerminate),"Process terminated:
RuleName: -
UtcTime: 2024-11-13 01:59:17.280
ProcessGuid: {71bacef4-07f2-6734-8427-000000001400}
ProcessId: 26664
Image: C:\Program Files (x86)\Microsoft\EdgeUpdate\Install\{340B0F03-57F0-43B0-86EA-EBFF2A8EC9EC}\EDGEMITMP_044D3.tmp\setup.exe
User: NT AUTHORITY\SYSTEM"
Information,11/12/2024 17:59,Microsoft-Windows-Sysmon,5,Process terminated (rule: ProcessTerminate),"Process terminated:
RuleName: -
UtcTime: 2024-11-13 01:59:17.264
ProcessGuid: {71bacef4-07f2-6734-8327-000000001400}
ProcessId: 4600
Image: C:\Program Files (x86)\Microsoft\EdgeUpdate\Install\{340B0F03-57F0-43B0-86EA-EBFF2A8EC9EC}\EDGEMITMP_044D3.tmp\setup.exe
User: NT AUTHORITY\SYSTEM"
Information,11/12/2024 17:59,Microsoft-Windows-Sysmon,1,Process Create (rule: ProcessCreate),"Process Create:
RuleName: -
UtcTime: 2024-11-13 01:59:17.198
ProcessGuid: {71bacef4-07f5-6734-8527-000000001400}
ProcessId: 10676
Image: C:\Program Files (x86)\Microsoft\EdgeWebView\Application\130.0.2849.80\Installer\setup.exe
FileVersion: 130.0.2849.80
Description: Microsoft Edge Installer
Product: Microsoft Edge Installer
Company: Microsoft Corporation
OriginalFileName: setup.exe
CommandLine: ""C:\Program Files (x86)\Microsoft\EdgeWebView\Application\130.0.2849.80\Installer\setup.exe"" --msedgewebview --delete-old-versions --system-level --verbose-logging
CurrentDirectory: C:\Program Files (x86)\Microsoft\EdgeWebView\Application\130.0.2849.80\Installer\
User: NT AUTHORITY\SYSTEM
LogonGuid: {71bacef4-7319-6725-e703-000000000000}
LogonId: 0x3E7
TerminalSessionId: 0
IntegrityLevel: System
Hashes: SHA256=64050839B4A6F27D896E1194E902A2F7A3C1CAB0EF864B558AB77F1BE25145D6
ParentProcessGuid: {71bacef4-07f2-6734-8327-000000001400}
ParentProcessId: 4600
ParentImage: C:\Program Files (x86)\Microsoft\EdgeUpdate\Install\{340B0F03-57F0-43B0-86EA-EBFF2A8EC9EC}\EDGEMITMP_044D3.tmp\setup.exe
ParentCommandLine: ""C:\Program Files (x86)\Microsoft\EdgeUpdate\Install\{340B0F03-57F0-43B0-86EA-EBFF2A8EC9EC}\EDGEMITMP_044D3.tmp\setup.exe"" --install-archive=""C:\Program Files (x86)\Microsoft\EdgeUpdate\Install\{340B0F03-57F0-43B0-86EA-EBFF2A8EC9EC}\MicrosoftEdge_X64_130.0.2849.80_130.0.2849.56.exe"" --previous-version=""130.0.2849.56"" --msedgewebview --verbose-logging --do-not-launch-msedge --system-level
ParentUser: NT AUTHORITY\SYSTEM"
Information,11/12/2024 17:59,Microsoft-Windows-Sysmon,5,Process terminated (rule: ProcessTerminate),"Process terminated:
RuleName: -
UtcTime: 2024-11-13 01:59:16.150
ProcessGuid: {71bacef4-06b7-6734-2f27-000000001400}
ProcessId: 27040
Image: C:\Program Files\WindowsApps\Microsoft.YourPhone_1.24101.61.0_x64__8wekyb3d8bbwe\PhoneExperienceHost.exe
User: LAPTOP\sriva"
Information,11/12/2024 17:59,Microsoft-Windows-Sysmon,1,Process Create (rule: ProcessCreate),"Process Create:
RuleName: -
UtcTime: 2024-11-13 01:59:14.458
ProcessGuid: {71bacef4-07f2-6734-8427-000000001400}
ProcessId: 26664
Image: C:\Program Files (x86)\Microsoft\EdgeUpdate\Install\{340B0F03-57F0-43B0-86EA-EBFF2A8EC9EC}\EDGEMITMP_044D3.tmp\setup.exe
FileVersion: 130.0.2849.80
Description: Microsoft Edge Installer
Product: Microsoft Edge Installer
Company: Microsoft Corporation
OriginalFileName: setup.exe
CommandLine: ""C:\Program Files (x86)\Microsoft\EdgeUpdate\Install\{340B0F03-57F0-43B0-86EA-EBFF2A8EC9EC}\EDGEMITMP_044D3.tmp\setup.exe"" --type=crashpad-handler /prefetch:4 --monitor-self-annotation=ptype=crashpad-handler --database=C:\Windows\SystemTemp\MsEdgeCrashpad --annotation=IsOfficialBuild=1 --annotation=channel= --annotation=chromium-version=130.0.6723.117 ""--annotation=exe=C:\Program Files (x86)\Microsoft\EdgeUpdate\Install\{340B0F03-57F0-43B0-86EA-EBFF2A8EC9EC}\EDGEMITMP_044D3.tmp\setup.exe"" --annotation=plat=Win64 --annotation=prod=Edge --annotation=ver=130.0.2849.80 --initial-client-data=0x264,0x268,0x26c,0x260,0x270,0x7ff7d727d730,0x7ff7d727d73c,0x7ff7d727d748
CurrentDirectory: C:\Program Files (x86)\Microsoft\EdgeUpdate\1.3.195.35\
User: NT AUTHORITY\SYSTEM
LogonGuid: {71bacef4-7319-6725-e703-000000000000}
LogonId: 0x3E7
TerminalSessionId: 0
IntegrityLevel: System
Hashes: SHA256=64050839B4A6F27D896E1194E902A2F7A3C1CAB0EF864B558AB77F1BE25145D6
ParentProcessGuid: {71bacef4-07f2-6734-8327-000000001400}
ParentProcessId: 4600
ParentImage: C:\Program Files (x86)\Microsoft\EdgeUpdate\Install\{340B0F03-57F0-43B0-86EA-EBFF2A8EC9EC}\EDGEMITMP_044D3.tmp\setup.exe
ParentCommandLine: ""C:\Program Files (x86)\Microsoft\EdgeUpdate\Install\{340B0F03-57F0-43B0-86EA-EBFF2A8EC9EC}\EDGEMITMP_044D3.tmp\setup.exe"" --install-archive=""C:\Program Files (x86)\Microsoft\EdgeUpdate\Install\{340B0F03-57F0-43B0-86EA-EBFF2A8EC9EC}\MicrosoftEdge_X64_130.0.2849.80_130.0.2849.56.exe"" --previous-version=""130.0.2849.56"" --msedgewebview --verbose-logging --do-not-launch-msedge --system-level
ParentUser: NT AUTHORITY\SYSTEM"
Information,11/12/2024 17:59,Microsoft-Windows-Sysmon,1,Process Create (rule: ProcessCreate),"Process Create:
RuleName: -
UtcTime: 2024-11-13 01:59:14.408
ProcessGuid: {71bacef4-07f2-6734-8327-000000001400}
ProcessId: 4600
Image: C:\Program Files (x86)\Microsoft\EdgeUpdate\Install\{340B0F03-57F0-43B0-86EA-EBFF2A8EC9EC}\EDGEMITMP_044D3.tmp\setup.exe
FileVersion: 130.0.2849.80
Description: Microsoft Edge Installer
Product: Microsoft Edge Installer
Company: Microsoft Corporation
OriginalFileName: setup.exe
CommandLine: ""C:\Program Files (x86)\Microsoft\EdgeUpdate\Install\{340B0F03-57F0-43B0-86EA-EBFF2A8EC9EC}\EDGEMITMP_044D3.tmp\setup.exe"" --install-archive=""C:\Program Files (x86)\Microsoft\EdgeUpdate\Install\{340B0F03-57F0-43B0-86EA-EBFF2A8EC9EC}\MicrosoftEdge_X64_130.0.2849.80_130.0.2849.56.exe"" --previous-version=""130.0.2849.56"" --msedgewebview --verbose-logging --do-not-launch-msedge --system-level
CurrentDirectory: C:\Program Files (x86)\Microsoft\EdgeUpdate\1.3.195.35\
User: NT AUTHORITY\SYSTEM
LogonGuid: {71bacef4-7319-6725-e703-000000000000}
LogonId: 0x3E7
TerminalSessionId: 0
IntegrityLevel: System
Hashes: SHA256=64050839B4A6F27D896E1194E902A2F7A3C1CAB0EF864B558AB77F1BE25145D6
ParentProcessGuid: {71bacef4-07f2-6734-8227-000000001400}
ParentProcessId: 21688
ParentImage: C:\Program Files (x86)\Microsoft\EdgeUpdate\Install\{340B0F03-57F0-43B0-86EA-EBFF2A8EC9EC}\MicrosoftEdge_X64_130.0.2849.80_130.0.2849.56.exe
ParentCommandLine: ""C:\Program Files (x86)\Microsoft\EdgeUpdate\Install\{340B0F03-57F0-43B0-86EA-EBFF2A8EC9EC}\MicrosoftEdge_X64_130.0.2849.80_130.0.2849.56.exe"" --msedgewebview --verbose-logging --do-not-launch-msedge --system-level
ParentUser: NT AUTHORITY\SYSTEM"
Information,11/12/2024 17:59,Microsoft-Windows-Sysmon,1,Process Create (rule: ProcessCreate),"Process Create:
RuleName: -
UtcTime: 2024-11-13 01:59:14.099
ProcessGuid: {71bacef4-07f2-6734-8227-000000001400}
ProcessId: 21688
Image: C:\Program Files (x86)\Microsoft\EdgeUpdate\Install\{340B0F03-57F0-43B0-86EA-EBFF2A8EC9EC}\MicrosoftEdge_X64_130.0.2849.80_130.0.2849.56.exe
FileVersion: 130.0.2849.80
Description: Microsoft Edge Installer
Product: Microsoft Edge Installer
Company: Microsoft Corporation
OriginalFileName: mini_installer.exe
CommandLine: ""C:\Program Files (x86)\Microsoft\EdgeUpdate\Install\{340B0F03-57F0-43B0-86EA-EBFF2A8EC9EC}\MicrosoftEdge_X64_130.0.2849.80_130.0.2849.56.exe"" --msedgewebview --verbose-logging --do-not-launch-msedge --system-level
CurrentDirectory: C:\Program Files (x86)\Microsoft\EdgeUpdate\1.3.195.35\
User: NT AUTHORITY\SYSTEM
LogonGuid: {71bacef4-7319-6725-e703-000000000000}
LogonId: 0x3E7
TerminalSessionId: 0
IntegrityLevel: System
Hashes: SHA256=A1CA5E20185C818054465B564695EAA383AD7BA22170457121A843ED43BD4CF9
ParentProcessGuid: {71bacef4-07d9-6734-7427-000000001400}
ParentProcessId: 10528
ParentImage: C:\Program Files (x86)\Microsoft\EdgeUpdate\MicrosoftEdgeUpdate.exe
ParentCommandLine: ""C:\Program Files (x86)\Microsoft\EdgeUpdate\MicrosoftEdgeUpdate.exe"" /svc
ParentUser: NT AUTHORITY\SYSTEM"
Information,11/12/2024 17:59,Microsoft-Windows-Sysmon,5,Process terminated (rule: ProcessTerminate),"Process terminated:
RuleName: -
UtcTime: 2024-11-13 01:59:01.255
ProcessGuid: {71bacef4-07cf-6734-6227-000000001400}
ProcessId: 23624
Image: C:\Windows\System32\taskhostw.exe
User: NT AUTHORITY\SYSTEM"
Information,11/12/2024 17:59,Microsoft-Windows-Sysmon,5,Process terminated (rule: ProcessTerminate),"Process terminated:
RuleName: -
UtcTime: 2024-11-13 01:59:01.004
ProcessGuid: {71bacef4-07da-6734-7727-000000001400}
ProcessId: 22900
Image: C:\Windows\System32\ctfmon.exe
User: NT AUTHORITY\SYSTEM"
Information,11/12/2024 17:59,Microsoft-Windows-Sysmon,1,Process Create (rule: ProcessCreate),"Process Create:
RuleName: -
UtcTime: 2024-11-13 01:59:00.206
ProcessGuid: {71bacef4-07e4-6734-8127-000000001400}
ProcessId: 22608
Image: C:\Windows\System32\conhost.exe
FileVersion: 10.0.22621.3672 (WinBuild.160101.0800)
Description: Console Window Host
Product: Microsoft® Windows® Operating System
Company: Microsoft Corporation
OriginalFileName: CONHOST.EXE
CommandLine: \??\C:\Windows\system32\conhost.exe 0xffffffff -ForceV1
CurrentDirectory: C:\Windows
User: NT AUTHORITY\SYSTEM
LogonGuid: {71bacef4-7319-6725-e703-000000000000}
LogonId: 0x3E7
TerminalSessionId: 0
IntegrityLevel: System
Hashes: SHA256=F801E65F937827635EB462CAF8CACBD473B9FC5CA428A9216A60C686F45802C1
ParentProcessGuid: {71bacef4-07e4-6734-8027-000000001400}
ParentProcessId: 15852
ParentImage: C:\Windows\System32\DriverStore\FileRepository\asussci2.inf_amd64_a61e5ab0aed04d3c\ASUSSystemAnalysis\AsusSystemAnalysis.exe
ParentCommandLine: ""C:\Windows\System32\DriverStore\FileRepository\asussci2.inf_amd64_a61e5ab0aed04d3c\ASUSSystemAnalysis\AsusSystemAnalysis.exe"" -j0
ParentUser: NT AUTHORITY\SYSTEM"
Information,11/12/2024 17:59,Microsoft-Windows-Sysmon,1,Process Create (rule: ProcessCreate),"Process Create:
RuleName: -
UtcTime: 2024-11-13 01:59:00.162
ProcessGuid: {71bacef4-07e4-6734-8027-000000001400}
ProcessId: 15852
Image: C:\Windows\System32\DriverStore\FileRepository\asussci2.inf_amd64_a61e5ab0aed04d3c\ASUSSystemAnalysis\AsusSystemAnalysis.exe
FileVersion: 2.1.41.0
Description: ASUS System Analysis
Product: ASUS System Analysis
Company: ASUSTeK COMPUTER INC.
OriginalFileName: AsusSystemAnalysis.exe
CommandLine: ""C:\Windows\System32\DriverStore\FileRepository\asussci2.inf_amd64_a61e5ab0aed04d3c\ASUSSystemAnalysis\AsusSystemAnalysis.exe"" -j0
CurrentDirectory: C:\Windows\system32\
User: NT AUTHORITY\SYSTEM
LogonGuid: {71bacef4-7319-6725-e703-000000000000}
LogonId: 0x3E7
TerminalSessionId: 0
IntegrityLevel: System
Hashes: SHA256=0CB924C69BD72CA1F4E87CDC881939E0D9C56A6C534FFFFC60E59204596797E7
ParentProcessGuid: {71bacef4-7319-6725-3100-000000001400}
ParentProcessId: 2924
ParentImage: C:\Windows\System32\svchost.exe
ParentCommandLine: C:\Windows\system32\svchost.exe -k netsvcs -p -s Schedule
ParentUser: NT AUTHORITY\SYSTEM"
Information,11/12/2024 17:58,Microsoft-Windows-Sysmon,5,Process terminated (rule: ProcessTerminate),"Process terminated:
RuleName: -
UtcTime: 2024-11-13 01:58:59.922
ProcessGuid: {71bacef4-07e3-6734-7f27-000000001400}
ProcessId: 7696
Image: C:\Windows\System32\conhost.exe
User: NT AUTHORITY\LOCAL SERVICE"
Information,11/12/2024 17:58,Microsoft-Windows-Sysmon,5,Process terminated (rule: ProcessTerminate),"Process terminated:
RuleName: -
UtcTime: 2024-11-13 01:58:59.906
ProcessGuid: {71bacef4-07e3-6734-7e27-000000001400}
ProcessId: 22296
Image: C:\Windows\System32\appidcertstorecheck.exe
User: NT AUTHORITY\LOCAL SERVICE"
Information,11/12/2024 17:58,Microsoft-Windows-Sysmon,1,Process Create (rule: ProcessCreate),"Process Create:
RuleName: -
UtcTime: 2024-11-13 01:58:59.861
ProcessGuid: {71bacef4-07e3-6734-7f27-000000001400}
ProcessId: 7696
Image: C:\Windows\System32\conhost.exe
FileVersion: 10.0.22621.3672 (WinBuild.160101.0800)
Description: Console Window Host
Product: Microsoft® Windows® Operating System
Company: Microsoft Corporation
OriginalFileName: CONHOST.EXE
CommandLine: \??\C:\Windows\system32\conhost.exe 0xffffffff -ForceV1
CurrentDirectory: C:\Windows
User: NT AUTHORITY\LOCAL SERVICE
LogonGuid: {71bacef4-7319-6725-e503-000000000000}
LogonId: 0x3E5
TerminalSessionId: 0
IntegrityLevel: System
Hashes: SHA256=F801E65F937827635EB462CAF8CACBD473B9FC5CA428A9216A60C686F45802C1
ParentProcessGuid: {71bacef4-07e3-6734-7e27-000000001400}
ParentProcessId: 22296
ParentImage: C:\Windows\System32\appidcertstorecheck.exe
ParentCommandLine: ""C:\Windows\system32\appidcertstorecheck.exe""
ParentUser: NT AUTHORITY\LOCAL SERVICE"
Information,11/12/2024 17:58,Microsoft-Windows-Sysmon,1,Process Create (rule: ProcessCreate),"Process Create:
RuleName: -
UtcTime: 2024-11-13 01:58:59.838
ProcessGuid: {71bacef4-07e3-6734-7e27-000000001400}
ProcessId: 22296
Image: C:\Windows\System32\appidcertstorecheck.exe
FileVersion: 10.0.22621.4391 (WinBuild.160101.0800)
Description: AppID Certificate Store Verification Task
Product: Microsoft® Windows® Operating System
Company: Microsoft Corporation
OriginalFileName: AppIDCertstoreCheck.exe
CommandLine: ""C:\Windows\system32\appidcertstorecheck.exe""
CurrentDirectory: C:\Windows\system32\
User: NT AUTHORITY\LOCAL SERVICE
LogonGuid: {71bacef4-7319-6725-e503-000000000000}
LogonId: 0x3E5
TerminalSessionId: 0
IntegrityLevel: System
Hashes: SHA256=2947563F537DCB6705644CD40AEED58A0B64479438828EF07C6A0AC5CC38DBC3
ParentProcessGuid: {71bacef4-7319-6725-3100-000000001400}
ParentProcessId: 2924
ParentImage: C:\Windows\System32\svchost.exe
ParentCommandLine: C:\Windows\system32\svchost.exe -k netsvcs -p -s Schedule
ParentUser: NT AUTHORITY\SYSTEM"
Information,11/12/2024 17:58,Microsoft-Windows-Sysmon,5,Process terminated (rule: ProcessTerminate),"Process terminated:
RuleName: -
UtcTime: 2024-11-13 01:58:58.009
ProcessGuid: {71bacef4-07da-6734-7627-000000001400}
ProcessId: 17576
Image: C:\Program Files\Common Files\microsoft shared\ink\TabTip.exe
User: NT AUTHORITY\SYSTEM"
Information,11/12/2024 17:58,Microsoft-Windows-Sysmon,1,Process Create (rule: ProcessCreate),"Process Create:
RuleName: -
UtcTime: 2024-11-13 01:58:55.129
ProcessGuid: {71bacef4-07df-6734-7d27-000000001400}
ProcessId: 26548
Image: C:\Windows\System32\conhost.exe
FileVersion: 10.0.22621.3672 (WinBuild.160101.0800)
Description: Console Window Host
Product: Microsoft® Windows® Operating System
Company: Microsoft Corporation
OriginalFileName: CONHOST.EXE
CommandLine: \??\C:\Windows\system32\conhost.exe 0xffffffff -ForceV1
CurrentDirectory: C:\Windows
User: LAPTOP\sriva
LogonGuid: {71bacef4-c1b8-672f-be81-020600000000}
LogonId: 0x60281BE
TerminalSessionId: 4
IntegrityLevel: High
Hashes: SHA256=F801E65F937827635EB462CAF8CACBD473B9FC5CA428A9216A60C686F45802C1
ParentProcessGuid: {71bacef4-07df-6734-7c27-000000001400}
ParentProcessId: 22208
ParentImage: C:\Windows\System32\cmd.exe
ParentCommandLine: ""C:\Windows\system32\cmd.exe"" 
ParentUser: LAPTOP\sriva"
