Information,11/12/2024 0:16,Microsoft-Windows-Sysmon,1,Process Create (rule: ProcessCreate),"Process Create:
RuleName: -
UtcTime: 2024-11-12 08:16:44.247
ProcessGuid: {71bacef4-0eec-6733-8b26-000000001400}
ProcessId: 21628
Image: C:\Program Files (x86)\Microsoft\Edge\Application\msedge.exe
FileVersion: 130.0.2849.68
Description: Microsoft Edge
Product: Microsoft Edge
Company: Microsoft Corporation
OriginalFileName: msedge.exe
CommandLine: ""C:\Program Files (x86)\Microsoft\Edge\Application\msedge.exe"" --type=renderer --string-annotations=is-enterprise-managed=no --pdf-upsell-enabled --video-capture-use-gpu-memory-buffer --lang=en-US --js-flags=--ms-user-locale= --device-scale-factor=1.25 --num-raster-threads=4 --enable-main-frame-before-activation --renderer-client-id=98 --time-ticks-at-unix-epoch=-1730507522046796 --launch-time-ticks=891879327771 --field-trial-handle=9148,i,15025092077628641454,472859390721274277,262144 --variations-seed-version --mojo-platform-channel-handle=4828 /prefetch:1
CurrentDirectory: C:\Program Files (x86)\Microsoft\Edge\Application\130.0.2849.68\
User: LAPTOP\sriva
LogonGuid: {71bacef4-c1b8-672f-0882-020600000000}
LogonId: 0x6028208
TerminalSessionId: 4
IntegrityLevel: AppContainer
Hashes: SHA256=B000DBCD60378DC5E39341995B080A20C3F1AD748BA47F5DC6D29F6C24B834A3
ParentProcessGuid: {71bacef4-9041-6731-0024-000000001400}
ParentProcessId: 21708
ParentImage: C:\Program Files (x86)\Microsoft\Edge\Application\msedge.exe
ParentCommandLine: ""C:\Program Files (x86)\Microsoft\Edge\Application\msedge.exe"" --no-startup-window
ParentUser: LAPTOP\sriva"
Information,11/12/2024 0:16,Microsoft-Windows-Sysmon,5,Process terminated (rule: ProcessTerminate),"Process terminated:
RuleName: -
UtcTime: 2024-11-12 08:16:30.736
ProcessGuid: {71bacef4-0ed4-6733-8a26-000000001400}
ProcessId: 26180
Image: C:\Program Files (x86)\Google\GoogleUpdater\131.0.6776.2\updater.exe
User: NT AUTHORITY\SYSTEM"
Information,11/12/2024 0:16,Microsoft-Windows-Sysmon,5,Process terminated (rule: ProcessTerminate),"Process terminated:
RuleName: -
UtcTime: 2024-11-12 08:16:30.733
ProcessGuid: {71bacef4-0ed4-6733-8826-000000001400}
ProcessId: 17728
Image: C:\Program Files (x86)\Google\GoogleUpdater\131.0.6776.2\updater.exe
User: NT AUTHORITY\SYSTEM"
Information,11/12/2024 0:16,Microsoft-Windows-Sysmon,5,Process terminated (rule: ProcessTerminate),"Process terminated:
RuleName: -
UtcTime: 2024-11-12 08:16:30.729
ProcessGuid: {71bacef4-0ed4-6733-8926-000000001400}
ProcessId: 11528
Image: C:\Program Files (x86)\Google\GoogleUpdater\131.0.6776.2\updater.exe
User: NT AUTHORITY\SYSTEM"
Information,11/12/2024 0:16,Microsoft-Windows-Sysmon,5,Process terminated (rule: ProcessTerminate),"Process terminated:
RuleName: -
UtcTime: 2024-11-12 08:16:30.726
ProcessGuid: {71bacef4-0ed4-6733-8726-000000001400}
ProcessId: 27360
Image: C:\Program Files (x86)\Google\GoogleUpdater\131.0.6776.2\updater.exe
User: NT AUTHORITY\SYSTEM"
Information,11/12/2024 0:16,Microsoft-Windows-Sysmon,5,Process terminated (rule: ProcessTerminate),"Process terminated:
RuleName: -
UtcTime: 2024-11-12 08:16:20.726
ProcessGuid: {71bacef4-0ed4-6733-8626-000000001400}
ProcessId: 26956
Image: C:\Program Files (x86)\Google\GoogleUpdater\131.0.6776.2\updater.exe
User: NT AUTHORITY\SYSTEM"
Information,11/12/2024 0:16,Microsoft-Windows-Sysmon,5,Process terminated (rule: ProcessTerminate),"Process terminated:
RuleName: -
UtcTime: 2024-11-12 08:16:20.722
ProcessGuid: {71bacef4-0ed4-6733-8526-000000001400}
ProcessId: 26488
Image: C:\Program Files (x86)\Google\GoogleUpdater\131.0.6776.2\updater.exe
User: NT AUTHORITY\SYSTEM"
Information,11/12/2024 0:16,Microsoft-Windows-Sysmon,1,Process Create (rule: ProcessCreate),"Process Create:
RuleName: -
UtcTime: 2024-11-12 08:16:20.584
ProcessGuid: {71bacef4-0ed4-6733-8a26-000000001400}
ProcessId: 26180
Image: C:\Program Files (x86)\Google\GoogleUpdater\131.0.6776.2\updater.exe
FileVersion: 131.0.6776.2
Description: Google Updater
Product: Google Updater
Company: Google LLC
OriginalFileName: updater.exe
CommandLine: ""C:\Program Files (x86)\Google\GoogleUpdater\131.0.6776.2\updater.exe"" --crash-handler --system ""--database=C:\Program Files (x86)\Google\GoogleUpdater\131.0.6776.2\Crashpad"" --url=https://clients2.google.com/cr/report --annotation=prod=Update4 --annotation=ver=131.0.6776.2 ""--attachment=C:\Program Files (x86)\Google\GoogleUpdater\updater.log"" --initial-client-data=0x2c8,0x2cc,0x2d0,0x2a4,0x2d4,0x816290,0x81629c,0x8162a8
CurrentDirectory: C:\Windows\system32\
User: NT AUTHORITY\SYSTEM
LogonGuid: {71bacef4-7319-6725-e703-000000000000}
LogonId: 0x3E7
TerminalSessionId: 0
IntegrityLevel: System
Hashes: SHA256=5E06808C0B4094A82440D8AE06D8CA559E86B659D27157B9176336321CF10798
ParentProcessGuid: {71bacef4-0ed4-6733-8926-000000001400}
ParentProcessId: 11528
ParentImage: C:\Program Files (x86)\Google\GoogleUpdater\131.0.6776.2\updater.exe
ParentCommandLine: ""C:\Program Files (x86)\Google\GoogleUpdater\131.0.6776.2\updater.exe"" --system --windows-service --service=update
ParentUser: NT AUTHORITY\SYSTEM"
Information,11/12/2024 0:16,Microsoft-Windows-Sysmon,1,Process Create (rule: ProcessCreate),"Process Create:
RuleName: -
UtcTime: 2024-11-12 08:16:20.492
ProcessGuid: {71bacef4-0ed4-6733-8926-000000001400}
ProcessId: 11528
Image: C:\Program Files (x86)\Google\GoogleUpdater\131.0.6776.2\updater.exe
FileVersion: 131.0.6776.2
Description: Google Updater
Product: Google Updater
Company: Google LLC
OriginalFileName: updater.exe
CommandLine: ""C:\Program Files (x86)\Google\GoogleUpdater\131.0.6776.2\updater.exe"" --system --windows-service --service=update
CurrentDirectory: C:\Windows\system32\
User: NT AUTHORITY\SYSTEM
LogonGuid: {71bacef4-7319-6725-e703-000000000000}
LogonId: 0x3E7
TerminalSessionId: 0
IntegrityLevel: System
Hashes: SHA256=5E06808C0B4094A82440D8AE06D8CA559E86B659D27157B9176336321CF10798
ParentProcessGuid: {71bacef4-7319-6725-0c00-000000001400}
ParentProcessId: 1340
ParentImage: C:\Windows\System32\services.exe
ParentCommandLine: C:\Windows\system32\services.exe
ParentUser: NT AUTHORITY\SYSTEM"
Information,11/12/2024 0:16,Microsoft-Windows-Sysmon,1,Process Create (rule: ProcessCreate),"Process Create:
RuleName: -
UtcTime: 2024-11-12 08:16:20.388
ProcessGuid: {71bacef4-0ed4-6733-8826-000000001400}
ProcessId: 17728
Image: C:\Program Files (x86)\Google\GoogleUpdater\131.0.6776.2\updater.exe
FileVersion: 131.0.6776.2
Description: Google Updater
Product: Google Updater
Company: Google LLC
OriginalFileName: updater.exe
CommandLine: ""C:\Program Files (x86)\Google\GoogleUpdater\131.0.6776.2\updater.exe"" --crash-handler --system ""--database=C:\Program Files (x86)\Google\GoogleUpdater\131.0.6776.2\Crashpad"" --url=https://clients2.google.com/cr/report --annotation=prod=Update4 --annotation=ver=131.0.6776.2 ""--attachment=C:\Program Files (x86)\Google\GoogleUpdater\updater.log"" --initial-client-data=0x2d4,0x2d8,0x2dc,0x2b0,0x2e0,0x816290,0x81629c,0x8162a8
CurrentDirectory: C:\Windows\system32\
User: NT AUTHORITY\SYSTEM
LogonGuid: {71bacef4-7319-6725-e703-000000000000}
LogonId: 0x3E7
TerminalSessionId: 0
IntegrityLevel: System
Hashes: SHA256=5E06808C0B4094A82440D8AE06D8CA559E86B659D27157B9176336321CF10798
ParentProcessGuid: {71bacef4-0ed4-6733-8726-000000001400}
ParentProcessId: 27360
ParentImage: C:\Program Files (x86)\Google\GoogleUpdater\131.0.6776.2\updater.exe
ParentCommandLine: ""C:\Program Files (x86)\Google\GoogleUpdater\131.0.6776.2\updater.exe"" --system --windows-service --service=update-internal
ParentUser: NT AUTHORITY\SYSTEM"
Information,11/12/2024 0:16,Microsoft-Windows-Sysmon,1,Process Create (rule: ProcessCreate),"Process Create:
RuleName: -
UtcTime: 2024-11-12 08:16:20.320
ProcessGuid: {71bacef4-0ed4-6733-8726-000000001400}
ProcessId: 27360
Image: C:\Program Files (x86)\Google\GoogleUpdater\131.0.6776.2\updater.exe
FileVersion: 131.0.6776.2
Description: Google Updater
Product: Google Updater
Company: Google LLC
OriginalFileName: updater.exe
CommandLine: ""C:\Program Files (x86)\Google\GoogleUpdater\131.0.6776.2\updater.exe"" --system --windows-service --service=update-internal
CurrentDirectory: C:\Windows\system32\
User: NT AUTHORITY\SYSTEM
LogonGuid: {71bacef4-7319-6725-e703-000000000000}
LogonId: 0x3E7
TerminalSessionId: 0
IntegrityLevel: System
Hashes: SHA256=5E06808C0B4094A82440D8AE06D8CA559E86B659D27157B9176336321CF10798
ParentProcessGuid: {71bacef4-7319-6725-0c00-000000001400}
ParentProcessId: 1340
ParentImage: C:\Windows\System32\services.exe
ParentCommandLine: C:\Windows\system32\services.exe
ParentUser: NT AUTHORITY\SYSTEM"
Information,11/12/2024 0:16,Microsoft-Windows-Sysmon,1,Process Create (rule: ProcessCreate),"Process Create:
RuleName: -
UtcTime: 2024-11-12 08:16:20.232
ProcessGuid: {71bacef4-0ed4-6733-8626-000000001400}
ProcessId: 26956
Image: C:\Program Files (x86)\Google\GoogleUpdater\131.0.6776.2\updater.exe
FileVersion: 131.0.6776.2
Description: Google Updater
Product: Google Updater
Company: Google LLC
OriginalFileName: updater.exe
CommandLine: ""C:\Program Files (x86)\Google\GoogleUpdater\131.0.6776.2\updater.exe"" --crash-handler --system ""--database=C:\Program Files (x86)\Google\GoogleUpdater\131.0.6776.2\Crashpad"" --url=https://clients2.google.com/cr/report --annotation=prod=Update4 --annotation=ver=131.0.6776.2 ""--attachment=C:\Program Files (x86)\Google\GoogleUpdater\updater.log"" --initial-client-data=0x2c8,0x2cc,0x2d0,0x2b0,0x2d4,0x816290,0x81629c,0x8162a8
CurrentDirectory: C:\Windows\system32\
User: NT AUTHORITY\SYSTEM
LogonGuid: {71bacef4-7319-6725-e703-000000000000}
LogonId: 0x3E7
TerminalSessionId: 0
IntegrityLevel: System
Hashes: SHA256=5E06808C0B4094A82440D8AE06D8CA559E86B659D27157B9176336321CF10798
ParentProcessGuid: {71bacef4-0ed4-6733-8526-000000001400}
ParentProcessId: 26488
ParentImage: C:\Program Files (x86)\Google\GoogleUpdater\131.0.6776.2\updater.exe
ParentCommandLine: ""C:\Program Files (x86)\Google\GoogleUpdater\131.0.6776.2\updater.exe"" --wake --system
ParentUser: NT AUTHORITY\SYSTEM"
Information,11/12/2024 0:16,Microsoft-Windows-Sysmon,5,Process terminated (rule: ProcessTerminate),"Process terminated:
RuleName: -
UtcTime: 2024-11-12 08:16:20.201
ProcessGuid: {71bacef4-0ed4-6733-8426-000000001400}
ProcessId: 2996
Image: C:\Windows\System32\taskhostw.exe
User: NT AUTHORITY\SYSTEM"
Information,11/12/2024 0:16,Microsoft-Windows-Sysmon,1,Process Create (rule: ProcessCreate),"Process Create:
RuleName: -
UtcTime: 2024-11-12 08:16:20.134
ProcessGuid: {71bacef4-0ed4-6733-8526-000000001400}
ProcessId: 26488
Image: C:\Program Files (x86)\Google\GoogleUpdater\131.0.6776.2\updater.exe
FileVersion: 131.0.6776.2
Description: Google Updater
Product: Google Updater
Company: Google LLC
OriginalFileName: updater.exe
CommandLine: ""C:\Program Files (x86)\Google\GoogleUpdater\131.0.6776.2\updater.exe"" --wake --system
CurrentDirectory: C:\Windows\system32\
User: NT AUTHORITY\SYSTEM
LogonGuid: {71bacef4-7319-6725-e703-000000000000}
LogonId: 0x3E7
TerminalSessionId: 0
IntegrityLevel: System
Hashes: SHA256=5E06808C0B4094A82440D8AE06D8CA559E86B659D27157B9176336321CF10798
ParentProcessGuid: {71bacef4-7319-6725-3100-000000001400}
ParentProcessId: 2924
ParentImage: C:\Windows\System32\svchost.exe
ParentCommandLine: C:\Windows\system32\svchost.exe -k netsvcs -p -s Schedule
ParentUser: NT AUTHORITY\SYSTEM"
Information,11/12/2024 0:16,Microsoft-Windows-Sysmon,1,Process Create (rule: ProcessCreate),"Process Create:
RuleName: -
UtcTime: 2024-11-12 08:16:20.117
ProcessGuid: {71bacef4-0ed4-6733-8426-000000001400}
ProcessId: 2996
Image: C:\Windows\System32\taskhostw.exe
FileVersion: 10.0.22621.3810 (WinBuild.160101.0800)
Description: Host Process for Windows Tasks
Product: Microsoft® Windows® Operating System
Company: Microsoft Corporation
OriginalFileName: taskhostw.exe
CommandLine: taskhostw.exe datupdatetask
CurrentDirectory: C:\Windows\system32\
User: NT AUTHORITY\SYSTEM
LogonGuid: {71bacef4-7319-6725-e703-000000000000}
LogonId: 0x3E7
TerminalSessionId: 0
IntegrityLevel: System
Hashes: SHA256=E582155FC70FB48482DBDB86B3D70ACB2A8DDB24C0044BACE8D367C40AE8D575
ParentProcessGuid: {71bacef4-7319-6725-3100-000000001400}
ParentProcessId: 2924
ParentImage: C:\Windows\System32\svchost.exe
ParentCommandLine: C:\Windows\system32\svchost.exe -k netsvcs -p -s Schedule
ParentUser: NT AUTHORITY\SYSTEM"
Information,11/12/2024 0:15,Microsoft-Windows-Sysmon,5,Process terminated (rule: ProcessTerminate),"Process terminated:
RuleName: -
UtcTime: 2024-11-12 08:15:50.156
ProcessGuid: {71bacef4-0a9e-6733-ab25-000000001400}
ProcessId: 26476
Image: C:\Program Files (x86)\Microsoft\Edge\Application\msedge.exe
User: LAPTOP\sriva"
Information,11/12/2024 0:15,Microsoft-Windows-Sysmon,1,Process Create (rule: ProcessCreate),"Process Create:
RuleName: -
UtcTime: 2024-11-12 08:15:43.463
ProcessGuid: {71bacef4-0eaf-6733-8326-000000001400}
ProcessId: 2320
Image: C:\Program Files\WindowsApps\Microsoft.YourPhone_1.24101.61.0_x64__8wekyb3d8bbwe\PhoneExperienceHost.exe
FileVersion: 1.24101.61.0
Description: Microsoft Phone Link
Product: Microsoft Phone Link
Company: Microsoft Corporation
OriginalFileName: PhoneExperienceHost.dll
CommandLine: ""C:\Program Files\WindowsApps\Microsoft.YourPhone_1.24101.61.0_x64__8wekyb3d8bbwe\PhoneExperienceHost.exe"" -ComServer:Background -Embedding
CurrentDirectory: C:\Windows\system32\
User: LAPTOP\sriva
LogonGuid: {71bacef4-c1b8-672f-0882-020600000000}
LogonId: 0x6028208
TerminalSessionId: 4
IntegrityLevel: Medium
Hashes: SHA256=03B6FFBD9FCECBD06C3377F0C92E2F2F5797C800A1D8C770D34F1458D0678471
ParentProcessGuid: {71bacef4-7319-6725-0f00-000000001400}
ParentProcessId: 1524
ParentImage: C:\Windows\System32\svchost.exe
ParentCommandLine: C:\Windows\system32\svchost.exe -k DcomLaunch -p
ParentUser: NT AUTHORITY\SYSTEM"
Information,11/12/2024 0:15,Microsoft-Windows-Sysmon,5,Process terminated (rule: ProcessTerminate),"Process terminated:
RuleName: -
UtcTime: 2024-11-12 08:15:43.392
ProcessGuid: {71bacef4-0eae-6733-8126-000000001400}
ProcessId: 15736
Image: C:\Program Files (x86)\Microsoft\EdgeUpdate\MicrosoftEdgeUpdate.exe
User: NT AUTHORITY\SYSTEM"
Information,11/12/2024 0:15,Microsoft-Windows-Sysmon,1,Process Create (rule: ProcessCreate),"Process Create:
RuleName: -
UtcTime: 2024-11-12 08:15:43.029
ProcessGuid: {71bacef4-0eaf-6733-8226-000000001400}
ProcessId: 1152
Image: C:\Windows\System32\backgroundTaskHost.exe
FileVersion: 10.0.22621.1 (WinBuild.160101.0800)
Description: Background Task Host
Product: Microsoft® Windows® Operating System
Company: Microsoft Corporation
OriginalFileName: backgroundTaskHost.exe
CommandLine: ""C:\Windows\system32\backgroundTaskHost.exe"" -ServerName:App.AppXfkd8mejksk4ancwf4vtyhmkvtzn1jcbs.mca
CurrentDirectory: C:\Program Files\WindowsApps\Microsoft.YourPhone_1.24101.61.0_x64__8wekyb3d8bbwe\
User: LAPTOP\sriva
LogonGuid: {71bacef4-c1b8-672f-0882-020600000000}
LogonId: 0x6028208
TerminalSessionId: 4
IntegrityLevel: AppContainer
Hashes: SHA256=4C8915E07BE1904A3BC02E4F8DB0A80BB932CE610D97EABB9151B4E51F449980
ParentProcessGuid: {71bacef4-7319-6725-0f00-000000001400}
ParentProcessId: 1524
ParentImage: C:\Windows\System32\svchost.exe
ParentCommandLine: C:\Windows\system32\svchost.exe -k DcomLaunch -p
ParentUser: NT AUTHORITY\SYSTEM"
Information,11/12/2024 0:15,Microsoft-Windows-Sysmon,1,Process Create (rule: ProcessCreate),"Process Create:
RuleName: -
UtcTime: 2024-11-12 08:15:42.939
ProcessGuid: {71bacef4-0eae-6733-8126-000000001400}
ProcessId: 15736
Image: C:\Program Files (x86)\Microsoft\EdgeUpdate\MicrosoftEdgeUpdate.exe
FileVersion: 1.3.155.85
Description: Microsoft Edge Update
Product: Microsoft Edge Update
Company: Microsoft Corporation
OriginalFileName: msedgeupdate.dll
CommandLine: ""C:\Program Files (x86)\Microsoft\EdgeUpdate\MicrosoftEdgeUpdate.exe"" /ua /installsource scheduler
CurrentDirectory: C:\Windows\system32\
User: NT AUTHORITY\SYSTEM
LogonGuid: {71bacef4-7319-6725-e703-000000000000}
LogonId: 0x3E7
TerminalSessionId: 0
IntegrityLevel: System
Hashes: SHA256=54545F352215A9C0F370A01980AADCD5749A93589931662D89A974D7BD60F476
ParentProcessGuid: {71bacef4-7319-6725-3100-000000001400}
ParentProcessId: 2924
ParentImage: C:\Windows\System32\svchost.exe
ParentCommandLine: C:\Windows\system32\svchost.exe -k netsvcs -p -s Schedule
ParentUser: NT AUTHORITY\SYSTEM"
Information,11/12/2024 0:15,Microsoft-Windows-Sysmon,5,Process terminated (rule: ProcessTerminate),"Process terminated:
RuleName: -
UtcTime: 2024-11-12 08:15:33.924
ProcessGuid: {71bacef4-0e0b-6733-6926-000000001400}
ProcessId: 17052
Image: C:\Windows\System32\wbem\WmiPrvSE.exe
User: NT AUTHORITY\LOCAL SERVICE"
Information,11/12/2024 0:15,Microsoft-Windows-Sysmon,1,Process Create (rule: ProcessCreate),"Process Create:
RuleName: -
UtcTime: 2024-11-12 08:15:03.923
ProcessGuid: {71bacef4-0e87-6733-8026-000000001400}
ProcessId: 3736
Image: C:\Windows\System32\wbem\WmiPrvSE.exe
FileVersion: 10.0.22621.1 (WinBuild.160101.0800)
Description: WMI Provider Host
Product: Microsoft® Windows® Operating System
Company: Microsoft Corporation
OriginalFileName: Wmiprvse.exe
CommandLine: C:\Windows\system32\wbem\wmiprvse.exe -secured -Embedding
CurrentDirectory: C:\Windows\system32\
User: NT AUTHORITY\NETWORK SERVICE
LogonGuid: {71bacef4-7319-6725-e403-000000000000}
LogonId: 0x3E4
TerminalSessionId: 0
IntegrityLevel: System
Hashes: SHA256=196CABED59111B6C4BBF78C84A56846D96CBBC4F06935A4FD4E6432EF0AE4083
ParentProcessGuid: {71bacef4-7319-6725-0f00-000000001400}
ParentProcessId: 1524
ParentImage: C:\Windows\System32\svchost.exe
ParentCommandLine: C:\Windows\system32\svchost.exe -k DcomLaunch -p
ParentUser: NT AUTHORITY\SYSTEM"
Information,11/12/2024 0:15,Microsoft-Windows-Sysmon,5,Process terminated (rule: ProcessTerminate),"Process terminated:
RuleName: -
UtcTime: 2024-11-12 08:15:03.314
ProcessGuid: {71bacef4-0e85-6733-7926-000000001400}
ProcessId: 24196
Image: C:\Sysmon\Sysmon64.exe
User: LAPTOP\sriva"
Information,11/12/2024 0:15,Microsoft-Windows-Sysmon,5,Process terminated (rule: ProcessTerminate),"Process terminated:
RuleName: -
UtcTime: 2024-11-12 08:15:03.055
ProcessGuid: {71bacef4-0e0c-6733-6a26-000000001400}
ProcessId: 18900
Image: C:\Windows\System32\svchost.exe
User: NT AUTHORITY\SYSTEM"
Information,11/12/2024 0:15,Microsoft-Windows-Sysmon,1,Process Create (rule: ProcessCreate),"Process Create:
RuleName: -
UtcTime: 2024-11-12 08:15:02.233
ProcessGuid: {71bacef4-0e86-6733-7f26-000000001400}
ProcessId: 14308
Image: C:\Windows\Sysmon64.exe
FileVersion: 15.15
Description: System activity monitor
Product: Sysinternals Sysmon
Company: Sysinternals - www.sysinternals.com
OriginalFileName: -
CommandLine: C:\Windows\Sysmon64.exe
CurrentDirectory: C:\Windows\system32\
User: NT AUTHORITY\SYSTEM
LogonGuid: {71bacef4-7319-6725-e703-000000000000}
LogonId: 0x3E7
TerminalSessionId: 0
IntegrityLevel: System
Hashes: SHA256=D9C8FDFDCE510FD9922DA3A1084B6AC4476C1407D1D8BBB67FC0A61988552771
ParentProcessGuid: {71bacef4-7319-6725-0c00-000000001400}
ParentProcessId: 1340
ParentImage: C:\Windows\System32\services.exe
ParentCommandLine: C:\Windows\system32\services.exe
ParentUser: NT AUTHORITY\SYSTEM"
Information,11/12/2024 0:15,Microsoft-Windows-Sysmon,4,Sysmon service state changed,"Sysmon service state changed:
UtcTime: 2024-11-12 08:15:02.354
State: Started
Version: 15.15
SchemaVersion: 4.90"
Information,11/12/2024 0:15,Microsoft-Windows-Sysmon,16,Sysmon config state changed,"Sysmon config state changed:
UtcTime: 2024-11-12 08:15:02.147
Configuration: C:\Sysmon\Sysmon64.exe  -accepteula -i
ConfigurationFileHash: -"
