Information,11/12/2024 6:27,Microsoft-Windows-Sysmon,1,Process Create (rule: ProcessCreate),"Process Create:
RuleName: -
UtcTime: 2024-11-12 14:27:53.374
ProcessGuid: {71bacef4-65e9-6733-f626-000000001400}
ProcessId: 24844
Image: C:\Windows\System32\cmd.exe
FileVersion: 10.0.22621.4391 (WinBuild.160101.0800)
Description: Windows Command Processor
Product: Microsoft® Windows® Operating System
Company: Microsoft Corporation
OriginalFileName: Cmd.Exe
CommandLine: C:\Windows\system32\cmd.exe /c netsh mbn show interface
CurrentDirectory: C:\Windows\system32\
User: NT AUTHORITY\SYSTEM
LogonGuid: {71bacef4-7319-6725-e703-000000000000}
LogonId: 0x3E7
TerminalSessionId: 0
IntegrityLevel: System
Hashes: SHA256=1B16E4FD6DAE8F1643DA8C7C89FB03613406B87DCF48B8ABDB1F9378C1ADD9AF
ParentProcessGuid: {71bacef4-65c0-6733-d026-000000001400}
ParentProcessId: 17928
ParentImage: C:\Windows\System32\DriverStore\FileRepository\asussci2.inf_amd64_a61e5ab0aed04d3c\ASUSSystemAnalysis\AsusSystemAnalysis.exe
ParentCommandLine: ""C:\Windows\System32\DriverStore\FileRepository\asussci2.inf_amd64_a61e5ab0aed04d3c\ASUSSystemAnalysis\AsusSystemAnalysis.exe"" -j0
ParentUser: NT AUTHORITY\SYSTEM"
Information,11/12/2024 6:27,Microsoft-Windows-Sysmon,5,Process terminated (rule: ProcessTerminate),"Process terminated:
RuleName: -
UtcTime: 2024-11-12 14:27:50.740
ProcessGuid: {71bacef4-65c0-6733-d926-000000001400}
ProcessId: 18792
Image: C:\Windows\System32\sppsvc.exe
User: NT AUTHORITY\NETWORK SERVICE"
Information,11/12/2024 6:27,Microsoft-Windows-Sysmon,1,Process Create (rule: ProcessCreate),"Process Create:
RuleName: -
UtcTime: 2024-11-12 14:27:44.679
ProcessGuid: {71bacef4-65e0-6733-f526-000000001400}
ProcessId: 10800
Image: C:\Windows\System32\wbem\WmiPrvSE.exe
FileVersion: 10.0.22621.1 (WinBuild.160101.0800)
Description: WMI Provider Host
Product: Microsoft® Windows® Operating System
Company: Microsoft Corporation
OriginalFileName: Wmiprvse.exe
CommandLine: C:\Windows\system32\wbem\wmiprvse.exe -secured -Embedding
CurrentDirectory: C:\Windows\system32\
User: NT AUTHORITY\LOCAL SERVICE
LogonGuid: {71bacef4-7319-6725-e503-000000000000}
LogonId: 0x3E5
TerminalSessionId: 0
IntegrityLevel: System
Hashes: SHA256=196CABED59111B6C4BBF78C84A56846D96CBBC4F06935A4FD4E6432EF0AE4083
ParentProcessGuid: {71bacef4-7319-6725-0f00-000000001400}
ParentProcessId: 1524
ParentImage: C:\Windows\System32\svchost.exe
ParentCommandLine: C:\Windows\system32\svchost.exe -k DcomLaunch -p
ParentUser: NT AUTHORITY\SYSTEM"
Information,11/12/2024 6:27,Microsoft-Windows-Sysmon,5,Process terminated (rule: ProcessTerminate),"Process terminated:
RuleName: -
UtcTime: 2024-11-12 14:27:44.173
ProcessGuid: {71bacef4-65de-6733-f126-000000001400}
ProcessId: 19932
Image: C:\Windows\System32\AppHostRegistrationVerifier.exe
User: LAPTOP\sriva"
Information,11/12/2024 6:27,Microsoft-Windows-Sysmon,1,Process Create (rule: ProcessCreate),"Process Create:
RuleName: -
UtcTime: 2024-11-12 14:27:44.041
ProcessGuid: {71bacef4-65e0-6733-f426-000000001400}
ProcessId: 18584
Image: C:\Windows\System32\wbem\WmiApSrv.exe
FileVersion: 10.0.22621.3672 (WinBuild.160101.0800)
Description: WMI Performance Reverse Adapter
Product: Microsoft® Windows® Operating System
Company: Microsoft Corporation
OriginalFileName: WmiApSrv.exe
CommandLine: C:\Windows\system32\wbem\WmiApSrv.exe
CurrentDirectory: C:\Windows\system32\
User: NT AUTHORITY\SYSTEM
LogonGuid: {71bacef4-7319-6725-e703-000000000000}
LogonId: 0x3E7
TerminalSessionId: 0
IntegrityLevel: System
Hashes: SHA256=17C8418552B9AC26F95F079087A6CF253D83119F370B5FFE37AE4E53BA99B074
ParentProcessGuid: {71bacef4-7319-6725-0c00-000000001400}
ParentProcessId: 1340
ParentImage: C:\Windows\System32\services.exe
ParentCommandLine: C:\Windows\system32\services.exe
ParentUser: NT AUTHORITY\SYSTEM"
Information,11/12/2024 6:27,Microsoft-Windows-Sysmon,5,Process terminated (rule: ProcessTerminate),"Process terminated:
RuleName: -
UtcTime: 2024-11-12 14:27:43.567
ProcessGuid: {71bacef4-65de-6733-f226-000000001400}
ProcessId: 21684
Image: C:\Program Files\McAfee\WPS\1.23.177.1\dad\mc-dad.exe
User: NT AUTHORITY\SYSTEM"
Information,11/12/2024 6:27,Microsoft-Windows-Sysmon,5,Process terminated (rule: ProcessTerminate),"Process terminated:
RuleName: -
UtcTime: 2024-11-12 14:27:43.567
ProcessGuid: {71bacef4-65de-6733-f326-000000001400}
ProcessId: 23464
Image: C:\Program Files\McAfee\WPS\1.23.177.1\dad\mc-dad.exe
User: NT AUTHORITY\SYSTEM"
Information,11/12/2024 6:27,Microsoft-Windows-Sysmon,1,Process Create (rule: ProcessCreate),"Process Create:
RuleName: -
UtcTime: 2024-11-12 14:27:42.432
ProcessGuid: {71bacef4-65de-6733-f326-000000001400}
ProcessId: 23464
Image: C:\Program Files\McAfee\WPS\1.23.177.1\dad\mc-dad.exe
FileVersion: 3.23.0.6
Description: DAD Updater
Product: McAfee Windows Protection Suite
Company: McAfee, LLC
OriginalFileName: mc-dad.exe
CommandLine: ""C:\Program Files\McAfee\wps\1.23.177.1\dad\mc-dad.exe""
CurrentDirectory: C:\Windows\system32\
User: NT AUTHORITY\SYSTEM
LogonGuid: {71bacef4-7319-6725-e703-000000000000}
LogonId: 0x3E7
TerminalSessionId: 0
IntegrityLevel: System
Hashes: SHA256=09A8E1BED507056C451B4D9A324829FBEC84BCA0FE1E227ADEBD22EC2C20511E
ParentProcessGuid: {71bacef4-7319-6725-0c00-000000001400}
ParentProcessId: 1340
ParentImage: C:\Windows\System32\services.exe
ParentCommandLine: C:\Windows\system32\services.exe
ParentUser: NT AUTHORITY\SYSTEM"
Information,11/12/2024 6:27,Microsoft-Windows-Sysmon,1,Process Create (rule: ProcessCreate),"Process Create:
RuleName: -
UtcTime: 2024-11-12 14:27:42.400
ProcessGuid: {71bacef4-65de-6733-f226-000000001400}
ProcessId: 21684
Image: C:\Program Files\McAfee\WPS\1.23.177.1\dad\mc-dad.exe
FileVersion: 3.23.0.6
Description: DAD Updater
Product: McAfee Windows Protection Suite
Company: McAfee, LLC
OriginalFileName: mc-dad.exe
CommandLine: ""C:\Program Files\McAfee\wps\1.23.177.1\dad\mc-dad.exe""
CurrentDirectory: C:\Windows\system32\
User: NT AUTHORITY\SYSTEM
LogonGuid: {71bacef4-7319-6725-e703-000000000000}
LogonId: 0x3E7
TerminalSessionId: 0
IntegrityLevel: System
Hashes: SHA256=09A8E1BED507056C451B4D9A324829FBEC84BCA0FE1E227ADEBD22EC2C20511E
ParentProcessGuid: {71bacef4-7319-6725-3100-000000001400}
ParentProcessId: 2924
ParentImage: C:\Windows\System32\svchost.exe
ParentCommandLine: C:\Windows\system32\svchost.exe -k netsvcs -p -s Schedule
ParentUser: NT AUTHORITY\SYSTEM"
Information,11/12/2024 6:27,Microsoft-Windows-Sysmon,1,Process Create (rule: ProcessCreate),"Process Create:
RuleName: -
UtcTime: 2024-11-12 14:27:42.026
ProcessGuid: {71bacef4-65de-6733-f126-000000001400}
ProcessId: 19932
Image: C:\Windows\System32\AppHostRegistrationVerifier.exe
FileVersion: 10.0.22621.3527 (WinBuild.160101.0800)
Description: App Uri Handlers Registration Verifier
Product: Microsoft® Windows® Operating System
Company: Microsoft Corporation
OriginalFileName: AppHostNameRegistrationVerifier.exe
CommandLine: ""C:\Windows\system32\AppHostRegistrationVerifier.exe""
CurrentDirectory: C:\Windows\system32\
User: LAPTOP\sriva
LogonGuid: {71bacef4-c1b8-672f-0882-020600000000}
LogonId: 0x6028208
TerminalSessionId: 4
IntegrityLevel: Medium
Hashes: SHA256=07024038339359D8C4AB8333B61CC2869FA0A535D6E61EBEED2FB9067393F384
ParentProcessGuid: {71bacef4-7319-6725-3100-000000001400}
ParentProcessId: 2924
ParentImage: C:\Windows\System32\svchost.exe
ParentCommandLine: C:\Windows\system32\svchost.exe -k netsvcs -p -s Schedule
ParentUser: NT AUTHORITY\SYSTEM"
Information,11/12/2024 6:27,Microsoft-Windows-Sysmon,5,Process terminated (rule: ProcessTerminate),"Process terminated:
RuleName: -
UtcTime: 2024-11-12 14:27:41.902
ProcessGuid: {71bacef4-0eaf-6733-8326-000000001400}
ProcessId: 2320
Image: C:\Program Files\WindowsApps\Microsoft.YourPhone_1.24101.61.0_x64__8wekyb3d8bbwe\PhoneExperienceHost.exe
User: LAPTOP\sriva"
Information,11/12/2024 6:27,Microsoft-Windows-Sysmon,5,Process terminated (rule: ProcessTerminate),"Process terminated:
RuleName: -
UtcTime: 2024-11-12 14:27:34.472
ProcessGuid: {71bacef4-65d6-6733-f026-000000001400}
ProcessId: 9852
Image: C:\Windows\System32\taskhostw.exe
User: LAPTOP\sriva"
Information,11/12/2024 6:27,Microsoft-Windows-Sysmon,1,Process Create (rule: ProcessCreate),"Process Create:
RuleName: -
UtcTime: 2024-11-12 14:27:34.446
ProcessGuid: {71bacef4-65d6-6733-f026-000000001400}
ProcessId: 9852
Image: C:\Windows\System32\taskhostw.exe
FileVersion: 10.0.22621.3810 (WinBuild.160101.0800)
Description: Host Process for Windows Tasks
Product: Microsoft® Windows® Operating System
Company: Microsoft Corporation
OriginalFileName: taskhostw.exe
CommandLine: taskhostw.exe
CurrentDirectory: C:\Windows\system32\
User: LAPTOP\sriva
LogonGuid: {71bacef4-c1b8-672f-be81-020600000000}
LogonId: 0x60281BE
TerminalSessionId: 4
IntegrityLevel: High
Hashes: SHA256=E582155FC70FB48482DBDB86B3D70ACB2A8DDB24C0044BACE8D367C40AE8D575
ParentProcessGuid: {71bacef4-7319-6725-3100-000000001400}
ParentProcessId: 2924
ParentImage: C:\Windows\System32\svchost.exe
ParentCommandLine: C:\Windows\system32\svchost.exe -k netsvcs -p -s Schedule
ParentUser: NT AUTHORITY\SYSTEM"
Information,11/12/2024 6:27,Microsoft-Windows-Sysmon,5,Process terminated (rule: ProcessTerminate),"Process terminated:
RuleName: -
UtcTime: 2024-11-12 14:27:33.320
ProcessGuid: {71bacef4-65d5-6733-ef26-000000001400}
ProcessId: 9124
Image: C:\Windows\System32\taskhostw.exe
User: LAPTOP\sriva"
Information,11/12/2024 6:27,Microsoft-Windows-Sysmon,1,Process Create (rule: ProcessCreate),"Process Create:
RuleName: -
UtcTime: 2024-11-12 14:27:33.286
ProcessGuid: {71bacef4-65d5-6733-ef26-000000001400}
ProcessId: 9124
Image: C:\Windows\System32\taskhostw.exe
FileVersion: 10.0.22621.3810 (WinBuild.160101.0800)
Description: Host Process for Windows Tasks
Product: Microsoft® Windows® Operating System
Company: Microsoft Corporation
OriginalFileName: taskhostw.exe
CommandLine: taskhostw.exe
CurrentDirectory: C:\Windows\system32\
User: LAPTOP\sriva
LogonGuid: {71bacef4-c1b8-672f-be81-020600000000}
LogonId: 0x60281BE
TerminalSessionId: 4
IntegrityLevel: High
Hashes: SHA256=E582155FC70FB48482DBDB86B3D70ACB2A8DDB24C0044BACE8D367C40AE8D575
ParentProcessGuid: {71bacef4-7319-6725-3100-000000001400}
ParentProcessId: 2924
ParentImage: C:\Windows\System32\svchost.exe
ParentCommandLine: C:\Windows\system32\svchost.exe -k netsvcs -p -s Schedule
ParentUser: NT AUTHORITY\SYSTEM"
Information,11/12/2024 6:27,Microsoft-Windows-Sysmon,5,Process terminated (rule: ProcessTerminate),"Process terminated:
RuleName: -
UtcTime: 2024-11-12 14:27:21.892
ProcessGuid: {71bacef4-65c0-6733-d726-000000001400}
ProcessId: 20344
Image: C:\Windows\System32\svchost.exe
User: NT AUTHORITY\SYSTEM"
Information,11/12/2024 6:27,Microsoft-Windows-Sysmon,5,Process terminated (rule: ProcessTerminate),"Process terminated:
RuleName: -
UtcTime: 2024-11-12 14:27:19.204
ProcessGuid: {71bacef4-65c1-6733-eb26-000000001400}
ProcessId: 24512
Image: C:\Windows\System32\DriverStore\FileRepository\asussci2.inf_amd64_a61e5ab0aed04d3c\ASUSSystemAnalysis\AsusVerifyJWT.exe
User: NT AUTHORITY\SYSTEM"
Information,11/12/2024 6:27,Microsoft-Windows-Sysmon,5,Process terminated (rule: ProcessTerminate),"Process terminated:
RuleName: -
UtcTime: 2024-11-12 14:27:18.220
ProcessGuid: {71bacef4-65bf-6733-be26-000000001400}
ProcessId: 25144
Image: C:\Users\sriva\AppData\Roaming\Zoom\bin\Zoom.exe
User: LAPTOP\sriva"
Information,11/12/2024 6:27,Microsoft-Windows-Sysmon,5,Process terminated (rule: ProcessTerminate),"Process terminated:
RuleName: -
UtcTime: 2024-11-12 14:27:17.665
ProcessGuid: {71bacef4-1160-6733-b426-000000001400}
ProcessId: 27016
Image: C:\Windows\System32\dllhost.exe
User: LAPTOP\sriva"
Information,11/12/2024 6:27,Microsoft-Windows-Sysmon,5,Process terminated (rule: ProcessTerminate),"Process terminated:
RuleName: -
UtcTime: 2024-11-12 14:27:16.848
ProcessGuid: {71bacef4-65bf-6733-c026-000000001400}
ProcessId: 18888
Image: C:\Windows\System32\dllhost.exe
User: LAPTOP\sriva"
Information,11/12/2024 6:27,Microsoft-Windows-Sysmon,5,Process terminated (rule: ProcessTerminate),"Process terminated:
RuleName: -
UtcTime: 2024-11-12 14:27:16.345
ProcessGuid: {71bacef4-65c4-6733-ee26-000000001400}
ProcessId: 8284
Image: C:\Windows\System32\LocationNotificationWindows.exe
User: LAPTOP\sriva"
Information,11/12/2024 6:27,Microsoft-Windows-Sysmon,1,Process Create (rule: ProcessCreate),"Process Create:
RuleName: -
UtcTime: 2024-11-12 14:27:16.321
ProcessGuid: {71bacef4-65c4-6733-ee26-000000001400}
ProcessId: 8284
Image: C:\Windows\System32\LocationNotificationWindows.exe
FileVersion: 10.0.22621.3527 (WinBuild.160101.0800)
Description: Location Notification
Product: Microsoft® Windows® Operating System
Company: Microsoft Corporation
OriginalFileName: LocationNotificationWindows.exe
CommandLine: ""C:\Windows\System32\LocationNotificationWindows.exe""
CurrentDirectory: C:\Windows\system32\
User: LAPTOP\sriva
LogonGuid: {71bacef4-c1b8-672f-0882-020600000000}
LogonId: 0x6028208
TerminalSessionId: 4
IntegrityLevel: Medium
Hashes: SHA256=ADAC7C49B563868A7C6379219E34FE7C9EAF16CF3C1E4507A15B629E180D3514
ParentProcessGuid: {71bacef4-7319-6725-3100-000000001400}
ParentProcessId: 2924
ParentImage: C:\Windows\System32\svchost.exe
ParentCommandLine: C:\Windows\system32\svchost.exe -k netsvcs -p -s Schedule
ParentUser: NT AUTHORITY\SYSTEM"
Information,11/12/2024 6:27,Microsoft-Windows-Sysmon,5,Process terminated (rule: ProcessTerminate),"Process terminated:
RuleName: -
UtcTime: 2024-11-12 14:27:16.157
ProcessGuid: {71bacef4-65c0-6733-ce26-000000001400}
ProcessId: 17608
Image: C:\Windows\System32\DeviceCensus.exe
User: NT AUTHORITY\SYSTEM"
Information,11/12/2024 6:27,Microsoft-Windows-Sysmon,1,Process Create (rule: ProcessCreate),"Process Create:
RuleName: -
UtcTime: 2024-11-12 14:27:15.515
ProcessGuid: {71bacef4-65c3-6733-ed26-000000001400}
ProcessId: 16188
Image: C:\Windows\System32\svchost.exe
FileVersion: 10.0.22621.1 (WinBuild.160101.0800)
Description: Host Process for Windows Services
Product: Microsoft® Windows® Operating System
Company: Microsoft Corporation
OriginalFileName: svchost.exe
CommandLine: C:\Windows\System32\svchost.exe -k netsvcs -p -s BITS
CurrentDirectory: C:\Windows\system32\
User: NT AUTHORITY\SYSTEM
LogonGuid: {71bacef4-7319-6725-e703-000000000000}
LogonId: 0x3E7
TerminalSessionId: 0
IntegrityLevel: System
Hashes: SHA256=949BFB5B4C7D58D92F3F9C5F8EC7CA4CEAFFD10EC5F0020F0A987C472D61C54B
ParentProcessGuid: {71bacef4-7319-6725-0c00-000000001400}
ParentProcessId: 1340
ParentImage: C:\Windows\System32\services.exe
ParentCommandLine: C:\Windows\system32\services.exe
ParentUser: NT AUTHORITY\SYSTEM"
Information,11/12/2024 6:27,Microsoft-Windows-Sysmon,5,Process terminated (rule: ProcessTerminate),"Process terminated:
RuleName: -
UtcTime: 2024-11-12 14:27:15.309
ProcessGuid: {71bacef4-65bf-6733-c326-000000001400}
ProcessId: 16304
Image: C:\Program Files\Common Files\microsoft shared\ClickToRun\OfficeC2RClient.exe
User: NT AUTHORITY\SYSTEM"
Information,11/12/2024 6:27,Microsoft-Windows-Sysmon,5,Process terminated (rule: ProcessTerminate),"Process terminated:
RuleName: -
UtcTime: 2024-11-12 14:27:15.009
ProcessGuid: {71bacef4-65bf-6733-ca26-000000001400}
ProcessId: 3708
Image: C:\Program Files (x86)\Microsoft\EdgeUpdate\MicrosoftEdgeUpdate.exe
User: NT AUTHORITY\SYSTEM"
Information,11/12/2024 6:27,Microsoft-Windows-Sysmon,5,Process terminated (rule: ProcessTerminate),"Process terminated:
RuleName: -
UtcTime: 2024-11-12 14:27:14.664
ProcessGuid: {71bacef4-65bf-6733-cb26-000000001400}
ProcessId: 27008
Image: C:\Program Files\Common Files\microsoft shared\ClickToRun\OfficeC2RClient.exe
User: NT AUTHORITY\SYSTEM"
Information,11/12/2024 6:27,Microsoft-Windows-Sysmon,1,Process Create (rule: ProcessCreate),"Process Create:
RuleName: -
UtcTime: 2024-11-12 14:27:14.159
ProcessGuid: {71bacef4-65c2-6733-ec26-000000001400}
ProcessId: 19120
Image: C:\Windows\System32\svchost.exe
FileVersion: 10.0.22621.1 (WinBuild.160101.0800)
Description: Host Process for Windows Services
Product: Microsoft® Windows® Operating System
Company: Microsoft Corporation
OriginalFileName: svchost.exe
CommandLine: C:\Windows\system32\svchost.exe -k wusvcs -p -s WaaSMedicSvc
CurrentDirectory: C:\Windows\system32\
User: NT AUTHORITY\SYSTEM
LogonGuid: {71bacef4-7319-6725-e703-000000000000}
LogonId: 0x3E7
TerminalSessionId: 0
IntegrityLevel: System
Hashes: SHA256=949BFB5B4C7D58D92F3F9C5F8EC7CA4CEAFFD10EC5F0020F0A987C472D61C54B
ParentProcessGuid: {71bacef4-7319-6725-0c00-000000001400}
ParentProcessId: 1340
ParentImage: C:\Windows\System32\services.exe
ParentCommandLine: C:\Windows\system32\services.exe
ParentUser: NT AUTHORITY\SYSTEM"
Information,11/12/2024 6:27,Microsoft-Windows-Sysmon,1,Process Create (rule: ProcessCreate),"Process Create:
RuleName: -
UtcTime: 2024-11-12 14:27:13.050
ProcessGuid: {71bacef4-65c1-6733-eb26-000000001400}
ProcessId: 24512
Image: C:\Windows\System32\DriverStore\FileRepository\asussci2.inf_amd64_a61e5ab0aed04d3c\ASUSSystemAnalysis\AsusVerifyJWT.exe
FileVersion: 1.0.8.0
Description: AsusVerifyJWT
Product: ASUS Verify JWT
Company: ASUSTek COMPUTER INC.
OriginalFileName: AsusVerifyJWT.exe
CommandLine: C:\Windows\System32\DriverStore\FileRepository\asussci2.inf_amd64_a61e5ab0aed04d3c\ASUSSystemAnalysis\AsusVerifyJWT.exe DownloadSettingFile 2.1.9.0 TP3604VA S3N0LP01868813E 0 0 0
CurrentDirectory: C:\Windows\system32\
User: NT AUTHORITY\SYSTEM
LogonGuid: {71bacef4-7319-6725-e703-000000000000}
LogonId: 0x3E7
TerminalSessionId: 0
IntegrityLevel: System
Hashes: SHA256=B6FE33A58288D16324A2149A24718F821D643F09C4824801057CF51CBD9EFEFC
ParentProcessGuid: {71bacef4-65c0-6733-d026-000000001400}
ParentProcessId: 17928
ParentImage: C:\Windows\System32\DriverStore\FileRepository\asussci2.inf_amd64_a61e5ab0aed04d3c\ASUSSystemAnalysis\AsusSystemAnalysis.exe
ParentCommandLine: ""C:\Windows\System32\DriverStore\FileRepository\asussci2.inf_amd64_a61e5ab0aed04d3c\ASUSSystemAnalysis\AsusSystemAnalysis.exe"" -j0
ParentUser: NT AUTHORITY\SYSTEM"
Information,11/12/2024 6:27,Microsoft-Windows-Sysmon,5,Process terminated (rule: ProcessTerminate),"Process terminated:
RuleName: -
UtcTime: 2024-11-12 14:27:13.047
ProcessGuid: {71bacef4-65c1-6733-e926-000000001400}
ProcessId: 9920
Image: C:\Windows\System32\conhost.exe
User: NT AUTHORITY\SYSTEM"
Information,11/12/2024 6:27,Microsoft-Windows-Sysmon,5,Process terminated (rule: ProcessTerminate),"Process terminated:
RuleName: -
UtcTime: 2024-11-12 14:27:13.047
ProcessGuid: {71bacef4-65c0-6733-e826-000000001400}
ProcessId: 27072
Image: C:\Windows\System32\schtasks.exe
User: NT AUTHORITY\SYSTEM"
Information,11/12/2024 6:27,Microsoft-Windows-Sysmon,1,Process Create (rule: ProcessCreate),"Process Create:
RuleName: -
UtcTime: 2024-11-12 14:27:13.002
ProcessGuid: {71bacef4-65c1-6733-ea26-000000001400}
ProcessId: 14148
Image: C:\Program Files (x86)\Google\GoogleUpdater\132.0.6806.0\updater.exe
FileVersion: 132.0.6806.0
Description: Google Updater
Product: Google Updater
Company: Google LLC
OriginalFileName: updater.exe
CommandLine: ""C:\Program Files (x86)\Google\GoogleUpdater\132.0.6806.0\updater.exe"" --crash-handler --system ""--database=C:\Program Files (x86)\Google\GoogleUpdater\132.0.6806.0\Crashpad"" --url=https://clients2.google.com/cr/report --annotation=prod=Update4 --annotation=ver=132.0.6806.0 ""--attachment=C:\Program Files (x86)\Google\GoogleUpdater\updater.log"" --initial-client-data=0x2c8,0x2cc,0x2d0,0x23c,0x2d4,0xe64400,0xe6440c,0xe64418
CurrentDirectory: C:\Windows\system32\
User: NT AUTHORITY\SYSTEM
LogonGuid: {71bacef4-7319-6725-e703-000000000000}
LogonId: 0x3E7
TerminalSessionId: 0
IntegrityLevel: System
Hashes: SHA256=AF4B596E960D17A2A06ECF7EEE0EE41CCEAB35DDA82D505D8B1C8B8D5AEAB4F2
ParentProcessGuid: {71bacef4-65c0-6733-e726-000000001400}
ParentProcessId: 25972
ParentImage: C:\Program Files (x86)\Google\GoogleUpdater\132.0.6806.0\updater.exe
ParentCommandLine: ""C:\Program Files (x86)\Google\GoogleUpdater\132.0.6806.0\updater.exe"" --system --windows-service --service=update
ParentUser: NT AUTHORITY\SYSTEM"
Information,11/12/2024 6:27,Microsoft-Windows-Sysmon,1,Process Create (rule: ProcessCreate),"Process Create:
RuleName: -
UtcTime: 2024-11-12 14:27:13.000
ProcessGuid: {71bacef4-65c1-6733-e926-000000001400}
ProcessId: 9920
Image: C:\Windows\System32\conhost.exe
FileVersion: 10.0.22621.3672 (WinBuild.160101.0800)
Description: Console Window Host
Product: Microsoft® Windows® Operating System
Company: Microsoft Corporation
OriginalFileName: CONHOST.EXE
CommandLine: \??\C:\Windows\system32\conhost.exe 0xffffffff -ForceV1
CurrentDirectory: C:\Windows
User: NT AUTHORITY\SYSTEM
LogonGuid: {71bacef4-7319-6725-e703-000000000000}
LogonId: 0x3E7
TerminalSessionId: 0
IntegrityLevel: System
Hashes: SHA256=F801E65F937827635EB462CAF8CACBD473B9FC5CA428A9216A60C686F45802C1
ParentProcessGuid: {71bacef4-65c0-6733-e826-000000001400}
ParentProcessId: 27072
ParentImage: C:\Windows\System32\schtasks.exe
ParentCommandLine: schtasks.exe /change /tn ""Microsoft\Office\Office Automatic Updates 2.0"" /enable
ParentUser: NT AUTHORITY\SYSTEM"
Information,11/12/2024 6:27,Microsoft-Windows-Sysmon,1,Process Create (rule: ProcessCreate),"Process Create:
RuleName: -
UtcTime: 2024-11-12 14:27:12.989
ProcessGuid: {71bacef4-65c0-6733-e826-000000001400}
ProcessId: 27072
Image: C:\Windows\System32\schtasks.exe
FileVersion: 10.0.22621.1 (WinBuild.160101.0800)
Description: Task Scheduler Configuration Tool
Product: Microsoft® Windows® Operating System
Company: Microsoft Corporation
OriginalFileName: schtasks.exe
CommandLine: schtasks.exe /change /tn ""Microsoft\Office\Office Automatic Updates 2.0"" /enable
CurrentDirectory: C:\Program Files\Common Files\Microsoft Shared\ClickToRun\
User: NT AUTHORITY\SYSTEM
LogonGuid: {71bacef4-7319-6725-e703-000000000000}
LogonId: 0x3E7
TerminalSessionId: 0
IntegrityLevel: System
Hashes: SHA256=DDDE64F0F55751763C1BCD53DE9CDFFC0D725D45A8476464A2A0422661813004
ParentProcessGuid: {71bacef4-731a-6725-6900-000000001400}
ParentProcessId: 5300
ParentImage: C:\Program Files\Common Files\microsoft shared\ClickToRun\OfficeClickToRun.exe
ParentCommandLine: ""C:\Program Files\Common Files\Microsoft Shared\ClickToRun\OfficeClickToRun.exe"" /service
ParentUser: NT AUTHORITY\SYSTEM"
Information,11/12/2024 6:27,Microsoft-Windows-Sysmon,5,Process terminated (rule: ProcessTerminate),"Process terminated:
RuleName: -
UtcTime: 2024-11-12 14:27:12.986
ProcessGuid: {71bacef4-65c0-6733-e626-000000001400}
ProcessId: 3728
Image: C:\Windows\System32\conhost.exe
User: NT AUTHORITY\SYSTEM"
Information,11/12/2024 6:27,Microsoft-Windows-Sysmon,5,Process terminated (rule: ProcessTerminate),"Process terminated:
RuleName: -
UtcTime: 2024-11-12 14:27:12.984
ProcessGuid: {71bacef4-65c0-6733-e526-000000001400}
ProcessId: 19636
Image: C:\Windows\System32\schtasks.exe
User: NT AUTHORITY\SYSTEM"
Information,11/12/2024 6:27,Microsoft-Windows-Sysmon,1,Process Create (rule: ProcessCreate),"Process Create:
RuleName: -
UtcTime: 2024-11-12 14:27:12.957
ProcessGuid: {71bacef4-65c0-6733-e726-000000001400}
ProcessId: 25972
Image: C:\Program Files (x86)\Google\GoogleUpdater\132.0.6806.0\updater.exe
FileVersion: 132.0.6806.0
Description: Google Updater
Product: Google Updater
Company: Google LLC
OriginalFileName: updater.exe
CommandLine: ""C:\Program Files (x86)\Google\GoogleUpdater\132.0.6806.0\updater.exe"" --system --windows-service --service=update
CurrentDirectory: C:\Windows\system32\
User: NT AUTHORITY\SYSTEM
LogonGuid: {71bacef4-7319-6725-e703-000000000000}
LogonId: 0x3E7
TerminalSessionId: 0
IntegrityLevel: System
Hashes: SHA256=AF4B596E960D17A2A06ECF7EEE0EE41CCEAB35DDA82D505D8B1C8B8D5AEAB4F2
ParentProcessGuid: {71bacef4-7319-6725-0c00-000000001400}
ParentProcessId: 1340
ParentImage: C:\Windows\System32\services.exe
ParentCommandLine: C:\Windows\system32\services.exe
ParentUser: NT AUTHORITY\SYSTEM"
Information,11/12/2024 6:27,Microsoft-Windows-Sysmon,1,Process Create (rule: ProcessCreate),"Process Create:
RuleName: -
UtcTime: 2024-11-12 14:27:12.939
ProcessGuid: {71bacef4-65c0-6733-e626-000000001400}
ProcessId: 3728
Image: C:\Windows\System32\conhost.exe
FileVersion: 10.0.22621.3672 (WinBuild.160101.0800)
Description: Console Window Host
Product: Microsoft® Windows® Operating System
Company: Microsoft Corporation
OriginalFileName: CONHOST.EXE
CommandLine: \??\C:\Windows\system32\conhost.exe 0xffffffff -ForceV1
CurrentDirectory: C:\Windows
User: NT AUTHORITY\SYSTEM
LogonGuid: {71bacef4-7319-6725-e703-000000000000}
LogonId: 0x3E7
TerminalSessionId: 0
IntegrityLevel: System
Hashes: SHA256=F801E65F937827635EB462CAF8CACBD473B9FC5CA428A9216A60C686F45802C1
ParentProcessGuid: {71bacef4-65c0-6733-e526-000000001400}
ParentProcessId: 19636
ParentImage: C:\Windows\System32\schtasks.exe
ParentCommandLine: schtasks.exe /change /tn ""Microsoft\Office\Office Automatic Updates"" /enable
ParentUser: NT AUTHORITY\SYSTEM"
Information,11/12/2024 6:27,Microsoft-Windows-Sysmon,5,Process terminated (rule: ProcessTerminate),"Process terminated:
RuleName: -
UtcTime: 2024-11-12 14:27:12.942
ProcessGuid: {71bacef4-65c0-6733-e026-000000001400}
ProcessId: 11952
Image: C:\Windows\System32\wermgr.exe
User: NT AUTHORITY\SYSTEM"
Information,11/12/2024 6:27,Microsoft-Windows-Sysmon,5,Process terminated (rule: ProcessTerminate),"Process terminated:
RuleName: -
UtcTime: 2024-11-12 14:27:12.933
ProcessGuid: {71bacef4-65c0-6733-de26-000000001400}
ProcessId: 7568
Image: C:\Program Files (x86)\Google\GoogleUpdater\131.0.6776.2\updater.exe
User: NT AUTHORITY\SYSTEM"
Information,11/12/2024 6:27,Microsoft-Windows-Sysmon,1,Process Create (rule: ProcessCreate),"Process Create:
RuleName: -
UtcTime: 2024-11-12 14:27:12.928
ProcessGuid: {71bacef4-65c0-6733-e526-000000001400}
ProcessId: 19636
Image: C:\Windows\System32\schtasks.exe
FileVersion: 10.0.22621.1 (WinBuild.160101.0800)
Description: Task Scheduler Configuration Tool
Product: Microsoft® Windows® Operating System
Company: Microsoft Corporation
OriginalFileName: schtasks.exe
CommandLine: schtasks.exe /change /tn ""Microsoft\Office\Office Automatic Updates"" /enable
CurrentDirectory: C:\Program Files\Common Files\Microsoft Shared\ClickToRun\
User: NT AUTHORITY\SYSTEM
LogonGuid: {71bacef4-7319-6725-e703-000000000000}
LogonId: 0x3E7
TerminalSessionId: 0
IntegrityLevel: System
Hashes: SHA256=DDDE64F0F55751763C1BCD53DE9CDFFC0D725D45A8476464A2A0422661813004
ParentProcessGuid: {71bacef4-731a-6725-6900-000000001400}
ParentProcessId: 5300
ParentImage: C:\Program Files\Common Files\microsoft shared\ClickToRun\OfficeClickToRun.exe
ParentCommandLine: ""C:\Program Files\Common Files\Microsoft Shared\ClickToRun\OfficeClickToRun.exe"" /service
ParentUser: NT AUTHORITY\SYSTEM"
Information,11/12/2024 6:27,Microsoft-Windows-Sysmon,5,Process terminated (rule: ProcessTerminate),"Process terminated:
RuleName: -
UtcTime: 2024-11-12 14:27:12.925
ProcessGuid: {71bacef4-65c0-6733-e426-000000001400}
ProcessId: 22780
Image: C:\Windows\System32\conhost.exe
User: NT AUTHORITY\SYSTEM"
Information,11/12/2024 6:27,Microsoft-Windows-Sysmon,5,Process terminated (rule: ProcessTerminate),"Process terminated:
RuleName: -
UtcTime: 2024-11-12 14:27:12.925
ProcessGuid: {71bacef4-65c0-6733-db26-000000001400}
ProcessId: 27236
Image: C:\Program Files (x86)\Google\GoogleUpdater\131.0.6776.2\updater.exe
User: NT AUTHORITY\SYSTEM"
Information,11/12/2024 6:27,Microsoft-Windows-Sysmon,5,Process terminated (rule: ProcessTerminate),"Process terminated:
RuleName: -
UtcTime: 2024-11-12 14:27:12.923
ProcessGuid: {71bacef4-65c0-6733-e326-000000001400}
ProcessId: 19264
Image: C:\Windows\System32\schtasks.exe
User: NT AUTHORITY\SYSTEM"
Information,11/12/2024 6:27,Microsoft-Windows-Sysmon,5,Process terminated (rule: ProcessTerminate),"Process terminated:
RuleName: -
UtcTime: 2024-11-12 14:27:12.893
ProcessGuid: {71bacef4-65c0-6733-e226-000000001400}
ProcessId: 1508
Image: C:\Windows\System32\conhost.exe
User: LAPTOP\sriva"
Information,11/12/2024 6:27,Microsoft-Windows-Sysmon,5,Process terminated (rule: ProcessTerminate),"Process terminated:
RuleName: -
UtcTime: 2024-11-12 14:27:12.893
ProcessGuid: {71bacef4-65c0-6733-e126-000000001400}
ProcessId: 21848
Image: C:\Windows\System32\DriverStore\FileRepository\asussci2.inf_amd64_a61e5ab0aed04d3c\ASUSSystemAnalysis\AsusSystemAnalysis.exe
User: LAPTOP\sriva"
Information,11/12/2024 6:27,Microsoft-Windows-Sysmon,1,Process Create (rule: ProcessCreate),"Process Create:
RuleName: -
UtcTime: 2024-11-12 14:27:12.870
ProcessGuid: {71bacef4-65c0-6733-e426-000000001400}
ProcessId: 22780
Image: C:\Windows\System32\conhost.exe
FileVersion: 10.0.22621.3672 (WinBuild.160101.0800)
Description: Console Window Host
Product: Microsoft® Windows® Operating System
Company: Microsoft Corporation
OriginalFileName: CONHOST.EXE
CommandLine: \??\C:\Windows\system32\conhost.exe 0xffffffff -ForceV1
CurrentDirectory: C:\Windows
User: NT AUTHORITY\SYSTEM
LogonGuid: {71bacef4-7319-6725-e703-000000000000}
LogonId: 0x3E7
TerminalSessionId: 0
IntegrityLevel: System
Hashes: SHA256=F801E65F937827635EB462CAF8CACBD473B9FC5CA428A9216A60C686F45802C1
ParentProcessGuid: {71bacef4-65c0-6733-e326-000000001400}
ParentProcessId: 19264
ParentImage: C:\Windows\System32\schtasks.exe
ParentCommandLine: schtasks.exe /change /tn ""Microsoft\Office\Office ClickToRun Service Monitor"" /enable
ParentUser: NT AUTHORITY\SYSTEM"
Information,11/12/2024 6:27,Microsoft-Windows-Sysmon,1,Process Create (rule: ProcessCreate),"Process Create:
RuleName: -
UtcTime: 2024-11-12 14:27:12.852
ProcessGuid: {71bacef4-65c0-6733-e326-000000001400}
ProcessId: 19264
Image: C:\Windows\System32\schtasks.exe
FileVersion: 10.0.22621.1 (WinBuild.160101.0800)
Description: Task Scheduler Configuration Tool
Product: Microsoft® Windows® Operating System
Company: Microsoft Corporation
OriginalFileName: schtasks.exe
CommandLine: schtasks.exe /change /tn ""Microsoft\Office\Office ClickToRun Service Monitor"" /enable
CurrentDirectory: C:\Program Files\Common Files\Microsoft Shared\ClickToRun\
User: NT AUTHORITY\SYSTEM
LogonGuid: {71bacef4-7319-6725-e703-000000000000}
LogonId: 0x3E7
TerminalSessionId: 0
IntegrityLevel: System
Hashes: SHA256=DDDE64F0F55751763C1BCD53DE9CDFFC0D725D45A8476464A2A0422661813004
ParentProcessGuid: {71bacef4-731a-6725-6900-000000001400}
ParentProcessId: 5300
ParentImage: C:\Program Files\Common Files\microsoft shared\ClickToRun\OfficeClickToRun.exe
ParentCommandLine: ""C:\Program Files\Common Files\Microsoft Shared\ClickToRun\OfficeClickToRun.exe"" /service
ParentUser: NT AUTHORITY\SYSTEM"
Information,11/12/2024 6:27,Microsoft-Windows-Sysmon,1,Process Create (rule: ProcessCreate),"Process Create:
RuleName: -
UtcTime: 2024-11-12 14:27:12.824
ProcessGuid: {71bacef4-65c0-6733-e226-000000001400}
ProcessId: 1508
Image: C:\Windows\System32\conhost.exe
FileVersion: 10.0.22621.3672 (WinBuild.160101.0800)
Description: Console Window Host
Product: Microsoft® Windows® Operating System
Company: Microsoft Corporation
OriginalFileName: CONHOST.EXE
CommandLine: \??\C:\Windows\system32\conhost.exe 0xffffffff -ForceV1
CurrentDirectory: C:\Windows
User: LAPTOP\sriva
LogonGuid: {71bacef4-c1b8-672f-0882-020600000000}
LogonId: 0x6028208
TerminalSessionId: 4
IntegrityLevel: Medium
Hashes: SHA256=F801E65F937827635EB462CAF8CACBD473B9FC5CA428A9216A60C686F45802C1
ParentProcessGuid: {71bacef4-65c0-6733-e126-000000001400}
ParentProcessId: 21848
ParentImage: C:\Windows\System32\DriverStore\FileRepository\asussci2.inf_amd64_a61e5ab0aed04d3c\ASUSSystemAnalysis\AsusSystemAnalysis.exe
ParentCommandLine:  -geoid
ParentUser: LAPTOP\sriva"
Information,11/12/2024 6:27,Microsoft-Windows-Sysmon,1,Process Create (rule: ProcessCreate),"Process Create:
RuleName: -
UtcTime: 2024-11-12 14:27:12.805
ProcessGuid: {71bacef4-65c0-6733-e126-000000001400}
ProcessId: 21848
Image: C:\Windows\System32\DriverStore\FileRepository\asussci2.inf_amd64_a61e5ab0aed04d3c\ASUSSystemAnalysis\AsusSystemAnalysis.exe
FileVersion: 2.1.41.0
Description: ASUS System Analysis
Product: ASUS System Analysis
Company: ASUSTeK COMPUTER INC.
OriginalFileName: AsusSystemAnalysis.exe
CommandLine:  -geoid
CurrentDirectory: C:\Windows\system32\
User: LAPTOP\sriva
LogonGuid: {71bacef4-c1b8-672f-0882-020600000000}
LogonId: 0x6028208
TerminalSessionId: 4
IntegrityLevel: Medium
Hashes: SHA256=0CB924C69BD72CA1F4E87CDC881939E0D9C56A6C534FFFFC60E59204596797E7
ParentProcessGuid: {71bacef4-65c0-6733-d026-000000001400}
ParentProcessId: 17928
ParentImage: C:\Windows\System32\DriverStore\FileRepository\asussci2.inf_amd64_a61e5ab0aed04d3c\ASUSSystemAnalysis\AsusSystemAnalysis.exe
ParentCommandLine: ""C:\Windows\System32\DriverStore\FileRepository\asussci2.inf_amd64_a61e5ab0aed04d3c\ASUSSystemAnalysis\AsusSystemAnalysis.exe"" -j0
ParentUser: NT AUTHORITY\SYSTEM"
Information,11/12/2024 6:27,Microsoft-Windows-Sysmon,1,Process Create (rule: ProcessCreate),"Process Create:
RuleName: -
UtcTime: 2024-11-12 14:27:12.693
ProcessGuid: {71bacef4-65c0-6733-e026-000000001400}
ProcessId: 11952
Image: C:\Windows\System32\wermgr.exe
FileVersion: 10.0.22621.4391 (WinBuild.160101.0800)
Description: Windows Problem Reporting
Product: Microsoft® Windows® Operating System
Company: Microsoft Corporation
OriginalFileName: WerMgr
CommandLine: ""C:\Windows\system32\wermgr.exe"" -upload
CurrentDirectory: C:\Windows\system32\
User: NT AUTHORITY\SYSTEM
LogonGuid: {71bacef4-7319-6725-e703-000000000000}
LogonId: 0x3E7
TerminalSessionId: 0
IntegrityLevel: System
Hashes: SHA256=26DD6025F404AD3E7AC2F818758A128D3BCC24104720006FF087BCA4C379EDF6
ParentProcessGuid: {71bacef4-7319-6725-3100-000000001400}
ParentProcessId: 2924
ParentImage: C:\Windows\System32\svchost.exe
ParentCommandLine: C:\Windows\system32\svchost.exe -k netsvcs -p -s Schedule
ParentUser: NT AUTHORITY\SYSTEM"
Information,11/12/2024 6:27,Microsoft-Windows-Sysmon,5,Process terminated (rule: ProcessTerminate),"Process terminated:
RuleName: -
UtcTime: 2024-11-12 14:27:12.684
ProcessGuid: {71bacef4-65bf-6733-c226-000000001400}
ProcessId: 2756
Image: C:\Windows\System32\wermgr.exe
User: NT AUTHORITY\SYSTEM"
Information,11/12/2024 6:27,Microsoft-Windows-Sysmon,1,Process Create (rule: ProcessCreate),"Process Create:
RuleName: -
UtcTime: 2024-11-12 14:27:12.575
ProcessGuid: {71bacef4-65c0-6733-df26-000000001400}
ProcessId: 24736
Image: C:\Windows\System32\svchost.exe
FileVersion: 10.0.22621.1 (WinBuild.160101.0800)
Description: Host Process for Windows Services
Product: Microsoft® Windows® Operating System
Company: Microsoft Corporation
OriginalFileName: svchost.exe
CommandLine: C:\Windows\system32\svchost.exe -k netsvcs -p -s wuauserv
CurrentDirectory: C:\Windows\system32\
User: NT AUTHORITY\SYSTEM
LogonGuid: {71bacef4-7319-6725-e703-000000000000}
LogonId: 0x3E7
TerminalSessionId: 0
IntegrityLevel: System
Hashes: SHA256=949BFB5B4C7D58D92F3F9C5F8EC7CA4CEAFFD10EC5F0020F0A987C472D61C54B
ParentProcessGuid: {71bacef4-7319-6725-0c00-000000001400}
ParentProcessId: 1340
ParentImage: C:\Windows\System32\services.exe
ParentCommandLine: C:\Windows\system32\services.exe
ParentUser: NT AUTHORITY\SYSTEM"
Information,11/12/2024 6:27,Microsoft-Windows-Sysmon,1,Process Create (rule: ProcessCreate),"Process Create:
RuleName: -
UtcTime: 2024-11-12 14:27:12.471
ProcessGuid: {71bacef4-65c0-6733-de26-000000001400}
ProcessId: 7568
Image: C:\Program Files (x86)\Google\GoogleUpdater\131.0.6776.2\updater.exe
FileVersion: 131.0.6776.2
Description: Google Updater
Product: Google Updater
Company: Google LLC
OriginalFileName: updater.exe
CommandLine: ""C:\Program Files (x86)\Google\GoogleUpdater\131.0.6776.2\updater.exe"" --crash-handler --system ""--database=C:\Program Files (x86)\Google\GoogleUpdater\131.0.6776.2\Crashpad"" --url=https://clients2.google.com/cr/report --annotation=prod=Update4 --annotation=ver=131.0.6776.2 ""--attachment=C:\Program Files (x86)\Google\GoogleUpdater\updater.log"" --initial-client-data=0x2cc,0x2d0,0x2d4,0x2a8,0x2d8,0x816290,0x81629c,0x8162a8
CurrentDirectory: C:\Windows\system32\
User: NT AUTHORITY\SYSTEM
LogonGuid: {71bacef4-7319-6725-e703-000000000000}
LogonId: 0x3E7
TerminalSessionId: 0
IntegrityLevel: System
Hashes: SHA256=5E06808C0B4094A82440D8AE06D8CA559E86B659D27157B9176336321CF10798
ParentProcessGuid: {71bacef4-65c0-6733-db26-000000001400}
ParentProcessId: 27236
ParentImage: C:\Program Files (x86)\Google\GoogleUpdater\131.0.6776.2\updater.exe
ParentCommandLine: ""C:\Program Files (x86)\Google\GoogleUpdater\131.0.6776.2\updater.exe"" --system --windows-service --service=update
ParentUser: NT AUTHORITY\SYSTEM"
Information,11/12/2024 6:27,Microsoft-Windows-Sysmon,1,Process Create (rule: ProcessCreate),"Process Create:
RuleName: -
UtcTime: 2024-11-12 14:27:12.462
ProcessGuid: {71bacef4-65c0-6733-dd26-000000001400}
ProcessId: 27528
Image: C:\Program Files (x86)\Google\GoogleUpdater\132.0.6806.0\updater.exe
FileVersion: 132.0.6806.0
Description: Google Updater
Product: Google Updater
Company: Google LLC
OriginalFileName: updater.exe
CommandLine: ""C:\Program Files (x86)\Google\GoogleUpdater\132.0.6806.0\updater.exe"" --crash-handler --system ""--database=C:\Program Files (x86)\Google\GoogleUpdater\132.0.6806.0\Crashpad"" --url=https://clients2.google.com/cr/report --annotation=prod=Update4 --annotation=ver=132.0.6806.0 ""--attachment=C:\Program Files (x86)\Google\GoogleUpdater\updater.log"" --initial-client-data=0x2c8,0x2cc,0x2d0,0x2a4,0x2d4,0xe64400,0xe6440c,0xe64418
CurrentDirectory: C:\Windows\system32\
User: NT AUTHORITY\SYSTEM
LogonGuid: {71bacef4-7319-6725-e703-000000000000}
LogonId: 0x3E7
TerminalSessionId: 0
IntegrityLevel: System
Hashes: SHA256=AF4B596E960D17A2A06ECF7EEE0EE41CCEAB35DDA82D505D8B1C8B8D5AEAB4F2
ParentProcessGuid: {71bacef4-65c0-6733-da26-000000001400}
ParentProcessId: 16464
ParentImage: C:\Program Files (x86)\Google\GoogleUpdater\132.0.6806.0\updater.exe
ParentCommandLine: ""C:\Program Files (x86)\Google\GoogleUpdater\132.0.6806.0\updater.exe"" --system --windows-service --service=update-internal
ParentUser: NT AUTHORITY\SYSTEM"
Information,11/12/2024 6:27,Microsoft-Windows-Sysmon,1,Process Create (rule: ProcessCreate),"Process Create:
RuleName: -
UtcTime: 2024-11-12 14:27:12.462
ProcessGuid: {71bacef4-65c0-6733-dc26-000000001400}
ProcessId: 19128
Image: C:\Windows\System32\wbem\WmiPrvSE.exe
FileVersion: 10.0.22621.1 (WinBuild.160101.0800)
Description: WMI Provider Host
Product: Microsoft® Windows® Operating System
Company: Microsoft Corporation
OriginalFileName: Wmiprvse.exe
CommandLine: C:\Windows\system32\wbem\wmiprvse.exe -secured -Embedding
CurrentDirectory: C:\Windows\system32\
User: NT AUTHORITY\NETWORK SERVICE
LogonGuid: {71bacef4-7319-6725-e403-000000000000}
LogonId: 0x3E4
TerminalSessionId: 0
IntegrityLevel: System
Hashes: SHA256=196CABED59111B6C4BBF78C84A56846D96CBBC4F06935A4FD4E6432EF0AE4083
ParentProcessGuid: {71bacef4-7319-6725-0f00-000000001400}
ParentProcessId: 1524
ParentImage: C:\Windows\System32\svchost.exe
ParentCommandLine: C:\Windows\system32\svchost.exe -k DcomLaunch -p
ParentUser: NT AUTHORITY\SYSTEM"
Information,11/12/2024 6:27,Microsoft-Windows-Sysmon,1,Process Create (rule: ProcessCreate),"Process Create:
RuleName: -
UtcTime: 2024-11-12 14:27:12.424
ProcessGuid: {71bacef4-65c0-6733-db26-000000001400}
ProcessId: 27236
Image: C:\Program Files (x86)\Google\GoogleUpdater\131.0.6776.2\updater.exe
FileVersion: 131.0.6776.2
Description: Google Updater
Product: Google Updater
Company: Google LLC
OriginalFileName: updater.exe
CommandLine: ""C:\Program Files (x86)\Google\GoogleUpdater\131.0.6776.2\updater.exe"" --system --windows-service --service=update
CurrentDirectory: C:\Windows\system32\
User: NT AUTHORITY\SYSTEM
LogonGuid: {71bacef4-7319-6725-e703-000000000000}
LogonId: 0x3E7
TerminalSessionId: 0
IntegrityLevel: System
Hashes: SHA256=5E06808C0B4094A82440D8AE06D8CA559E86B659D27157B9176336321CF10798
ParentProcessGuid: {71bacef4-7319-6725-0c00-000000001400}
ParentProcessId: 1340
ParentImage: C:\Windows\System32\services.exe
ParentCommandLine: C:\Windows\system32\services.exe
ParentUser: NT AUTHORITY\SYSTEM"
Information,11/12/2024 6:27,Microsoft-Windows-Sysmon,1,Process Create (rule: ProcessCreate),"Process Create:
RuleName: -
UtcTime: 2024-11-12 14:27:12.400
ProcessGuid: {71bacef4-65c0-6733-da26-000000001400}
ProcessId: 16464
Image: C:\Program Files (x86)\Google\GoogleUpdater\132.0.6806.0\updater.exe
FileVersion: 132.0.6806.0
Description: Google Updater
Product: Google Updater
Company: Google LLC
OriginalFileName: updater.exe
CommandLine: ""C:\Program Files (x86)\Google\GoogleUpdater\132.0.6806.0\updater.exe"" --system --windows-service --service=update-internal
CurrentDirectory: C:\Windows\system32\
User: NT AUTHORITY\SYSTEM
LogonGuid: {71bacef4-7319-6725-e703-000000000000}
LogonId: 0x3E7
TerminalSessionId: 0
IntegrityLevel: System
Hashes: SHA256=AF4B596E960D17A2A06ECF7EEE0EE41CCEAB35DDA82D505D8B1C8B8D5AEAB4F2
ParentProcessGuid: {71bacef4-7319-6725-0c00-000000001400}
ParentProcessId: 1340
ParentImage: C:\Windows\System32\services.exe
ParentCommandLine: C:\Windows\system32\services.exe
ParentUser: NT AUTHORITY\SYSTEM"
Information,11/12/2024 6:27,Microsoft-Windows-Sysmon,1,Process Create (rule: ProcessCreate),"Process Create:
RuleName: -
UtcTime: 2024-11-12 14:27:12.324
ProcessGuid: {71bacef4-65c0-6733-d926-000000001400}
ProcessId: 18792
Image: C:\Windows\System32\sppsvc.exe
FileVersion: 10.0.22621.4391 (WinBuild.160101.0800)
Description: Microsoft Software Protection Platform Service
Product: Microsoft® Windows® Operating System
Company: Microsoft Corporation
OriginalFileName: sppsvc.exe
CommandLine: C:\Windows\system32\sppsvc.exe
CurrentDirectory: C:\Windows
User: NT AUTHORITY\NETWORK SERVICE
LogonGuid: {71bacef4-7319-6725-e403-000000000000}
LogonId: 0x3E4
TerminalSessionId: 0
IntegrityLevel: System
Hashes: SHA256=39AB2D46025D633ACF96380767F1ACF66A415B461183D68C032707E31E6E32CF
ParentProcessGuid: {71bacef4-7319-6725-0c00-000000001400}
ParentProcessId: 1340
ParentImage: C:\Windows\System32\services.exe
ParentCommandLine: C:\Windows\system32\services.exe
ParentUser: NT AUTHORITY\SYSTEM"
Information,11/12/2024 6:27,Microsoft-Windows-Sysmon,5,Process terminated (rule: ProcessTerminate),"Process terminated:
RuleName: -
UtcTime: 2024-11-12 14:27:12.281
ProcessGuid: {71bacef4-65c0-6733-d126-000000001400}
ProcessId: 24024
Image: C:\Windows\System32\conhost.exe
User: NT AUTHORITY\SYSTEM"
Information,11/12/2024 6:27,Microsoft-Windows-Sysmon,1,Process Create (rule: ProcessCreate),"Process Create:
RuleName: -
UtcTime: 2024-11-12 14:27:12.276
ProcessGuid: {71bacef4-65c0-6733-d826-000000001400}
ProcessId: 15432
Image: C:\Program Files (x86)\Google\GoogleUpdater\131.0.6776.2\updater.exe
FileVersion: 131.0.6776.2
Description: Google Updater
Product: Google Updater
Company: Google LLC
OriginalFileName: updater.exe
CommandLine: ""C:\Program Files (x86)\Google\GoogleUpdater\131.0.6776.2\updater.exe"" --crash-handler --system ""--database=C:\Program Files (x86)\Google\GoogleUpdater\131.0.6776.2\Crashpad"" --url=https://clients2.google.com/cr/report --annotation=prod=Update4 --annotation=ver=131.0.6776.2 ""--attachment=C:\Program Files (x86)\Google\GoogleUpdater\updater.log"" --initial-client-data=0x2dc,0x2e0,0x2e4,0x23c,0x2e8,0x816290,0x81629c,0x8162a8
CurrentDirectory: C:\Windows\system32\
User: NT AUTHORITY\SYSTEM
LogonGuid: {71bacef4-7319-6725-e703-000000000000}
LogonId: 0x3E7
TerminalSessionId: 0
IntegrityLevel: System
Hashes: SHA256=5E06808C0B4094A82440D8AE06D8CA559E86B659D27157B9176336321CF10798
ParentProcessGuid: {71bacef4-65c0-6733-d626-000000001400}
ParentProcessId: 10480
ParentImage: C:\Program Files (x86)\Google\GoogleUpdater\131.0.6776.2\updater.exe
ParentCommandLine: ""C:\Program Files (x86)\Google\GoogleUpdater\131.0.6776.2\updater.exe"" --system --windows-service --service=update-internal
ParentUser: NT AUTHORITY\SYSTEM"
Information,11/12/2024 6:27,Microsoft-Windows-Sysmon,5,Process terminated (rule: ProcessTerminate),"Process terminated:
RuleName: -
UtcTime: 2024-11-12 14:27:12.274
ProcessGuid: {71bacef4-65c0-6733-cc26-000000001400}
ProcessId: 6988
Image: C:\Windows\System32\sc.exe
User: NT AUTHORITY\SYSTEM"
Information,11/12/2024 6:27,Microsoft-Windows-Sysmon,5,Process terminated (rule: ProcessTerminate),"Process terminated:
RuleName: -
UtcTime: 2024-11-12 14:27:12.233
ProcessGuid: {71bacef4-65bf-6733-c526-000000001400}
ProcessId: 25412
Image: C:\Windows\System32\backgroundTaskHost.exe
User: LAPTOP\sriva"
Information,11/12/2024 6:27,Microsoft-Windows-Sysmon,1,Process Create (rule: ProcessCreate),"Process Create:
RuleName: -
UtcTime: 2024-11-12 14:27:12.236
ProcessGuid: {71bacef4-65c0-6733-d726-000000001400}
ProcessId: 20344
Image: C:\Windows\System32\svchost.exe
FileVersion: 10.0.22621.1 (WinBuild.160101.0800)
Description: Host Process for Windows Services
Product: Microsoft® Windows® Operating System
Company: Microsoft Corporation
OriginalFileName: svchost.exe
CommandLine: C:\Windows\System32\svchost.exe -k netsvcs -p -s PushToInstall
CurrentDirectory: C:\Windows\system32\
User: NT AUTHORITY\SYSTEM
LogonGuid: {71bacef4-7319-6725-e703-000000000000}
LogonId: 0x3E7
TerminalSessionId: 0
IntegrityLevel: System
Hashes: SHA256=949BFB5B4C7D58D92F3F9C5F8EC7CA4CEAFFD10EC5F0020F0A987C472D61C54B
ParentProcessGuid: {71bacef4-7319-6725-0c00-000000001400}
ParentProcessId: 1340
ParentImage: C:\Windows\System32\services.exe
ParentCommandLine: C:\Windows\system32\services.exe
ParentUser: NT AUTHORITY\SYSTEM"
Information,11/12/2024 6:27,Microsoft-Windows-Sysmon,1,Process Create (rule: ProcessCreate),"Process Create:
RuleName: -
UtcTime: 2024-11-12 14:27:12.218
ProcessGuid: {71bacef4-65c0-6733-d626-000000001400}
ProcessId: 10480
Image: C:\Program Files (x86)\Google\GoogleUpdater\131.0.6776.2\updater.exe
FileVersion: 131.0.6776.2
Description: Google Updater
Product: Google Updater
Company: Google LLC
OriginalFileName: updater.exe
CommandLine: ""C:\Program Files (x86)\Google\GoogleUpdater\131.0.6776.2\updater.exe"" --system --windows-service --service=update-internal
CurrentDirectory: C:\Windows\system32\
User: NT AUTHORITY\SYSTEM
LogonGuid: {71bacef4-7319-6725-e703-000000000000}
LogonId: 0x3E7
TerminalSessionId: 0
IntegrityLevel: System
Hashes: SHA256=5E06808C0B4094A82440D8AE06D8CA559E86B659D27157B9176336321CF10798
ParentProcessGuid: {71bacef4-7319-6725-0c00-000000001400}
ParentProcessId: 1340
ParentImage: C:\Windows\System32\services.exe
ParentCommandLine: C:\Windows\system32\services.exe
ParentUser: NT AUTHORITY\SYSTEM"
Information,11/12/2024 6:27,Microsoft-Windows-Sysmon,1,Process Create (rule: ProcessCreate),"Process Create:
RuleName: -
UtcTime: 2024-11-12 14:27:12.209
ProcessGuid: {71bacef4-65c0-6733-d526-000000001400}
ProcessId: 12692
Image: C:\Program Files (x86)\Google\GoogleUpdater\132.0.6806.0\updater.exe
FileVersion: 132.0.6806.0
Description: Google Updater
Product: Google Updater
Company: Google LLC
OriginalFileName: updater.exe
CommandLine: ""C:\Program Files (x86)\Google\GoogleUpdater\132.0.6806.0\updater.exe"" --crash-handler --system ""--database=C:\Program Files (x86)\Google\GoogleUpdater\132.0.6806.0\Crashpad"" --url=https://clients2.google.com/cr/report --annotation=prod=Update4 --annotation=ver=132.0.6806.0 ""--attachment=C:\Program Files (x86)\Google\GoogleUpdater\updater.log"" --initial-client-data=0x2c4,0x2c8,0x2cc,0x27c,0x2d0,0xe64400,0xe6440c,0xe64418
CurrentDirectory: C:\Windows\system32\
User: NT AUTHORITY\SYSTEM
LogonGuid: {71bacef4-7319-6725-e703-000000000000}
LogonId: 0x3E7
TerminalSessionId: 0
IntegrityLevel: System
Hashes: SHA256=AF4B596E960D17A2A06ECF7EEE0EE41CCEAB35DDA82D505D8B1C8B8D5AEAB4F2
ParentProcessGuid: {71bacef4-65c0-6733-d226-000000001400}
ParentProcessId: 20692
ParentImage: C:\Program Files (x86)\Google\GoogleUpdater\132.0.6806.0\updater.exe
ParentCommandLine: ""C:\Program Files (x86)\Google\GoogleUpdater\132.0.6806.0\updater.exe"" --wake --system
ParentUser: NT AUTHORITY\SYSTEM"
Information,11/12/2024 6:27,Microsoft-Windows-Sysmon,5,Process terminated (rule: ProcessTerminate),"Process terminated:
RuleName: -
UtcTime: 2024-11-12 14:27:12.139
ProcessGuid: {71bacef4-65bf-6733-c626-000000001400}
ProcessId: 11328
Image: C:\Windows\System32\conhost.exe
User: NT AUTHORITY\SYSTEM"
Information,11/12/2024 6:27,Microsoft-Windows-Sysmon,5,Process terminated (rule: ProcessTerminate),"Process terminated:
RuleName: -
UtcTime: 2024-11-12 14:27:12.124
ProcessGuid: {71bacef4-65bf-6733-c426-000000001400}
ProcessId: 25280
Image: C:\Windows\System32\sc.exe
User: NT AUTHORITY\SYSTEM"
Information,11/12/2024 6:27,Microsoft-Windows-Sysmon,5,Process terminated (rule: ProcessTerminate),"Process terminated:
RuleName: -
UtcTime: 2024-11-12 14:27:12.119
ProcessGuid: {71bacef4-65c0-6733-cd26-000000001400}
ProcessId: 13776
Image: C:\Program Files\McAfee\WPS\1.23.177.1\mc-update.exe
User: NT AUTHORITY\SYSTEM"
